{"ts": "2026-06-14T21:32:10.773797+05:30", "level": "INFO", "component": "codebase.vectordb.chromastore", "message": "[ChromaStore] Initialised \u2014 path='/workspaces/intelligentstockanalyzer/chroma_db'"}
{"ts": "2026-06-14T21:32:10.773939+05:30", "level": "INFO", "component": "codebase.vectordb.chromastore", "message": "[ChromaStore] store_in_chromadb \u2014 collection='kalyan_annual', path='/workspaces/intelligentstockanalyzer/chroma_db'"}
{"ts": "2026-06-14T21:32:10.777042+05:30", "level": "INFO", "component": "codebase.vectordb.chromastore", "message": "[ChromaStore] Loaded 681 legacy records"}
{"ts": "2026-06-14T21:32:10.778187+05:30", "level": "INFO", "component": "codebase.vectordb.chromastore", "message": "[ChromaStore] Creating PersistentClient at '/workspaces/intelligentstockanalyzer/chroma_db'"}
{"ts": "2026-06-14T21:32:11.743191+05:30", "level": "INFO", "component": "codebase.vectordb.chromastore", "message": "[ChromaStore] Client ready"}
{"ts": "2026-06-14T21:32:26.109420+05:30", "level": "INFO", "component": "codebase.vectordb.chromastore", "message": "[ChromaStore] Upserted batch 0\u2013100"}
{"ts": "2026-06-14T21:32:34.708925+05:30", "level": "INFO", "component": "codebase.vectordb.chromastore", "message": "[ChromaStore] Upserted batch 100\u2013200"}
{"ts": "2026-06-14T21:32:42.902128+05:30", "level": "INFO", "component": "codebase.vectordb.chromastore", "message": "[ChromaStore] Upserted batch 200\u2013300"}
{"ts": "2026-06-14T21:32:50.832376+05:30", "level": "INFO", "component": "codebase.vectordb.chromastore", "message": "[ChromaStore] Upserted batch 300\u2013400"}
{"ts": "2026-06-14T21:32:58.519741+05:30", "level": "INFO", "component": "codebase.vectordb.chromastore", "message": "[ChromaStore] Upserted batch 400\u2013500"}
{"ts": "2026-06-14T21:33:05.621147+05:30", "level": "INFO", "component": "codebase.vectordb.chromastore", "message": "[ChromaStore] Upserted batch 500\u2013600"}
{"ts": "2026-06-14T21:33:11.889510+05:30", "level": "INFO", "component": "codebase.vectordb.chromastore", "message": "[ChromaStore] Upserted batch 600\u2013681"}
{"ts": "2026-06-14T21:33:11.889679+05:30", "level": "INFO", "component": "codebase.vectordb.chromastore", "message": "[ChromaStore] Upsert complete \u2014 681 chunks into 'kalyan_annual'"}
{"ts": "2026-06-14T21:33:11.889919+05:30", "level": "INFO", "component": "codebase.vectordb.chromastore", "message": "[ChromaStore] Stored 681 records into 'kalyan_annual'"}
{"ts": "2026-06-14T21:33:11.891774+05:30", "level": "INFO", "component": "codebase.vectordb.chromastore", "message": "[ChromaStore] store_in_chromadb \u2014 collection='kalyan_annual', path='/workspaces/intelligentstockanalyzer/chroma_db'"}
{"ts": "2026-06-14T21:33:11.957849+05:30", "level": "INFO", "component": "codebase.vectordb.chromastore", "message": "[ChromaStore] Loaded parent/child bundle \u2014 parents=126, children=753"}
{"ts": "2026-06-14T21:33:20.455149+05:30", "level": "INFO", "component": "codebase.vectordb.chromastore", "message": "[ChromaStore] Upserted batch 0\u2013100"}
{"ts": "2026-06-14T21:33:22.663773+05:30", "level": "INFO", "component": "codebase.vectordb.chromastore", "message": "[ChromaStore] Upserted batch 100\u2013126"}
{"ts": "2026-06-14T21:33:22.663945+05:30", "level": "INFO", "component": "codebase.vectordb.chromastore", "message": "[ChromaStore] Upsert complete \u2014 126 chunks into 'parent_sections'"}
{"ts": "2026-06-14T21:33:30.240933+05:30", "level": "INFO", "component": "codebase.vectordb.chromastore", "message": "[ChromaStore] Upserted batch 0\u2013100"}
{"ts": "2026-06-14T21:33:37.227269+05:30", "level": "INFO", "component": "codebase.vectordb.chromastore", "message": "[ChromaStore] Upserted batch 100\u2013200"}
{"ts": "2026-06-14T21:33:44.145154+05:30", "level": "INFO", "component": "codebase.vectordb.chromastore", "message": "[ChromaStore] Upserted batch 200\u2013300"}
{"ts": "2026-06-14T21:33:50.302873+05:30", "level": "INFO", "component": "codebase.vectordb.chromastore", "message": "[ChromaStore] Upserted batch 300\u2013400"}
{"ts": "2026-06-14T21:33:56.448821+05:30", "level": "INFO", "component": "codebase.vectordb.chromastore", "message": "[ChromaStore] Upserted batch 400\u2013500"}
{"ts": "2026-06-14T21:34:02.948527+05:30", "level": "INFO", "component": "codebase.vectordb.chromastore", "message": "[ChromaStore] Upserted batch 500\u2013600"}
{"ts": "2026-06-14T21:34:10.339506+05:30", "level": "INFO", "component": "codebase.vectordb.chromastore", "message": "[ChromaStore] Upserted batch 600\u2013700"}
{"ts": "2026-06-14T21:34:14.441588+05:30", "level": "INFO", "component": "codebase.vectordb.chromastore", "message": "[ChromaStore] Upserted batch 700\u2013753"}
{"ts": "2026-06-14T21:34:14.441812+05:30", "level": "INFO", "component": "codebase.vectordb.chromastore", "message": "[ChromaStore] Upsert complete \u2014 753 chunks into 'child_chunks'"}
{"ts": "2026-06-14T21:34:14.442200+05:30", "level": "INFO", "component": "codebase.vectordb.chromastore", "message": "[ChromaStore] Stored bundle into 'parent_sections' and 'child_chunks'"}
{"ts": "2026-06-14T21:34:14.445607+05:30", "level": "INFO", "component": "codebase.vectordb.chromastore", "message": "[ChromaStore] store_in_chromadb \u2014 collection='kalyan_annual', path='/workspaces/intelligentstockanalyzer/chroma_db'"}
{"ts": "2026-06-14T21:34:14.555712+05:30", "level": "INFO", "component": "codebase.vectordb.chromastore", "message": "[ChromaStore] Loaded parent/child bundle \u2014 parents=111, children=771"}
{"ts": "2026-06-14T21:34:23.372073+05:30", "level": "INFO", "component": "codebase.vectordb.chromastore", "message": "[ChromaStore] Upserted batch 0\u2013100"}
{"ts": "2026-06-14T21:34:24.282235+05:30", "level": "INFO", "component": "codebase.vectordb.chromastore", "message": "[ChromaStore] Upserted batch 100\u2013111"}
{"ts": "2026-06-14T21:34:24.282440+05:30", "level": "INFO", "component": "codebase.vectordb.chromastore", "message": "[ChromaStore] Upsert complete \u2014 111 chunks into 'parent_sections'"}
{"ts": "2026-06-14T21:34:31.478651+05:30", "level": "INFO", "component": "codebase.vectordb.chromastore", "message": "[ChromaStore] Upserted batch 0\u2013100"}
{"ts": "2026-06-14T21:34:38.596890+05:30", "level": "INFO", "component": "codebase.vectordb.chromastore", "message": "[ChromaStore] Upserted batch 100\u2013200"}
{"ts": "2026-06-14T21:34:46.548968+05:30", "level": "INFO", "component": "codebase.vectordb.chromastore", "message": "[ChromaStore] Upserted batch 200\u2013300"}
{"ts": "2026-06-14T21:34:53.483183+05:30", "level": "INFO", "component": "codebase.vectordb.chromastore", "message": "[ChromaStore] Upserted batch 300\u2013400"}
{"ts": "2026-06-14T21:35:00.474710+05:30", "level": "INFO", "component": "codebase.vectordb.chromastore", "message": "[ChromaStore] Upserted batch 400\u2013500"}
{"ts": "2026-06-14T21:35:08.064938+05:30", "level": "INFO", "component": "codebase.vectordb.chromastore", "message": "[ChromaStore] Upserted batch 500\u2013600"}
{"ts": "2026-06-14T21:35:15.526038+05:30", "level": "INFO", "component": "codebase.vectordb.chromastore", "message": "[ChromaStore] Upserted batch 600\u2013700"}
{"ts": "2026-06-14T21:35:20.510938+05:30", "level": "INFO", "component": "codebase.vectordb.chromastore", "message": "[ChromaStore] Upserted batch 700\u2013771"}
{"ts": "2026-06-14T21:35:20.511223+05:30", "level": "INFO", "component": "codebase.vectordb.chromastore", "message": "[ChromaStore] Upsert complete \u2014 771 chunks into 'child_chunks'"}
{"ts": "2026-06-14T21:35:20.511662+05:30", "level": "INFO", "component": "codebase.vectordb.chromastore", "message": "[ChromaStore] Stored bundle into 'parent_sections' and 'child_chunks'"}
{"ts": "2026-06-14T21:35:20.677094+05:30", "level": "INFO", "component": "codebase.vectordb.chromastore", "message": "[ChromaStore] === ChromaDB Status ===\n  child_chunks: 1100 chunks"}
{"ts": "2026-06-14T21:35:20.679211+05:30", "level": "INFO", "component": "codebase.vectordb.chromastore", "message": "[ChromaStore] === ChromaDB Status ===\n  parent_sections: 131 chunks"}
