{"ts": "2026-06-13T14:25:06.203203+05:30", "level": "INFO", "component": "codebase.cleaning.embeddingprepared", "message": "[EmbeddingPrepared] Initialised \u2014 max_words=180, overlap=30"}
{"ts": "2026-06-13T14:29:35.907146+05:30", "level": "INFO", "component": "codebase.cleaning.embeddingprepared", "message": "[EmbeddingPrepared] Initialised \u2014 max_words=180, overlap=30"}
{"ts": "2026-06-13T14:29:36.089458+05:30", "level": "INFO", "component": "codebase.cleaning.embeddingprepared", "message": "[EmbeddingPrepared] prepare_for_embedding: /workspaces/intelligentstockanalyzer/uploads/KALYANKJIL/ANNUAL_2025/1-50_CLEANED.json"}
{"ts": "2026-06-13T14:29:36.090704+05:30", "level": "INFO", "component": "codebase.cleaning.embeddingprepared", "message": "[EmbeddingPrepared] Loaded 44 pages"}
{"ts": "2026-06-13T14:29:36.090887+05:30", "level": "DEBUG", "component": "codebase.cleaning.embeddingprepared", "message": "[EmbeddingPrepared] split_text_into_chunks \u2192 3 chunks"}
{"ts": "2026-06-13T14:29:36.091078+05:30", "level": "DEBUG", "component": "codebase.cleaning.embeddingprepared", "message": "[EmbeddingPrepared] split_text_into_chunks \u2192 3 chunks"}
{"ts": "2026-06-13T14:29:36.091190+05:30", "level": "DEBUG", "component": "codebase.cleaning.embeddingprepared", "message": "[EmbeddingPrepared] split_text_into_chunks \u2192 1 chunks"}
{"ts": "2026-06-13T14:29:36.091374+05:30", "level": "DEBUG", "component": "codebase.cleaning.embeddingprepared", "message": "[EmbeddingPrepared] split_text_into_chunks \u2192 3 chunks"}
{"ts": "2026-06-13T14:29:36.091525+05:30", "level": "DEBUG", "component": "codebase.cleaning.embeddingprepared", "message": "[EmbeddingPrepared] split_text_into_chunks \u2192 2 chunks"}
{"ts": "2026-06-13T14:29:36.091699+05:30", "level": "DEBUG", "component": "codebase.cleaning.embeddingprepared", "message": "[EmbeddingPrepared] split_text_into_chunks \u2192 2 chunks"}
{"ts": "2026-06-13T14:29:36.091890+05:30", "level": "DEBUG", "component": "codebase.cleaning.embeddingprepared", "message": "[EmbeddingPrepared] split_text_into_chunks \u2192 3 chunks"}
{"ts": "2026-06-13T14:29:36.092014+05:30", "level": "DEBUG", "component": "codebase.cleaning.embeddingprepared", "message": "[EmbeddingPrepared] split_text_into_chunks \u2192 1 chunks"}
{"ts": "2026-06-13T14:29:36.092158+05:30", "level": "DEBUG", "component": "codebase.cleaning.embeddingprepared", "message": "[EmbeddingPrepared] split_text_into_chunks \u2192 1 chunks"}
{"ts": "2026-06-13T14:29:36.092344+05:30", "level": "DEBUG", "component": "codebase.cleaning.embeddingprepared", "message": "[EmbeddingPrepared] split_text_into_chunks \u2192 4 chunks"}
{"ts": "2026-06-13T14:29:36.092487+05:30", "level": "DEBUG", "component": "codebase.cleaning.embeddingprepared", "message": "[EmbeddingPrepared] split_text_into_chunks \u2192 1 chunks"}
{"ts": "2026-06-13T14:29:36.092624+05:30", "level": "DEBUG", "component": "codebase.cleaning.embeddingprepared", "message": "[EmbeddingPrepared] split_text_into_chunks \u2192 1 chunks"}
{"ts": "2026-06-13T14:29:36.092852+05:30", "level": "DEBUG", "component": "codebase.cleaning.embeddingprepared", "message": "[EmbeddingPrepared] split_text_into_chunks \u2192 7 chunks"}
{"ts": "2026-06-13T14:29:36.093022+05:30", "level": "DEBUG", "component": "codebase.cleaning.embeddingprepared", "message": "[EmbeddingPrepared] split_text_into_chunks \u2192 3 chunks"}
{"ts": "2026-06-13T14:29:36.093211+05:30", "level": "DEBUG", "component": "codebase.cleaning.embeddingprepared", "message": "[EmbeddingPrepared] split_text_into_chunks \u2192 4 chunks"}
{"ts": "2026-06-13T14:29:36.093364+05:30", "level": "DEBUG", "component": "codebase.cleaning.embeddingprepared", "message": "[EmbeddingPrepared] split_text_into_chunks \u2192 2 chunks"}
{"ts": "2026-06-13T14:29:36.093520+05:30", "level": "DEBUG", "component": "codebase.cleaning.embeddingprepared", "message": "[EmbeddingPrepared] split_text_into_chunks \u2192 2 chunks"}
{"ts": "2026-06-13T14:29:36.093676+05:30", "level": "DEBUG", "component": "codebase.cleaning.embeddingprepared", "message": "[EmbeddingPrepared] split_text_into_chunks \u2192 1 chunks"}
{"ts": "2026-06-13T14:29:36.093861+05:30", "level": "DEBUG", "component": "codebase.cleaning.embeddingprepared", "message": "[EmbeddingPrepared] split_text_into_chunks \u2192 3 chunks"}
{"ts": "2026-06-13T14:29:36.094058+05:30", "level": "DEBUG", "component": "codebase.cleaning.embeddingprepared", "message": "[EmbeddingPrepared] split_text_into_chunks \u2192 6 chunks"}
{"ts": "2026-06-13T14:29:36.094210+05:30", "level": "DEBUG", "component": "codebase.cleaning.embeddingprepared", "message": "[EmbeddingPrepared] split_text_into_chunks \u2192 2 chunks"}
{"ts": "2026-06-13T14:29:36.094346+05:30", "level": "DEBUG", "component": "codebase.cleaning.embeddingprepared", "message": "[EmbeddingPrepared] split_text_into_chunks \u2192 2 chunks"}
{"ts": "2026-06-13T14:29:36.094516+05:30", "level": "DEBUG", "component": "codebase.cleaning.embeddingprepared", "message": "[EmbeddingPrepared] split_text_into_chunks \u2192 2 chunks"}
{"ts": "2026-06-13T14:29:36.094670+05:30", "level": "DEBUG", "component": "codebase.cleaning.embeddingprepared", "message": "[EmbeddingPrepared] split_text_into_chunks \u2192 1 chunks"}
{"ts": "2026-06-13T14:29:36.094931+05:30", "level": "DEBUG", "component": "codebase.cleaning.embeddingprepared", "message": "[EmbeddingPrepared] split_text_into_chunks \u2192 11 chunks"}
{"ts": "2026-06-13T14:29:36.095173+05:30", "level": "DEBUG", "component": "codebase.cleaning.embeddingprepared", "message": "[EmbeddingPrepared] split_text_into_chunks \u2192 9 chunks"}
{"ts": "2026-06-13T14:29:36.095423+05:30", "level": "DEBUG", "component": "codebase.cleaning.embeddingprepared", "message": "[EmbeddingPrepared] split_text_into_chunks \u2192 9 chunks"}
{"ts": "2026-06-13T14:29:36.095695+05:30", "level": "DEBUG", "component": "codebase.cleaning.embeddingprepared", "message": "[EmbeddingPrepared] split_text_into_chunks \u2192 11 chunks"}
{"ts": "2026-06-13T14:29:36.095962+05:30", "level": "DEBUG", "component": "codebase.cleaning.embeddingprepared", "message": "[EmbeddingPrepared] split_text_into_chunks \u2192 10 chunks"}
{"ts": "2026-06-13T14:29:36.096192+05:30", "level": "DEBUG", "component": "codebase.cleaning.embeddingprepared", "message": "[EmbeddingPrepared] split_text_into_chunks \u2192 8 chunks"}
{"ts": "2026-06-13T14:29:36.096438+05:30", "level": "DEBUG", "component": "codebase.cleaning.embeddingprepared", "message": "[EmbeddingPrepared] split_text_into_chunks \u2192 9 chunks"}
{"ts": "2026-06-13T14:29:36.096630+05:30", "level": "DEBUG", "component": "codebase.cleaning.embeddingprepared", "message": "[EmbeddingPrepared] split_text_into_chunks \u2192 3 chunks"}
{"ts": "2026-06-13T14:29:36.096897+05:30", "level": "DEBUG", "component": "codebase.cleaning.embeddingprepared", "message": "[EmbeddingPrepared] split_text_into_chunks \u2192 14 chunks"}
{"ts": "2026-06-13T14:29:36.097086+05:30", "level": "DEBUG", "component": "codebase.cleaning.embeddingprepared", "message": "[EmbeddingPrepared] split_text_into_chunks \u2192 5 chunks"}
{"ts": "2026-06-13T14:29:36.097297+05:30", "level": "DEBUG", "component": "codebase.cleaning.embeddingprepared", "message": "[EmbeddingPrepared] split_text_into_chunks \u2192 7 chunks"}
{"ts": "2026-06-13T14:29:36.097464+05:30", "level": "DEBUG", "component": "codebase.cleaning.embeddingprepared", "message": "[EmbeddingPrepared] split_text_into_chunks \u2192 3 chunks"}
{"ts": "2026-06-13T14:29:36.097694+05:30", "level": "DEBUG", "component": "codebase.cleaning.embeddingprepared", "message": "[EmbeddingPrepared] split_text_into_chunks \u2192 8 chunks"}
{"ts": "2026-06-13T14:29:36.097888+05:30", "level": "DEBUG", "component": "codebase.cleaning.embeddingprepared", "message": "[EmbeddingPrepared] split_text_into_chunks \u2192 6 chunks"}
{"ts": "2026-06-13T14:29:36.098077+05:30", "level": "DEBUG", "component": "codebase.cleaning.embeddingprepared", "message": "[EmbeddingPrepared] split_text_into_chunks \u2192 5 chunks"}
{"ts": "2026-06-13T14:29:36.098244+05:30", "level": "DEBUG", "component": "codebase.cleaning.embeddingprepared", "message": "[EmbeddingPrepared] split_text_into_chunks \u2192 3 chunks"}
{"ts": "2026-06-13T14:29:36.098422+05:30", "level": "DEBUG", "component": "codebase.cleaning.embeddingprepared", "message": "[EmbeddingPrepared] split_text_into_chunks \u2192 4 chunks"}
{"ts": "2026-06-13T14:29:36.098674+05:30", "level": "DEBUG", "component": "codebase.cleaning.embeddingprepared", "message": "[EmbeddingPrepared] split_text_into_chunks \u2192 10 chunks"}
{"ts": "2026-06-13T14:29:36.098888+05:30", "level": "DEBUG", "component": "codebase.cleaning.embeddingprepared", "message": "[EmbeddingPrepared] split_text_into_chunks \u2192 7 chunks"}
{"ts": "2026-06-13T14:29:36.099034+05:30", "level": "DEBUG", "component": "codebase.cleaning.embeddingprepared", "message": "[EmbeddingPrepared] split_text_into_chunks \u2192 2 chunks"}
{"ts": "2026-06-13T14:29:36.099122+05:30", "level": "INFO", "component": "codebase.cleaning.embeddingprepared", "message": "[EmbeddingPrepared] 204 chunks generated from 44 pages"}
{"ts": "2026-06-13T14:29:36.105107+05:30", "level": "INFO", "component": "codebase.cleaning.embeddingprepared", "message": "[EmbeddingPrepared] Embedding-ready JSON written \u2192 /workspaces/intelligentstockanalyzer/uploads/KALYANKJIL/ANNUAL_2025/1-50_EMBEDDINGREADY.json"}
{"ts": "2026-06-13T14:55:40.752928+05:30", "level": "INFO", "component": "codebase.cleaning.embeddingprepared", "message": "[EmbeddingPrepared] Initialised \u2014 max_words=180, overlap=30"}
{"ts": "2026-06-13T14:55:40.973641+05:30", "level": "INFO", "component": "codebase.cleaning.embeddingprepared", "message": "[EmbeddingPrepared] prepare_for_embedding: /workspaces/intelligentstockanalyzer/uploads/KALYANKJIL/ANNUAL_2025/1-50_CLEANED.json"}
{"ts": "2026-06-13T14:55:40.975031+05:30", "level": "INFO", "component": "codebase.cleaning.embeddingprepared", "message": "[EmbeddingPrepared] Loaded 44 pages"}
{"ts": "2026-06-13T14:55:40.975225+05:30", "level": "DEBUG", "component": "codebase.cleaning.embeddingprepared", "message": "[EmbeddingPrepared] split_text_into_chunks \u2192 3 chunks"}
{"ts": "2026-06-13T14:55:40.975429+05:30", "level": "DEBUG", "component": "codebase.cleaning.embeddingprepared", "message": "[EmbeddingPrepared] split_text_into_chunks \u2192 3 chunks"}
{"ts": "2026-06-13T14:55:40.975546+05:30", "level": "DEBUG", "component": "codebase.cleaning.embeddingprepared", "message": "[EmbeddingPrepared] split_text_into_chunks \u2192 1 chunks"}
{"ts": "2026-06-13T14:55:40.975774+05:30", "level": "DEBUG", "component": "codebase.cleaning.embeddingprepared", "message": "[EmbeddingPrepared] split_text_into_chunks \u2192 3 chunks"}
{"ts": "2026-06-13T14:55:40.975920+05:30", "level": "DEBUG", "component": "codebase.cleaning.embeddingprepared", "message": "[EmbeddingPrepared] split_text_into_chunks \u2192 2 chunks"}
{"ts": "2026-06-13T14:55:40.976078+05:30", "level": "DEBUG", "component": "codebase.cleaning.embeddingprepared", "message": "[EmbeddingPrepared] split_text_into_chunks \u2192 2 chunks"}
{"ts": "2026-06-13T14:55:40.976287+05:30", "level": "DEBUG", "component": "codebase.cleaning.embeddingprepared", "message": "[EmbeddingPrepared] split_text_into_chunks \u2192 3 chunks"}
{"ts": "2026-06-13T14:55:40.976409+05:30", "level": "DEBUG", "component": "codebase.cleaning.embeddingprepared", "message": "[EmbeddingPrepared] split_text_into_chunks \u2192 1 chunks"}
{"ts": "2026-06-13T14:55:40.976555+05:30", "level": "DEBUG", "component": "codebase.cleaning.embeddingprepared", "message": "[EmbeddingPrepared] split_text_into_chunks \u2192 1 chunks"}
{"ts": "2026-06-13T14:55:40.976775+05:30", "level": "DEBUG", "component": "codebase.cleaning.embeddingprepared", "message": "[EmbeddingPrepared] split_text_into_chunks \u2192 4 chunks"}
{"ts": "2026-06-13T14:55:40.976919+05:30", "level": "DEBUG", "component": "codebase.cleaning.embeddingprepared", "message": "[EmbeddingPrepared] split_text_into_chunks \u2192 1 chunks"}
{"ts": "2026-06-13T14:55:40.977047+05:30", "level": "DEBUG", "component": "codebase.cleaning.embeddingprepared", "message": "[EmbeddingPrepared] split_text_into_chunks \u2192 1 chunks"}
{"ts": "2026-06-13T14:55:40.977281+05:30", "level": "DEBUG", "component": "codebase.cleaning.embeddingprepared", "message": "[EmbeddingPrepared] split_text_into_chunks \u2192 7 chunks"}
{"ts": "2026-06-13T14:55:40.977460+05:30", "level": "DEBUG", "component": "codebase.cleaning.embeddingprepared", "message": "[EmbeddingPrepared] split_text_into_chunks \u2192 3 chunks"}
{"ts": "2026-06-13T14:55:40.977681+05:30", "level": "DEBUG", "component": "codebase.cleaning.embeddingprepared", "message": "[EmbeddingPrepared] split_text_into_chunks \u2192 4 chunks"}
{"ts": "2026-06-13T14:55:40.977835+05:30", "level": "DEBUG", "component": "codebase.cleaning.embeddingprepared", "message": "[EmbeddingPrepared] split_text_into_chunks \u2192 2 chunks"}
{"ts": "2026-06-13T14:55:40.977997+05:30", "level": "DEBUG", "component": "codebase.cleaning.embeddingprepared", "message": "[EmbeddingPrepared] split_text_into_chunks \u2192 2 chunks"}
{"ts": "2026-06-13T14:55:40.978142+05:30", "level": "DEBUG", "component": "codebase.cleaning.embeddingprepared", "message": "[EmbeddingPrepared] split_text_into_chunks \u2192 1 chunks"}
{"ts": "2026-06-13T14:55:40.978335+05:30", "level": "DEBUG", "component": "codebase.cleaning.embeddingprepared", "message": "[EmbeddingPrepared] split_text_into_chunks \u2192 3 chunks"}
{"ts": "2026-06-13T14:55:40.978541+05:30", "level": "DEBUG", "component": "codebase.cleaning.embeddingprepared", "message": "[EmbeddingPrepared] split_text_into_chunks \u2192 6 chunks"}
{"ts": "2026-06-13T14:55:40.978729+05:30", "level": "DEBUG", "component": "codebase.cleaning.embeddingprepared", "message": "[EmbeddingPrepared] split_text_into_chunks \u2192 2 chunks"}
{"ts": "2026-06-13T14:55:40.978874+05:30", "level": "DEBUG", "component": "codebase.cleaning.embeddingprepared", "message": "[EmbeddingPrepared] split_text_into_chunks \u2192 2 chunks"}
{"ts": "2026-06-13T14:55:40.979037+05:30", "level": "DEBUG", "component": "codebase.cleaning.embeddingprepared", "message": "[EmbeddingPrepared] split_text_into_chunks \u2192 2 chunks"}
{"ts": "2026-06-13T14:55:40.979175+05:30", "level": "DEBUG", "component": "codebase.cleaning.embeddingprepared", "message": "[EmbeddingPrepared] split_text_into_chunks \u2192 1 chunks"}
{"ts": "2026-06-13T14:55:40.979436+05:30", "level": "DEBUG", "component": "codebase.cleaning.embeddingprepared", "message": "[EmbeddingPrepared] split_text_into_chunks \u2192 11 chunks"}
{"ts": "2026-06-13T14:55:40.979726+05:30", "level": "DEBUG", "component": "codebase.cleaning.embeddingprepared", "message": "[EmbeddingPrepared] split_text_into_chunks \u2192 9 chunks"}
{"ts": "2026-06-13T14:55:40.979986+05:30", "level": "DEBUG", "component": "codebase.cleaning.embeddingprepared", "message": "[EmbeddingPrepared] split_text_into_chunks \u2192 9 chunks"}
{"ts": "2026-06-13T14:55:40.980249+05:30", "level": "DEBUG", "component": "codebase.cleaning.embeddingprepared", "message": "[EmbeddingPrepared] split_text_into_chunks \u2192 11 chunks"}
{"ts": "2026-06-13T14:55:40.980512+05:30", "level": "DEBUG", "component": "codebase.cleaning.embeddingprepared", "message": "[EmbeddingPrepared] split_text_into_chunks \u2192 10 chunks"}
{"ts": "2026-06-13T14:55:40.980794+05:30", "level": "DEBUG", "component": "codebase.cleaning.embeddingprepared", "message": "[EmbeddingPrepared] split_text_into_chunks \u2192 8 chunks"}
{"ts": "2026-06-13T14:55:40.981057+05:30", "level": "DEBUG", "component": "codebase.cleaning.embeddingprepared", "message": "[EmbeddingPrepared] split_text_into_chunks \u2192 9 chunks"}
{"ts": "2026-06-13T14:55:40.981248+05:30", "level": "DEBUG", "component": "codebase.cleaning.embeddingprepared", "message": "[EmbeddingPrepared] split_text_into_chunks \u2192 3 chunks"}
{"ts": "2026-06-13T14:55:40.981521+05:30", "level": "DEBUG", "component": "codebase.cleaning.embeddingprepared", "message": "[EmbeddingPrepared] split_text_into_chunks \u2192 14 chunks"}
{"ts": "2026-06-13T14:55:40.981739+05:30", "level": "DEBUG", "component": "codebase.cleaning.embeddingprepared", "message": "[EmbeddingPrepared] split_text_into_chunks \u2192 5 chunks"}
{"ts": "2026-06-13T14:55:40.981953+05:30", "level": "DEBUG", "component": "codebase.cleaning.embeddingprepared", "message": "[EmbeddingPrepared] split_text_into_chunks \u2192 7 chunks"}
{"ts": "2026-06-13T14:55:40.982127+05:30", "level": "DEBUG", "component": "codebase.cleaning.embeddingprepared", "message": "[EmbeddingPrepared] split_text_into_chunks \u2192 3 chunks"}
{"ts": "2026-06-13T14:55:40.982348+05:30", "level": "DEBUG", "component": "codebase.cleaning.embeddingprepared", "message": "[EmbeddingPrepared] split_text_into_chunks \u2192 8 chunks"}
{"ts": "2026-06-13T14:55:40.982543+05:30", "level": "DEBUG", "component": "codebase.cleaning.embeddingprepared", "message": "[EmbeddingPrepared] split_text_into_chunks \u2192 6 chunks"}
{"ts": "2026-06-13T14:55:40.982782+05:30", "level": "DEBUG", "component": "codebase.cleaning.embeddingprepared", "message": "[EmbeddingPrepared] split_text_into_chunks \u2192 5 chunks"}
{"ts": "2026-06-13T14:55:40.982952+05:30", "level": "DEBUG", "component": "codebase.cleaning.embeddingprepared", "message": "[EmbeddingPrepared] split_text_into_chunks \u2192 3 chunks"}
{"ts": "2026-06-13T14:55:40.983126+05:30", "level": "DEBUG", "component": "codebase.cleaning.embeddingprepared", "message": "[EmbeddingPrepared] split_text_into_chunks \u2192 4 chunks"}
{"ts": "2026-06-13T14:55:40.983388+05:30", "level": "DEBUG", "component": "codebase.cleaning.embeddingprepared", "message": "[EmbeddingPrepared] split_text_into_chunks \u2192 10 chunks"}
{"ts": "2026-06-13T14:55:40.983620+05:30", "level": "DEBUG", "component": "codebase.cleaning.embeddingprepared", "message": "[EmbeddingPrepared] split_text_into_chunks \u2192 7 chunks"}
{"ts": "2026-06-13T14:55:40.983775+05:30", "level": "DEBUG", "component": "codebase.cleaning.embeddingprepared", "message": "[EmbeddingPrepared] split_text_into_chunks \u2192 2 chunks"}
{"ts": "2026-06-13T14:55:40.983879+05:30", "level": "INFO", "component": "codebase.cleaning.embeddingprepared", "message": "[EmbeddingPrepared] 204 chunks generated from 44 pages"}
{"ts": "2026-06-13T14:55:40.992263+05:30", "level": "INFO", "component": "codebase.cleaning.embeddingprepared", "message": "[EmbeddingPrepared] Embedding-ready JSON written \u2192 /workspaces/intelligentstockanalyzer/uploads/KALYANKJIL/ANNUAL_2025/1-50_EMBEDDINGREADY.json"}
