{"ts": "2026-06-18T11:04:38.236093+05:30", "level": "INFO", "component": "codebase.vectordb.chromastore", "message": "[ChromaStore] Initialised \u2014 path='/workspaces/Sample-1/chroma_db'"}
{"ts": "2026-06-18T11:04:38.263607+05:30", "level": "INFO", "component": "codebase.vectordb.chromastore", "message": "[ChromaStore] Creating PersistentClient at '/workspaces/Sample-1/chroma_db'"}
{"ts": "2026-06-18T11:04:40.997021+05:30", "level": "INFO", "component": "codebase.vectordb.chromastore", "message": "[ChromaStore] Client ready"}
{"ts": "2026-06-18T11:04:41.377898+05:30", "level": "ERROR", "component": "codebase.vectordb.chromastore", "message": "[ChromaStore] Query failed on 'child_chunks' \u2014 Expected where to have exactly one operator, got {'company': 'KALYANKJIL', 'year': 2025, 'doc_type': 'ANNUAL_REPORT'} in query."}
{"ts": "2026-06-18T11:21:06.100253+05:30", "level": "INFO", "component": "codebase.vectordb.chromastore", "message": "[ChromaStore] Initialised \u2014 path='/workspaces/Sample-1/chroma_db'"}
{"ts": "2026-06-18T11:21:06.111632+05:30", "level": "INFO", "component": "codebase.vectordb.chromastore", "message": "[ChromaStore] Creating PersistentClient at '/workspaces/Sample-1/chroma_db'"}
{"ts": "2026-06-18T11:21:06.215084+05:30", "level": "INFO", "component": "codebase.vectordb.chromastore", "message": "[ChromaStore] Client ready"}
{"ts": "2026-06-18T11:21:06.272208+05:30", "level": "ERROR", "component": "codebase.vectordb.chromastore", "message": "[ChromaStore] Query failed on 'child_chunks' \u2014 Expected where to have exactly one operator, got {'company': 'KALYANKJIL', 'year': 2025, 'doc_type': 'ANNUAL_REPORT'} in query."}
{"ts": "2026-06-18T11:24:12.140641+05:30", "level": "INFO", "component": "codebase.vectordb.chromastore", "message": "[ChromaStore] Initialised \u2014 path='/workspaces/Sample-1/chroma_db'"}
{"ts": "2026-06-18T11:24:12.141945+05:30", "level": "INFO", "component": "codebase.vectordb.chromastore", "message": "[ChromaStore] Creating PersistentClient at '/workspaces/Sample-1/chroma_db'"}
{"ts": "2026-06-18T11:24:12.263334+05:30", "level": "INFO", "component": "codebase.vectordb.chromastore", "message": "[ChromaStore] Client ready"}
{"ts": "2026-06-18T11:24:12.284395+05:30", "level": "ERROR", "component": "codebase.vectordb.chromastore", "message": "[ChromaStore] Query failed on 'child_chunks' \u2014 Expected where to have exactly one operator, got {'company': 'KALYANKJIL', 'year': 2025, 'doc_type': 'ANNUAL_REPORT'} in query."}
{"ts": "2026-06-18T11:25:40.504694+05:30", "level": "INFO", "component": "codebase.vectordb.chromastore", "message": "[ChromaStore] Initialised \u2014 path='/workspaces/Sample-1/chroma_db'"}
{"ts": "2026-06-18T11:25:40.505914+05:30", "level": "INFO", "component": "codebase.vectordb.chromastore", "message": "[ChromaStore] Creating PersistentClient at '/workspaces/Sample-1/chroma_db'"}
{"ts": "2026-06-18T11:25:40.695333+05:30", "level": "INFO", "component": "codebase.vectordb.chromastore", "message": "[ChromaStore] Client ready"}
{"ts": "2026-06-18T11:25:40.705150+05:30", "level": "ERROR", "component": "codebase.vectordb.chromastore", "message": "[ChromaStore] Query failed on 'child_chunks' \u2014 LocalEmbedder.embed_query() got an unexpected keyword argument 'input' in query."}
{"ts": "2026-06-18T11:29:38.829607+05:30", "level": "INFO", "component": "codebase.vectordb.chromastore", "message": "[ChromaStore] Initialised \u2014 path='/workspaces/Sample-1/chroma_db'"}
{"ts": "2026-06-18T11:29:38.831510+05:30", "level": "INFO", "component": "codebase.vectordb.chromastore", "message": "[ChromaStore] Creating PersistentClient at '/workspaces/Sample-1/chroma_db'"}
{"ts": "2026-06-18T11:29:38.923552+05:30", "level": "INFO", "component": "codebase.vectordb.chromastore", "message": "[ChromaStore] Client ready"}
{"ts": "2026-06-18T11:29:38.939755+05:30", "level": "ERROR", "component": "codebase.vectordb.chromastore", "message": "[ChromaStore] Query failed on 'child_chunks' \u2014 Unsupported input type: list. Expected one of: str, dict, PIL.Image.Image, np.ndarray, torch.Tensor in query."}
{"ts": "2026-06-18T11:33:52.727133+05:30", "level": "INFO", "component": "codebase.vectordb.chromastore", "message": "[ChromaStore] Initialised \u2014 path='/workspaces/Sample-1/chroma_db'"}
{"ts": "2026-06-18T11:33:52.728565+05:30", "level": "INFO", "component": "codebase.vectordb.chromastore", "message": "[ChromaStore] Creating PersistentClient at '/workspaces/Sample-1/chroma_db'"}
{"ts": "2026-06-18T11:33:52.817673+05:30", "level": "INFO", "component": "codebase.vectordb.chromastore", "message": "[ChromaStore] Client ready"}
{"ts": "2026-06-18T11:33:53.384306+05:30", "level": "ERROR", "component": "codebase.vectordb.chromastore", "message": "[ChromaStore] Query failed on 'child_chunks' \u2014 argument 'query_embeddings': 'float' object cannot be converted to 'Sequence'"}
{"ts": "2026-06-18T11:38:20.341206+05:30", "level": "INFO", "component": "codebase.vectordb.chromastore", "message": "[ChromaStore] Initialised \u2014 path='/workspaces/Sample-1/chroma_db'"}
{"ts": "2026-06-18T11:38:20.342642+05:30", "level": "INFO", "component": "codebase.vectordb.chromastore", "message": "[ChromaStore] Creating PersistentClient at '/workspaces/Sample-1/chroma_db'"}
{"ts": "2026-06-18T11:38:20.430481+05:30", "level": "INFO", "component": "codebase.vectordb.chromastore", "message": "[ChromaStore] Client ready"}
{"ts": "2026-06-18T11:38:20.464939+05:30", "level": "ERROR", "component": "codebase.vectordb.chromastore", "message": "[ChromaStore] Query failed on 'child_chunks' \u2014 argument 'query_embeddings': 'float' object cannot be converted to 'Sequence'"}
{"ts": "2026-06-18T11:39:09.274274+05:30", "level": "INFO", "component": "codebase.vectordb.chromastore", "message": "[ChromaStore] Initialised \u2014 path='/workspaces/Sample-1/chroma_db'"}
{"ts": "2026-06-18T11:39:09.275469+05:30", "level": "INFO", "component": "codebase.vectordb.chromastore", "message": "[ChromaStore] Creating PersistentClient at '/workspaces/Sample-1/chroma_db'"}
{"ts": "2026-06-18T11:39:09.370832+05:30", "level": "INFO", "component": "codebase.vectordb.chromastore", "message": "[ChromaStore] Client ready"}
{"ts": "2026-06-18T11:39:09.399263+05:30", "level": "ERROR", "component": "codebase.vectordb.chromastore", "message": "[ChromaStore] Query failed on 'child_chunks' \u2014 argument 'query_embeddings': 'float' object cannot be converted to 'Sequence'"}
{"ts": "2026-06-18T11:41:04.436479+05:30", "level": "INFO", "component": "codebase.vectordb.chromastore", "message": "[ChromaStore] Initialised \u2014 path='/workspaces/Sample-1/chroma_db'"}
{"ts": "2026-06-18T11:41:04.437677+05:30", "level": "INFO", "component": "codebase.vectordb.chromastore", "message": "[ChromaStore] Creating PersistentClient at '/workspaces/Sample-1/chroma_db'"}
{"ts": "2026-06-18T11:41:04.525913+05:30", "level": "INFO", "component": "codebase.vectordb.chromastore", "message": "[ChromaStore] Client ready"}
{"ts": "2026-06-18T11:41:04.559653+05:30", "level": "ERROR", "component": "codebase.vectordb.chromastore", "message": "[ChromaStore] Query failed on 'child_chunks' \u2014 argument 'query_embeddings': 'float' object cannot be converted to 'Sequence'"}
{"ts": "2026-06-18T11:43:19.930368+05:30", "level": "INFO", "component": "codebase.vectordb.chromastore", "message": "[ChromaStore] Initialised \u2014 path='/workspaces/Sample-1/chroma_db'"}
{"ts": "2026-06-18T11:43:19.932250+05:30", "level": "INFO", "component": "codebase.vectordb.chromastore", "message": "[ChromaStore] Creating PersistentClient at '/workspaces/Sample-1/chroma_db'"}
{"ts": "2026-06-18T11:43:20.079986+05:30", "level": "INFO", "component": "codebase.vectordb.chromastore", "message": "[ChromaStore] Client ready"}
{"ts": "2026-06-18T11:43:20.253515+05:30", "level": "INFO", "component": "codebase.vectordb.chromastore", "message": "[ChromaStore] Child search complete", "query_texts": ["What is Revenue of Kalyan Jewellers in 2025", "revenue", "total income", "income from operations", "sales", "topline"], "requested": 8, "returned": 0, "where": {"$and": [{"company": {"$eq": "KALYANKJIL"}}, {"year": {"$eq": 2025}}, {"doc_type": {"$eq": "ANNUAL_REPORT"}}]}}
{"ts": "2026-06-18T11:43:20.253905+05:30", "level": "INFO", "component": "codebase.vectordb.chromastore", "message": "[ChromaStore] Parent expansion complete", "parent_ids": [], "parent_count": 0}
{"ts": "2026-06-18T11:43:20.254385+05:30", "level": "DEBUG", "component": "codebase.vectordb.chromastore", "message": "[ChromaStore] Retrieval bundle", "items": []}
{"ts": "2026-06-18T11:47:07.241832+05:30", "level": "INFO", "component": "codebase.vectordb.chromastore", "message": "[ChromaStore] Initialised \u2014 path='/workspaces/Sample-1/chroma_db'"}
{"ts": "2026-06-18T11:47:43.641554+05:30", "level": "INFO", "component": "codebase.vectordb.chromastore", "message": "[ChromaStore] Initialised \u2014 path='/workspaces/Sample-1/chroma_db'"}
{"ts": "2026-06-18T11:47:43.642913+05:30", "level": "INFO", "component": "codebase.vectordb.chromastore", "message": "[ChromaStore] Creating PersistentClient at '/workspaces/Sample-1/chroma_db'"}
{"ts": "2026-06-18T11:47:43.728543+05:30", "level": "INFO", "component": "codebase.vectordb.chromastore", "message": "[ChromaStore] Client ready"}
{"ts": "2026-06-18T11:47:43.788302+05:30", "level": "INFO", "component": "codebase.vectordb.chromastore", "message": "[ChromaStore] Child search complete", "query_texts": ["What is Revenue of Kalyan Jewellers in 2024", "revenue", "total income", "income from operations", "sales", "topline"], "requested": 8, "returned": 0, "where": {"$and": [{"company": {"$eq": "KALYANKJIL"}}, {"year": {"$eq": 2025}}, {"doc_type": {"$eq": "ANNUAL_REPORT"}}]}}
{"ts": "2026-06-18T11:47:43.788473+05:30", "level": "INFO", "component": "codebase.vectordb.chromastore", "message": "[ChromaStore] Parent expansion complete", "parent_ids": [], "parent_count": 0}
{"ts": "2026-06-18T11:47:43.788561+05:30", "level": "DEBUG", "component": "codebase.vectordb.chromastore", "message": "[ChromaStore] Retrieval bundle", "items": []}
{"ts": "2026-06-18T12:10:49.022473+05:30", "level": "INFO", "component": "codebase.vectordb.chromastore", "message": "[ChromaStore] Initialised \u2014 path='/workspaces/Sample-1/chroma_db'"}
{"ts": "2026-06-18T12:10:49.023617+05:30", "level": "INFO", "component": "codebase.vectordb.chromastore", "message": "[ChromaStore] Creating PersistentClient at '/workspaces/Sample-1/chroma_db'"}
{"ts": "2026-06-18T12:10:49.117017+05:30", "level": "INFO", "component": "codebase.vectordb.chromastore", "message": "[ChromaStore] Client ready"}
{"ts": "2026-06-18T12:10:49.180478+05:30", "level": "INFO", "component": "codebase.vectordb.chromastore", "message": "[ChromaStore] Child search complete", "query_texts": ["What is Revenue of Kalyan Jewellers in 2024", "revenue", "total income", "income from operations", "sales", "topline"], "requested": 8, "returned": 0, "where": {"$and": [{"company": {"$eq": "KALYANKJIL"}}, {"year": {"$eq": 2025}}, {"doc_type": {"$eq": "ANNUAL_REPORT"}}]}}
{"ts": "2026-06-18T12:10:49.180651+05:30", "level": "INFO", "component": "codebase.vectordb.chromastore", "message": "[ChromaStore] Parent expansion complete", "parent_ids": [], "parent_count": 0}
{"ts": "2026-06-18T12:10:49.180752+05:30", "level": "DEBUG", "component": "codebase.vectordb.chromastore", "message": "[ChromaStore] Retrieval bundle", "items": []}
{"ts": "2026-06-18T12:27:03.627216+05:30", "level": "INFO", "component": "codebase.vectordb.chromastore", "message": "[ChromaStore] Initialised \u2014 path='/workspaces/Sample-1/chroma_db'"}
{"ts": "2026-06-18T12:27:03.628418+05:30", "level": "INFO", "component": "codebase.vectordb.chromastore", "message": "[ChromaStore] Creating PersistentClient at '/workspaces/Sample-1/chroma_db'"}
{"ts": "2026-06-18T12:27:03.718776+05:30", "level": "INFO", "component": "codebase.vectordb.chromastore", "message": "[ChromaStore] Client ready"}
{"ts": "2026-06-18T12:27:03.784748+05:30", "level": "INFO", "component": "codebase.vectordb.chromastore", "message": "[ChromaStore] Child search complete", "query_texts": ["What is Revenue of Kalyan Jewellers in 2024", "revenue", "total income", "income from operations", "sales", "topline"], "requested": 8, "returned": 0, "where": {"$and": [{"company": {"$eq": "KALYANKJIL"}}, {"year": {"$eq": 2025}}, {"doc_type": {"$eq": "ANNUAL_REPORT"}}]}}
{"ts": "2026-06-18T12:27:03.784941+05:30", "level": "INFO", "component": "codebase.vectordb.chromastore", "message": "[ChromaStore] Parent expansion complete", "parent_ids": [], "parent_count": 0}
{"ts": "2026-06-18T12:27:03.785027+05:30", "level": "DEBUG", "component": "codebase.vectordb.chromastore", "message": "[ChromaStore] Retrieval bundle", "items": []}
{"ts": "2026-06-18T13:33:32.727047+05:30", "level": "INFO", "component": "codebase.vectordb.chromastore", "message": "[ChromaStore] Initialised \u2014 path='/workspaces/Sample-1/chroma_db'"}
{"ts": "2026-06-18T13:33:32.728150+05:30", "level": "INFO", "component": "codebase.vectordb.chromastore", "message": "[ChromaStore] Initialised \u2014 path='/workspaces/Sample-1/chroma_db'"}
{"ts": "2026-06-18T13:33:32.728254+05:30", "level": "INFO", "component": "codebase.vectordb.chromastore", "message": "[ChromaStore] Creating PersistentClient at '/workspaces/Sample-1/chroma_db'"}
{"ts": "2026-06-18T13:33:34.960140+05:30", "level": "INFO", "component": "codebase.vectordb.chromastore", "message": "[ChromaStore] Client ready"}
{"ts": "2026-06-18T13:33:38.420011+05:30", "level": "ERROR", "component": "codebase.vectordb.chromastore", "message": "[ChromaStore] Query failed on 'child_chunks' \u2014 argument 'query_embeddings': 'float' object cannot be converted to 'Sequence'"}
{"ts": "2026-06-18T13:49:03.902675+05:30", "level": "INFO", "component": "codebase.vectordb.chromastore", "message": "[ChromaStore] Initialised \u2014 path='/workspaces/Sample-1/chroma_db'"}
{"ts": "2026-06-18T13:49:03.903556+05:30", "level": "INFO", "component": "codebase.vectordb.chromastore", "message": "[ChromaStore] Initialised \u2014 path='/workspaces/Sample-1/chroma_db'"}
{"ts": "2026-06-18T13:49:03.903664+05:30", "level": "INFO", "component": "codebase.vectordb.chromastore", "message": "[ChromaStore] Creating PersistentClient at '/workspaces/Sample-1/chroma_db'"}
{"ts": "2026-06-18T13:49:03.987030+05:30", "level": "INFO", "component": "codebase.vectordb.chromastore", "message": "[ChromaStore] Client ready"}
{"ts": "2026-06-18T13:52:05.909742+05:30", "level": "INFO", "component": "codebase.vectordb.chromastore", "message": "[ChromaStore] Initialised \u2014 path='/workspaces/Sample-1/chroma_db'"}
{"ts": "2026-06-18T13:52:05.909884+05:30", "level": "INFO", "component": "codebase.vectordb.chromastore", "message": "[ChromaStore] Initialised \u2014 path='/workspaces/Sample-1/chroma_db'"}
{"ts": "2026-06-18T13:52:05.909988+05:30", "level": "INFO", "component": "codebase.vectordb.chromastore", "message": "[ChromaStore] Creating PersistentClient at '/workspaces/Sample-1/chroma_db'"}
{"ts": "2026-06-18T13:52:05.990471+05:30", "level": "INFO", "component": "codebase.vectordb.chromastore", "message": "[ChromaStore] Client ready"}
{"ts": "2026-06-18T13:52:06.032599+05:30", "level": "INFO", "component": "codebase.vectordb.chromastore", "message": "[ChromaStore] Child search complete", "query_texts": ["What is revenue for Kalyan Jewellers for 2025?"], "requested": 8, "returned": 8, "where": null}
{"ts": "2026-06-18T13:52:06.073791+05:30", "level": "INFO", "component": "codebase.vectordb.chromastore", "message": "[ChromaStore] Parent expansion complete", "parent_ids": ["page_61_parent", "page_28_parent", "page_112_parent", "page_88_parent", "page_69_parent", "page_52_parent", "page_92_parent", "page_11_parent"], "parent_count": 8}
{"ts": "2026-06-18T13:52:06.074036+05:30", "level": "DEBUG", "component": "codebase.vectordb.chromastore", "message": "[ChromaStore] Retrieval bundle", "items": [{"parent_id": "page_61_parent", "child_id": "page_61_parent_child_0", "distance": 0.2353171706199646}, {"parent_id": "page_28_parent", "child_id": "page_28_parent_child_9", "distance": 0.27584946155548096}, {"parent_id": "page_112_parent", "child_id": "page_112_parent_child_0", "distance": 0.2773369550704956}, {"parent_id": "page_88_parent", "child_id": "page_88_parent_child_0", "distance": 0.2885746955871582}, {"parent_id": "page_69_parent", "child_id": "page_69_parent_child_0", "distance": 0.3005012273788452}, {"parent_id": "page_52_parent", "child_id": "page_52_parent_child_0", "distance": 0.31246060132980347}, {"parent_id": "page_92_parent", "child_id": "page_92_parent_child_0", "distance": 0.31513410806655884}, {"parent_id": "page_11_parent", "child_id": "page_11_parent_child_0", "distance": 0.3182823657989502}]}
{"ts": "2026-06-18T14:09:10.036315+05:30", "level": "INFO", "component": "codebase.vectordb.chromastore", "message": "[ChromaStore] Initialised \u2014 path='/workspaces/Sample-1/chroma_db'"}
{"ts": "2026-06-18T14:09:10.036431+05:30", "level": "INFO", "component": "codebase.vectordb.chromastore", "message": "[ChromaStore] Initialised \u2014 path='/workspaces/Sample-1/chroma_db'"}
{"ts": "2026-06-18T14:09:10.036512+05:30", "level": "INFO", "component": "codebase.vectordb.chromastore", "message": "[ChromaStore] Creating PersistentClient at '/workspaces/Sample-1/chroma_db'"}
{"ts": "2026-06-18T14:09:10.549211+05:30", "level": "INFO", "component": "codebase.vectordb.chromastore", "message": "[ChromaStore] Client ready"}
{"ts": "2026-06-18T14:13:52.715950+05:30", "level": "INFO", "component": "codebase.vectordb.chromastore", "message": "[ChromaStore] Initialised \u2014 path='/workspaces/Sample-1/chroma_db'"}
{"ts": "2026-06-18T14:13:52.716072+05:30", "level": "INFO", "component": "codebase.vectordb.chromastore", "message": "[ChromaStore] Initialised \u2014 path='/workspaces/Sample-1/chroma_db'"}
{"ts": "2026-06-18T14:13:52.716157+05:30", "level": "INFO", "component": "codebase.vectordb.chromastore", "message": "[ChromaStore] store_in_chromadb \u2014 collection='kalyan_annual', path='/workspaces/Sample-1/chroma_db'"}
{"ts": "2026-06-18T14:13:52.895113+05:30", "level": "INFO", "component": "codebase.vectordb.chromastore", "message": "[ChromaStore] Loaded 681 legacy records"}
{"ts": "2026-06-18T14:13:52.896250+05:30", "level": "INFO", "component": "codebase.vectordb.chromastore", "message": "[ChromaStore] Creating PersistentClient at '/workspaces/Sample-1/chroma_db'"}
{"ts": "2026-06-18T14:13:53.131887+05:30", "level": "INFO", "component": "codebase.vectordb.chromastore", "message": "[ChromaStore] Client ready"}
{"ts": "2026-06-18T14:14:05.455191+05:30", "level": "INFO", "component": "codebase.vectordb.chromastore", "message": "[ChromaStore] Upserted batch 0\u2013100"}
{"ts": "2026-06-18T14:14:15.612598+05:30", "level": "INFO", "component": "codebase.vectordb.chromastore", "message": "[ChromaStore] Upserted batch 100\u2013200"}
{"ts": "2026-06-18T14:14:25.370341+05:30", "level": "INFO", "component": "codebase.vectordb.chromastore", "message": "[ChromaStore] Upserted batch 200\u2013300"}
{"ts": "2026-06-18T14:14:34.856405+05:30", "level": "INFO", "component": "codebase.vectordb.chromastore", "message": "[ChromaStore] Upserted batch 300\u2013400"}
{"ts": "2026-06-18T14:14:45.362160+05:30", "level": "INFO", "component": "codebase.vectordb.chromastore", "message": "[ChromaStore] Upserted batch 400\u2013500"}
{"ts": "2026-06-18T14:14:54.826698+05:30", "level": "INFO", "component": "codebase.vectordb.chromastore", "message": "[ChromaStore] Upserted batch 500\u2013600"}
{"ts": "2026-06-18T14:15:04.549164+05:30", "level": "INFO", "component": "codebase.vectordb.chromastore", "message": "[ChromaStore] Upserted batch 600\u2013681"}
{"ts": "2026-06-18T14:15:04.549332+05:30", "level": "INFO", "component": "codebase.vectordb.chromastore", "message": "[ChromaStore] Upsert complete \u2014 681 chunks into 'kalyan_annual'"}
{"ts": "2026-06-18T14:15:04.549560+05:30", "level": "INFO", "component": "codebase.vectordb.chromastore", "message": "[ChromaStore] Stored 681 records into 'kalyan_annual'"}
{"ts": "2026-06-18T14:15:04.551317+05:30", "level": "INFO", "component": "codebase.vectordb.chromastore", "message": "[ChromaStore] store_in_chromadb \u2014 collection='kalyan_annual', path='/workspaces/Sample-1/chroma_db'"}
{"ts": "2026-06-18T14:15:04.771985+05:30", "level": "INFO", "component": "codebase.vectordb.chromastore", "message": "[ChromaStore] Loaded parent/child bundle \u2014 parents=126, children=753"}
{"ts": "2026-06-18T14:15:15.957921+05:30", "level": "INFO", "component": "codebase.vectordb.chromastore", "message": "[ChromaStore] Upserted batch 0\u2013100"}
{"ts": "2026-06-18T14:15:18.740637+05:30", "level": "INFO", "component": "codebase.vectordb.chromastore", "message": "[ChromaStore] Upserted batch 100\u2013126"}
{"ts": "2026-06-18T14:15:18.740852+05:30", "level": "INFO", "component": "codebase.vectordb.chromastore", "message": "[ChromaStore] Upsert complete \u2014 126 chunks into 'parent_sections'"}
{"ts": "2026-06-18T14:15:28.804378+05:30", "level": "INFO", "component": "codebase.vectordb.chromastore", "message": "[ChromaStore] Upserted batch 0\u2013100"}
{"ts": "2026-06-18T14:15:37.479992+05:30", "level": "INFO", "component": "codebase.vectordb.chromastore", "message": "[ChromaStore] Upserted batch 100\u2013200"}
{"ts": "2026-06-18T14:15:46.524085+05:30", "level": "INFO", "component": "codebase.vectordb.chromastore", "message": "[ChromaStore] Upserted batch 200\u2013300"}
{"ts": "2026-06-18T14:15:54.194198+05:30", "level": "INFO", "component": "codebase.vectordb.chromastore", "message": "[ChromaStore] Upserted batch 300\u2013400"}
{"ts": "2026-06-18T14:16:01.848105+05:30", "level": "INFO", "component": "codebase.vectordb.chromastore", "message": "[ChromaStore] Upserted batch 400\u2013500"}
{"ts": "2026-06-18T14:16:09.651160+05:30", "level": "INFO", "component": "codebase.vectordb.chromastore", "message": "[ChromaStore] Upserted batch 500\u2013600"}
{"ts": "2026-06-18T14:16:17.504769+05:30", "level": "INFO", "component": "codebase.vectordb.chromastore", "message": "[ChromaStore] Upserted batch 600\u2013700"}
{"ts": "2026-06-18T14:16:22.143102+05:30", "level": "INFO", "component": "codebase.vectordb.chromastore", "message": "[ChromaStore] Upserted batch 700\u2013753"}
{"ts": "2026-06-18T14:16:22.143319+05:30", "level": "INFO", "component": "codebase.vectordb.chromastore", "message": "[ChromaStore] Upsert complete \u2014 753 chunks into 'child_chunks'"}
{"ts": "2026-06-18T14:16:22.143610+05:30", "level": "INFO", "component": "codebase.vectordb.chromastore", "message": "[ChromaStore] Stored bundle into 'parent_sections' and 'child_chunks'"}
{"ts": "2026-06-18T14:16:22.147099+05:30", "level": "INFO", "component": "codebase.vectordb.chromastore", "message": "[ChromaStore] store_in_chromadb \u2014 collection='kalyan_annual', path='/workspaces/Sample-1/chroma_db'"}
{"ts": "2026-06-18T14:16:22.339516+05:30", "level": "INFO", "component": "codebase.vectordb.chromastore", "message": "[ChromaStore] Loaded parent/child bundle \u2014 parents=111, children=771"}
{"ts": "2026-06-18T14:16:32.620757+05:30", "level": "INFO", "component": "codebase.vectordb.chromastore", "message": "[ChromaStore] Upserted batch 0\u2013100"}
{"ts": "2026-06-18T14:16:33.792233+05:30", "level": "INFO", "component": "codebase.vectordb.chromastore", "message": "[ChromaStore] Upserted batch 100\u2013111"}
{"ts": "2026-06-18T14:16:33.792519+05:30", "level": "INFO", "component": "codebase.vectordb.chromastore", "message": "[ChromaStore] Upsert complete \u2014 111 chunks into 'parent_sections'"}
{"ts": "2026-06-18T14:16:41.936326+05:30", "level": "INFO", "component": "codebase.vectordb.chromastore", "message": "[ChromaStore] Upserted batch 0\u2013100"}
{"ts": "2026-06-18T14:16:50.028857+05:30", "level": "INFO", "component": "codebase.vectordb.chromastore", "message": "[ChromaStore] Upserted batch 100\u2013200"}
{"ts": "2026-06-18T14:16:58.274321+05:30", "level": "INFO", "component": "codebase.vectordb.chromastore", "message": "[ChromaStore] Upserted batch 200\u2013300"}
{"ts": "2026-06-18T14:17:06.251146+05:30", "level": "INFO", "component": "codebase.vectordb.chromastore", "message": "[ChromaStore] Upserted batch 300\u2013400"}
{"ts": "2026-06-18T14:17:14.467153+05:30", "level": "INFO", "component": "codebase.vectordb.chromastore", "message": "[ChromaStore] Upserted batch 400\u2013500"}
{"ts": "2026-06-18T14:17:22.792881+05:30", "level": "INFO", "component": "codebase.vectordb.chromastore", "message": "[ChromaStore] Upserted batch 500\u2013600"}
{"ts": "2026-06-18T14:17:31.510632+05:30", "level": "INFO", "component": "codebase.vectordb.chromastore", "message": "[ChromaStore] Upserted batch 600\u2013700"}
{"ts": "2026-06-18T14:17:37.415618+05:30", "level": "INFO", "component": "codebase.vectordb.chromastore", "message": "[ChromaStore] Upserted batch 700\u2013771"}
{"ts": "2026-06-18T14:17:37.415834+05:30", "level": "INFO", "component": "codebase.vectordb.chromastore", "message": "[ChromaStore] Upsert complete \u2014 771 chunks into 'child_chunks'"}
{"ts": "2026-06-18T14:17:37.416123+05:30", "level": "INFO", "component": "codebase.vectordb.chromastore", "message": "[ChromaStore] Stored bundle into 'parent_sections' and 'child_chunks'"}
{"ts": "2026-06-18T14:17:37.480873+05:30", "level": "INFO", "component": "codebase.vectordb.chromastore", "message": "[ChromaStore] Child search complete", "query_texts": ["what is the revenue for FY23?"], "requested": 5, "returned": 5, "where": {"company": "KALYANKJIL"}}
{"ts": "2026-06-18T14:17:37.483091+05:30", "level": "INFO", "component": "codebase.vectordb.chromastore", "message": "[ChromaStore] Parent expansion complete", "parent_ids": ["page_12_parent", "page_28_parent", "page_29_parent"], "parent_count": 3}
{"ts": "2026-06-18T14:17:37.483214+05:30", "level": "DEBUG", "component": "codebase.vectordb.chromastore", "message": "[ChromaStore] Retrieval bundle", "items": [{"parent_id": "page_12_parent", "child_id": "page_12_parent_child_4", "distance": 0.3703654408454895}, {"parent_id": "page_28_parent", "child_id": "page_28_parent_child_10", "distance": 0.382617712020874}, {"parent_id": "page_29_parent", "child_id": "page_29_parent_child_3", "distance": 0.39939016103744507}]}
{"ts": "2026-06-18T14:17:37.484671+05:30", "level": "INFO", "component": "codebase.vectordb.chromastore", "message": "[ChromaStore] === ChromaDB Status ===\n  child_chunks: 1100 chunks"}
{"ts": "2026-06-18T14:17:37.486038+05:30", "level": "INFO", "component": "codebase.vectordb.chromastore", "message": "[ChromaStore] === ChromaDB Status ===\n  parent_sections: 131 chunks"}
{"ts": "2026-06-18T14:21:12.307890+05:30", "level": "INFO", "component": "codebase.vectordb.chromastore", "message": "[ChromaStore] Initialised \u2014 path='/workspaces/Sample-1/chroma_db'"}
{"ts": "2026-06-18T14:21:12.308027+05:30", "level": "INFO", "component": "codebase.vectordb.chromastore", "message": "[ChromaStore] Initialised \u2014 path='/workspaces/Sample-1/chroma_db'"}
{"ts": "2026-06-18T14:21:12.308148+05:30", "level": "INFO", "component": "codebase.vectordb.chromastore", "message": "[ChromaStore] Creating PersistentClient at '/workspaces/Sample-1/chroma_db'"}
{"ts": "2026-06-18T14:21:12.456771+05:30", "level": "INFO", "component": "codebase.vectordb.chromastore", "message": "[ChromaStore] Client ready"}
{"ts": "2026-06-18T14:21:12.523463+05:30", "level": "INFO", "component": "codebase.vectordb.chromastore", "message": "[ChromaStore] Child search complete", "query_texts": ["What is revenue for Kalyan Jewellers for 2025?"], "requested": 8, "returned": 8, "where": null}
{"ts": "2026-06-18T14:21:12.529969+05:30", "level": "INFO", "component": "codebase.vectordb.chromastore", "message": "[ChromaStore] Parent expansion complete", "parent_ids": ["page_61_parent", "page_28_parent", "page_112_parent", "page_88_parent", "page_69_parent", "page_52_parent", "page_92_parent", "page_11_parent"], "parent_count": 8}
{"ts": "2026-06-18T14:21:12.530133+05:30", "level": "DEBUG", "component": "codebase.vectordb.chromastore", "message": "[ChromaStore] Retrieval bundle", "items": [{"parent_id": "page_61_parent", "child_id": "page_61_parent_child_0", "distance": 0.23531723022460938}, {"parent_id": "page_28_parent", "child_id": "page_28_parent_child_9", "distance": 0.27584946155548096}, {"parent_id": "page_112_parent", "child_id": "page_112_parent_child_0", "distance": 0.2773369733863955}, {"parent_id": "page_88_parent", "child_id": "page_88_parent_child_0", "distance": 0.2885746955871582}, {"parent_id": "page_69_parent", "child_id": "page_69_parent_child_0", "distance": 0.30050134658813477}, {"parent_id": "page_52_parent", "child_id": "page_52_parent_child_0", "distance": 0.3124605417251587}, {"parent_id": "page_92_parent", "child_id": "page_92_parent_child_0", "distance": 0.3151342272758484}, {"parent_id": "page_11_parent", "child_id": "page_11_parent_child_0", "distance": 0.3182823657989502}]}
{"ts": "2026-06-18T14:23:35.214940+05:30", "level": "INFO", "component": "codebase.vectordb.chromastore", "message": "[ChromaStore] Initialised \u2014 path='/workspaces/Sample-1/chroma_db'"}
{"ts": "2026-06-18T14:23:35.215080+05:30", "level": "INFO", "component": "codebase.vectordb.chromastore", "message": "[ChromaStore] Initialised \u2014 path='/workspaces/Sample-1/chroma_db'"}
{"ts": "2026-06-18T14:23:35.215182+05:30", "level": "INFO", "component": "codebase.vectordb.chromastore", "message": "[ChromaStore] Creating PersistentClient at '/workspaces/Sample-1/chroma_db'"}
{"ts": "2026-06-18T14:23:35.387421+05:30", "level": "INFO", "component": "codebase.vectordb.chromastore", "message": "[ChromaStore] Client ready"}
{"ts": "2026-06-18T14:23:35.452444+05:30", "level": "INFO", "component": "codebase.vectordb.chromastore", "message": "[ChromaStore] Child search complete", "query_texts": ["What is revenue for Kalyan Jewellers for 2025?"], "requested": 8, "returned": 8, "where": null}
{"ts": "2026-06-18T14:23:35.458486+05:30", "level": "INFO", "component": "codebase.vectordb.chromastore", "message": "[ChromaStore] Parent expansion complete", "parent_ids": ["page_61_parent", "page_28_parent", "page_112_parent", "page_88_parent", "page_69_parent", "page_52_parent", "page_92_parent", "page_11_parent"], "parent_count": 8}
{"ts": "2026-06-18T14:23:35.458624+05:30", "level": "DEBUG", "component": "codebase.vectordb.chromastore", "message": "[ChromaStore] Retrieval bundle", "items": [{"parent_id": "page_61_parent", "child_id": "page_61_parent_child_0", "distance": 0.23531723022460938}, {"parent_id": "page_28_parent", "child_id": "page_28_parent_child_9", "distance": 0.27584946155548096}, {"parent_id": "page_112_parent", "child_id": "page_112_parent_child_0", "distance": 0.2773369733863955}, {"parent_id": "page_88_parent", "child_id": "page_88_parent_child_0", "distance": 0.2885746955871582}, {"parent_id": "page_69_parent", "child_id": "page_69_parent_child_0", "distance": 0.30050134658813477}, {"parent_id": "page_52_parent", "child_id": "page_52_parent_child_0", "distance": 0.3124605417251587}, {"parent_id": "page_92_parent", "child_id": "page_92_parent_child_0", "distance": 0.3151342272758484}, {"parent_id": "page_11_parent", "child_id": "page_11_parent_child_0", "distance": 0.3182823657989502}]}
{"ts": "2026-06-18T14:27:11.123381+05:30", "level": "INFO", "component": "codebase.vectordb.chromastore", "message": "[ChromaStore] Initialised \u2014 path='/workspaces/Sample-1/chroma_db'"}
{"ts": "2026-06-18T14:27:11.123600+05:30", "level": "INFO", "component": "codebase.vectordb.chromastore", "message": "[ChromaStore] Initialised \u2014 path='/workspaces/Sample-1/chroma_db'"}
{"ts": "2026-06-18T14:27:11.123695+05:30", "level": "INFO", "component": "codebase.vectordb.chromastore", "message": "[ChromaStore] Creating PersistentClient at '/workspaces/Sample-1/chroma_db'"}
{"ts": "2026-06-18T14:27:11.270605+05:30", "level": "INFO", "component": "codebase.vectordb.chromastore", "message": "[ChromaStore] Client ready"}
{"ts": "2026-06-18T14:27:11.375659+05:30", "level": "INFO", "component": "codebase.vectordb.chromastore", "message": "[ChromaStore] Child search complete", "query_texts": ["What is revenue for Kalyan Jewellers for 2025?"], "requested": 8, "returned": 8, "where": null}
{"ts": "2026-06-18T14:27:11.417590+05:30", "level": "INFO", "component": "codebase.vectordb.chromastore", "message": "[ChromaStore] Parent expansion complete", "parent_ids": ["page_61_parent", "page_28_parent", "page_112_parent", "page_88_parent", "page_69_parent", "page_52_parent", "page_92_parent", "page_11_parent"], "parent_count": 8}
{"ts": "2026-06-18T14:27:11.417818+05:30", "level": "DEBUG", "component": "codebase.vectordb.chromastore", "message": "[ChromaStore] Retrieval bundle", "items": [{"parent_id": "page_61_parent", "child_id": "page_61_parent_child_0", "distance": 0.23531723022460938}, {"parent_id": "page_28_parent", "child_id": "page_28_parent_child_9", "distance": 0.27584946155548096}, {"parent_id": "page_112_parent", "child_id": "page_112_parent_child_0", "distance": 0.2773369733863955}, {"parent_id": "page_88_parent", "child_id": "page_88_parent_child_0", "distance": 0.2885746955871582}, {"parent_id": "page_69_parent", "child_id": "page_69_parent_child_0", "distance": 0.30050134658813477}, {"parent_id": "page_52_parent", "child_id": "page_52_parent_child_0", "distance": 0.3124605417251587}, {"parent_id": "page_92_parent", "child_id": "page_92_parent_child_0", "distance": 0.3151342272758484}, {"parent_id": "page_11_parent", "child_id": "page_11_parent_child_0", "distance": 0.3182823657989502}]}
{"ts": "2026-06-18T14:28:28.112172+05:30", "level": "INFO", "component": "codebase.vectordb.chromastore", "message": "[ChromaStore] Initialised \u2014 path='/workspaces/Sample-1/chroma_db'"}
{"ts": "2026-06-18T14:28:28.112285+05:30", "level": "INFO", "component": "codebase.vectordb.chromastore", "message": "[ChromaStore] Initialised \u2014 path='/workspaces/Sample-1/chroma_db'"}
{"ts": "2026-06-18T14:28:28.112357+05:30", "level": "INFO", "component": "codebase.vectordb.chromastore", "message": "[ChromaStore] Creating PersistentClient at '/workspaces/Sample-1/chroma_db'"}
{"ts": "2026-06-18T14:28:28.391817+05:30", "level": "INFO", "component": "codebase.vectordb.chromastore", "message": "[ChromaStore] Client ready"}
{"ts": "2026-06-18T14:28:28.500587+05:30", "level": "INFO", "component": "codebase.vectordb.chromastore", "message": "[ChromaStore] Child search complete", "query_texts": ["What is revenue for Kalyan Jewellers for 2025?"], "requested": 8, "returned": 8, "where": null}
{"ts": "2026-06-18T14:28:28.617955+05:30", "level": "INFO", "component": "codebase.vectordb.chromastore", "message": "[ChromaStore] Parent expansion complete", "parent_ids": ["page_61_parent", "page_28_parent", "page_112_parent", "page_88_parent", "page_69_parent", "page_52_parent", "page_92_parent", "page_11_parent"], "parent_count": 8}
{"ts": "2026-06-18T14:28:28.618174+05:30", "level": "DEBUG", "component": "codebase.vectordb.chromastore", "message": "[ChromaStore] Retrieval bundle", "items": [{"parent_id": "page_61_parent", "child_id": "page_61_parent_child_0", "distance": 0.23531723022460938}, {"parent_id": "page_28_parent", "child_id": "page_28_parent_child_9", "distance": 0.27584946155548096}, {"parent_id": "page_112_parent", "child_id": "page_112_parent_child_0", "distance": 0.2773369733863955}, {"parent_id": "page_88_parent", "child_id": "page_88_parent_child_0", "distance": 0.2885746955871582}, {"parent_id": "page_69_parent", "child_id": "page_69_parent_child_0", "distance": 0.30050134658813477}, {"parent_id": "page_52_parent", "child_id": "page_52_parent_child_0", "distance": 0.3124605417251587}, {"parent_id": "page_92_parent", "child_id": "page_92_parent_child_0", "distance": 0.3151342272758484}, {"parent_id": "page_11_parent", "child_id": "page_11_parent_child_0", "distance": 0.3182823657989502}]}
{"ts": "2026-06-18T14:30:46.761616+05:30", "level": "INFO", "component": "codebase.vectordb.chromastore", "message": "[ChromaStore] Initialised \u2014 path='/workspaces/Sample-1/chroma_db'"}
{"ts": "2026-06-18T14:30:46.762148+05:30", "level": "INFO", "component": "codebase.vectordb.chromastore", "message": "[ChromaStore] Initialised \u2014 path='/workspaces/Sample-1/chroma_db'"}
{"ts": "2026-06-18T14:30:46.762249+05:30", "level": "INFO", "component": "codebase.vectordb.chromastore", "message": "[ChromaStore] Creating PersistentClient at '/workspaces/Sample-1/chroma_db'"}
{"ts": "2026-06-18T14:30:46.904810+05:30", "level": "INFO", "component": "codebase.vectordb.chromastore", "message": "[ChromaStore] Client ready"}
{"ts": "2026-06-18T14:30:46.981054+05:30", "level": "INFO", "component": "codebase.vectordb.chromastore", "message": "[ChromaStore] Child search complete", "query_texts": ["What is revenue for Kalyan Jewellers for 2023?"], "requested": 8, "returned": 8, "where": null}
{"ts": "2026-06-18T14:30:47.003706+05:30", "level": "INFO", "component": "codebase.vectordb.chromastore", "message": "[ChromaStore] Parent expansion complete", "parent_ids": ["page_61_parent", "page_28_parent", "page_112_parent", "page_88_parent", "page_69_parent", "page_11_parent", "page_52_parent", "page_92_parent"], "parent_count": 8}
{"ts": "2026-06-18T14:30:47.003997+05:30", "level": "DEBUG", "component": "codebase.vectordb.chromastore", "message": "[ChromaStore] Retrieval bundle", "items": [{"parent_id": "page_61_parent", "child_id": "page_61_parent_child_0", "distance": 0.22691458463668823}, {"parent_id": "page_28_parent", "child_id": "page_28_parent_child_9", "distance": 0.2720593214035034}, {"parent_id": "page_112_parent", "child_id": "page_112_parent_child_0", "distance": 0.27402701912126504}, {"parent_id": "page_88_parent", "child_id": "page_88_parent_child_0", "distance": 0.2844458818435669}, {"parent_id": "page_69_parent", "child_id": "page_69_parent_child_0", "distance": 0.2957819700241089}, {"parent_id": "page_11_parent", "child_id": "page_11_parent_child_0", "distance": 0.309963583946228}, {"parent_id": "page_52_parent", "child_id": "page_52_parent_child_0", "distance": 0.31109267473220825}, {"parent_id": "page_92_parent", "child_id": "page_92_parent_child_0", "distance": 0.31609177589416504}]}
