{"ts": "2026-06-22T00:00:05.783265+05:30", "level": "INFO", "component": "codebase.vectordb.chromastore", "message": "[ChromaStore] Initialised — path='/workspaces/Sample-1/chroma_db'"}
{"ts": "2026-06-22T00:02:23.892271+05:30", "level": "INFO", "component": "codebase.vectordb.chromastore", "message": "[ChromaStore] Initialised — path='/workspaces/Sample-1/chroma_db'"}
{"ts": "2026-06-22T00:02:23.894533+05:30", "level": "INFO", "component": "codebase.vectordb.chromastore", "message": "[ChromaStore] Creating PersistentClient at '/workspaces/Sample-1/chroma_db'"}
{"ts": "2026-06-22T00:02:24.221090+05:30", "level": "INFO", "component": "codebase.vectordb.chromastore", "message": "[ChromaStore] Client ready"}
{"ts": "2026-06-22T00:02:25.045149+05:30", "level": "INFO", "component": "codebase.vectordb.chromastore", "message": "Chroma Query Started", "event": "chroma_query_started", "stage": "vectordb", "status": "ok", "collection": "child_chunks", "n_results": 1, "query_count": 1}
{"ts": "2026-06-22T00:02:27.785140+05:30", "level": "INFO", "component": "codebase.vectordb.chromastore", "message": "[ChromaStore] Initialised — path='/workspaces/Sample-1/chroma_db'"}
{"ts": "2026-06-22T00:02:27.785898+05:30", "level": "INFO", "component": "codebase.vectordb.chromastore", "message": "[ChromaStore] Creating PersistentClient at '/workspaces/Sample-1/chroma_db'"}
{"ts": "2026-06-22T00:02:27.793137+05:30", "level": "INFO", "component": "codebase.vectordb.chromastore", "message": "[ChromaStore] Client ready"}
{"ts": "2026-06-22T00:02:27.864735+05:30", "level": "INFO", "component": "codebase.vectordb.chromastore", "message": "Chroma Query Started", "event": "chroma_query_started", "stage": "vectordb", "status": "ok", "collection": "child_chunks", "n_results": 1, "query_count": 1}
{"ts": "2026-06-22T00:02:30.863999+05:30", "level": "INFO", "component": "codebase.vectordb.chromastore", "message": "Chroma Query Completed", "event": "chroma_query_completed", "stage": "vectordb", "status": "ok", "collection": "child_chunks", "returned": 1}
{"ts": "2026-06-22T00:02:30.864427+05:30", "level": "INFO", "component": "codebase.vectordb.chromastore", "message": "[ChromaStore] Child search complete", "query_texts": ["performance and outlook for the year ended March 2023"], "requested": 1, "returned": 1, "where": {"company": "KALYANKJIL"}}
{"ts": "2026-06-22T00:02:30.871558+05:30", "level": "INFO", "component": "codebase.vectordb.chromastore", "message": "[ChromaStore] Parent expansion complete", "parent_ids": ["page_80_parent"], "parent_count": 1}
{"ts": "2026-06-22T00:02:30.871842+05:30", "level": "DEBUG", "component": "codebase.vectordb.chromastore", "message": "[ChromaStore] Retrieval bundle", "items": [{"parent_id": "page_80_parent", "child_id": "page_80_parent_child_2", "distance": 0.46379637718200684}]}
{"ts": "2026-06-22T00:02:34.402345+05:30", "level": "INFO", "component": "codebase.vectordb.chromastore", "message": "[ChromaStore] Initialised — path='/workspaces/Sample-1/chroma_db'"}
{"ts": "2026-06-22T00:02:34.404306+05:30", "level": "INFO", "component": "codebase.vectordb.chromastore", "message": "[ChromaStore] Creating PersistentClient at '/workspaces/Sample-1/chroma_db'"}
{"ts": "2026-06-22T00:02:34.409312+05:30", "level": "INFO", "component": "codebase.vectordb.chromastore", "message": "[ChromaStore] Client ready"}
{"ts": "2026-06-22T00:02:34.576751+05:30", "level": "INFO", "component": "codebase.vectordb.chromastore", "message": "Chroma Query Started", "event": "chroma_query_started", "stage": "vectordb", "status": "ok", "collection": "child_chunks", "n_results": 1, "query_count": 1}
{"ts": "2026-06-22T00:02:38.395273+05:30", "level": "INFO", "component": "codebase.vectordb.chromastore", "message": "[ChromaStore] Initialised — path='/workspaces/Sample-1/chroma_db'"}
{"ts": "2026-06-22T00:02:38.396003+05:30", "level": "INFO", "component": "codebase.vectordb.chromastore", "message": "[ChromaStore] Creating PersistentClient at '/workspaces/Sample-1/chroma_db'"}
{"ts": "2026-06-22T00:02:38.403595+05:30", "level": "INFO", "component": "codebase.vectordb.chromastore", "message": "[ChromaStore] Client ready"}
{"ts": "2026-06-22T00:02:38.429845+05:30", "level": "INFO", "component": "codebase.vectordb.chromastore", "message": "Chroma Query Started", "event": "chroma_query_started", "stage": "vectordb", "status": "ok", "collection": "child_chunks", "n_results": 1, "query_count": 1}
{"ts": "2026-06-22T00:02:38.490942+05:30", "level": "INFO", "component": "codebase.vectordb.chromastore", "message": "Chroma Query Completed", "event": "chroma_query_completed", "stage": "vectordb", "status": "ok", "collection": "child_chunks", "returned": 1}
{"ts": "2026-06-22T00:02:38.491162+05:30", "level": "INFO", "component": "codebase.vectordb.chromastore", "message": "[ChromaStore] Child search complete", "query_texts": ["business performance and outlook for the period ending March 2023"], "requested": 1, "returned": 1, "where": {"company": "KALYANKJIL"}}
{"ts": "2026-06-22T00:02:38.493528+05:30", "level": "INFO", "component": "codebase.vectordb.chromastore", "message": "[ChromaStore] Parent expansion complete", "parent_ids": ["page_80_parent"], "parent_count": 1}
{"ts": "2026-06-22T00:02:38.493644+05:30", "level": "DEBUG", "component": "codebase.vectordb.chromastore", "message": "[ChromaStore] Retrieval bundle", "items": [{"parent_id": "page_80_parent", "child_id": "page_80_parent_child_2", "distance": 0.4200817942619324}]}
{"ts": "2026-06-22T00:11:44.937394+05:30", "level": "INFO", "component": "codebase.vectordb.chromastore", "message": "[ChromaStore] Initialised — path='/workspaces/Sample-1/chroma_db'"}
{"ts": "2026-06-22T00:15:10.332846+05:30", "level": "INFO", "component": "codebase.vectordb.chromastore", "message": "[ChromaStore] Initialised — path='/workspaces/Sample-1/chroma_db'"}
{"ts": "2026-06-22T00:29:00.826245+05:30", "level": "INFO", "component": "codebase.vectordb.chromastore", "message": "[ChromaStore] Initialised — path='/workspaces/Sample-1/chroma_db'"}
