{"ts": "2026-06-20T17:00:32.601654+05:30", "level": "INFO", "component": "codebase.vectordb.chromastore", "message": "[ChromaStore] Initialised — path='/workspaces/Sample-1/chroma_db'"}
{"ts": "2026-06-20T17:00:32.601836+05:30", "level": "INFO", "component": "codebase.vectordb.chromastore", "message": "[ChromaStore] Initialised — path='/workspaces/Sample-1/chroma_db'"}
{"ts": "2026-06-20T17:00:32.602027+05:30", "level": "INFO", "component": "codebase.vectordb.chromastore", "message": "[ChromaStore] Creating PersistentClient at '/workspaces/Sample-1/chroma_db'"}
{"ts": "2026-06-20T17:00:32.821051+05:30", "level": "INFO", "component": "codebase.vectordb.chromastore", "message": "[ChromaStore] Client ready"}
{"ts": "2026-06-20T17:00:32.856938+05:30", "level": "INFO", "component": "codebase.vectordb.chromastore", "message": "Chroma Query Started", "event": "chroma_query_started", "stage": "vectordb", "status": "ok", "collection": "child_chunks", "n_results": 8, "query_count": 1}
{"ts": "2026-06-20T17:00:33.340028+05:30", "level": "INFO", "component": "codebase.vectordb.chromastore", "message": "Chroma Query Completed", "event": "chroma_query_completed", "stage": "vectordb", "status": "ok", "collection": "child_chunks", "returned": 8}
{"ts": "2026-06-20T17:00:33.340288+05:30", "level": "INFO", "component": "codebase.vectordb.chromastore", "message": "[ChromaStore] Child search complete", "query_texts": ["What is revenue for Kalyan Jewellers for 2023?"], "requested": 8, "returned": 8, "where": null}
{"ts": "2026-06-20T17:00:33.361923+05:30", "level": "INFO", "component": "codebase.vectordb.chromastore", "message": "[ChromaStore] Parent expansion complete", "parent_ids": ["page_61_parent", "page_28_parent", "page_112_parent", "page_88_parent", "page_69_parent", "page_11_parent", "page_52_parent", "page_92_parent"], "parent_count": 8}
{"ts": "2026-06-20T17:00:33.362214+05:30", "level": "DEBUG", "component": "codebase.vectordb.chromastore", "message": "[ChromaStore] Retrieval bundle", "items": [{"parent_id": "page_61_parent", "child_id": "page_61_parent_child_0", "distance": 0.22691458463668823}, {"parent_id": "page_28_parent", "child_id": "page_28_parent_child_9", "distance": 0.2720593214035034}, {"parent_id": "page_112_parent", "child_id": "page_112_parent_child_0", "distance": 0.27402701912126504}, {"parent_id": "page_88_parent", "child_id": "page_88_parent_child_0", "distance": 0.2844458818435669}, {"parent_id": "page_69_parent", "child_id": "page_69_parent_child_0", "distance": 0.2957819700241089}, {"parent_id": "page_11_parent", "child_id": "page_11_parent_child_0", "distance": 0.309963583946228}, {"parent_id": "page_52_parent", "child_id": "page_52_parent_child_0", "distance": 0.31109267473220825}, {"parent_id": "page_92_parent", "child_id": "page_92_parent_child_0", "distance": 0.31609177589416504}]}
{"ts": "2026-06-20T17:01:50.388186+05:30", "level": "INFO", "component": "codebase.vectordb.chromastore", "message": "[ChromaStore] Initialised — path='/workspaces/Sample-1/chroma_db'"}
{"ts": "2026-06-20T17:01:50.388380+05:30", "level": "INFO", "component": "codebase.vectordb.chromastore", "message": "[ChromaStore] Initialised — path='/workspaces/Sample-1/chroma_db'"}
{"ts": "2026-06-20T17:01:50.388606+05:30", "level": "INFO", "component": "codebase.vectordb.chromastore", "message": "[ChromaStore] Creating PersistentClient at '/workspaces/Sample-1/chroma_db'"}
{"ts": "2026-06-20T17:01:50.529966+05:30", "level": "INFO", "component": "codebase.vectordb.chromastore", "message": "[ChromaStore] Client ready"}
{"ts": "2026-06-20T17:01:50.559029+05:30", "level": "INFO", "component": "codebase.vectordb.chromastore", "message": "Chroma Query Started", "event": "chroma_query_started", "stage": "vectordb", "status": "ok", "collection": "child_chunks", "n_results": 8, "query_count": 1}
{"ts": "2026-06-20T17:01:50.797508+05:30", "level": "INFO", "component": "codebase.vectordb.chromastore", "message": "Chroma Query Completed", "event": "chroma_query_completed", "stage": "vectordb", "status": "ok", "collection": "child_chunks", "returned": 8}
{"ts": "2026-06-20T17:01:50.797827+05:30", "level": "INFO", "component": "codebase.vectordb.chromastore", "message": "[ChromaStore] Child search complete", "query_texts": ["What is revenue for Kalyan Jewellers for 2023?"], "requested": 8, "returned": 8, "where": null}
{"ts": "2026-06-20T17:01:50.803176+05:30", "level": "INFO", "component": "codebase.vectordb.chromastore", "message": "[ChromaStore] Parent expansion complete", "parent_ids": ["page_61_parent", "page_28_parent", "page_112_parent", "page_88_parent", "page_69_parent", "page_11_parent", "page_52_parent", "page_92_parent"], "parent_count": 8}
{"ts": "2026-06-20T17:01:50.803354+05:30", "level": "DEBUG", "component": "codebase.vectordb.chromastore", "message": "[ChromaStore] Retrieval bundle", "items": [{"parent_id": "page_61_parent", "child_id": "page_61_parent_child_0", "distance": 0.22691458463668823}, {"parent_id": "page_28_parent", "child_id": "page_28_parent_child_9", "distance": 0.2720593214035034}, {"parent_id": "page_112_parent", "child_id": "page_112_parent_child_0", "distance": 0.27402701912126504}, {"parent_id": "page_88_parent", "child_id": "page_88_parent_child_0", "distance": 0.2844458818435669}, {"parent_id": "page_69_parent", "child_id": "page_69_parent_child_0", "distance": 0.2957819700241089}, {"parent_id": "page_11_parent", "child_id": "page_11_parent_child_0", "distance": 0.309963583946228}, {"parent_id": "page_52_parent", "child_id": "page_52_parent_child_0", "distance": 0.31109267473220825}, {"parent_id": "page_92_parent", "child_id": "page_92_parent_child_0", "distance": 0.31609177589416504}]}
{"ts": "2026-06-20T17:26:47.392998+05:30", "level": "INFO", "component": "codebase.vectordb.chromastore", "message": "[ChromaStore] Initialised — path='/workspaces/Sample-1/chroma_db'"}
{"ts": "2026-06-20T17:26:47.393546+05:30", "level": "INFO", "component": "codebase.vectordb.chromastore", "message": "[ChromaStore] Initialised — path='/workspaces/Sample-1/chroma_db'"}
{"ts": "2026-06-20T17:40:48.060354+05:30", "level": "INFO", "component": "codebase.vectordb.chromastore", "message": "[ChromaStore] Initialised — path='/workspaces/Sample-1/chroma_db'"}
{"ts": "2026-06-20T17:40:48.067387+05:30", "level": "INFO", "component": "codebase.vectordb.chromastore", "message": "[ChromaStore] Initialised — path='/workspaces/Sample-1/chroma_db'"}
{"ts": "2026-06-20T17:40:48.067702+05:30", "level": "INFO", "component": "codebase.vectordb.chromastore", "message": "[ChromaStore] Creating PersistentClient at '/workspaces/Sample-1/chroma_db'"}
{"ts": "2026-06-20T17:40:48.465057+05:30", "level": "INFO", "component": "codebase.vectordb.chromastore", "message": "[ChromaStore] Client ready"}
{"ts": "2026-06-20T17:40:49.338068+05:30", "level": "INFO", "component": "codebase.vectordb.chromastore", "message": "Chroma Query Started", "event": "chroma_query_started", "stage": "vectordb", "status": "ok", "collection": "child_chunks", "n_results": 5, "query_count": 1}
{"ts": "2026-06-20T17:40:50.392805+05:30", "level": "INFO", "component": "codebase.vectordb.chromastore", "message": "Chroma Query Completed", "event": "chroma_query_completed", "stage": "vectordb", "status": "ok", "collection": "child_chunks", "returned": 5}
{"ts": "2026-06-20T17:45:38.019196+05:30", "level": "INFO", "component": "codebase.vectordb.chromastore", "message": "[ChromaStore] Initialised — path='/workspaces/Sample-1/chroma_db'"}
{"ts": "2026-06-20T17:45:38.019837+05:30", "level": "INFO", "component": "codebase.vectordb.chromastore", "message": "[ChromaStore] Initialised — path='/workspaces/Sample-1/chroma_db'"}
{"ts": "2026-06-20T17:45:38.020051+05:30", "level": "INFO", "component": "codebase.vectordb.chromastore", "message": "[ChromaStore] Creating PersistentClient at '/workspaces/Sample-1/chroma_db'"}
{"ts": "2026-06-20T17:45:38.363257+05:30", "level": "INFO", "component": "codebase.vectordb.chromastore", "message": "[ChromaStore] Client ready"}
{"ts": "2026-06-20T17:45:38.904411+05:30", "level": "INFO", "component": "codebase.vectordb.chromastore", "message": "Chroma Query Started", "event": "chroma_query_started", "stage": "vectordb", "status": "ok", "collection": "child_chunks", "n_results": 5, "query_count": 1}
{"ts": "2026-06-20T17:45:39.888878+05:30", "level": "INFO", "component": "codebase.vectordb.chromastore", "message": "Chroma Query Completed", "event": "chroma_query_completed", "stage": "vectordb", "status": "ok", "collection": "child_chunks", "returned": 5}
{"ts": "2026-06-20T17:45:39.889256+05:30", "level": "INFO", "component": "codebase.vectordb.chromastore", "message": "[ChromaStore] Child search complete", "query_texts": ["what is the revenue for FY23?"], "requested": 5, "returned": 5, "where": {"company": "KALYANKJIL"}}
{"ts": "2026-06-20T17:45:39.906395+05:30", "level": "INFO", "component": "codebase.vectordb.chromastore", "message": "[ChromaStore] Parent expansion complete", "parent_ids": ["page_12_parent", "page_28_parent", "page_29_parent"], "parent_count": 3}
{"ts": "2026-06-20T17:45:39.906644+05:30", "level": "DEBUG", "component": "codebase.vectordb.chromastore", "message": "[ChromaStore] Retrieval bundle", "items": [{"parent_id": "page_12_parent", "child_id": "page_12_parent_child_4", "distance": 0.3703654408454895}, {"parent_id": "page_28_parent", "child_id": "page_28_parent_child_10", "distance": 0.382617712020874}, {"parent_id": "page_29_parent", "child_id": "page_29_parent_child_3", "distance": 0.39939016103744507}]}
{"ts": "2026-06-20T17:45:39.908826+05:30", "level": "INFO", "component": "codebase.vectordb.chromastore", "message": "[ChromaStore] === ChromaDB Status ===\n  child_chunks: 1100 chunks"}
{"ts": "2026-06-20T17:45:39.910462+05:30", "level": "INFO", "component": "codebase.vectordb.chromastore", "message": "[ChromaStore] === ChromaDB Status ===\n  parent_sections: 131 chunks"}
{"ts": "2026-06-20T17:47:20.439405+05:30", "level": "INFO", "component": "codebase.vectordb.chromastore", "message": "[ChromaStore] Initialised — path='/workspaces/Sample-1/chroma_db'"}
{"ts": "2026-06-20T17:47:20.439684+05:30", "level": "INFO", "component": "codebase.vectordb.chromastore", "message": "[ChromaStore] Initialised — path='/workspaces/Sample-1/chroma_db'"}
{"ts": "2026-06-20T17:47:20.439919+05:30", "level": "INFO", "component": "codebase.vectordb.chromastore", "message": "[ChromaStore] Creating PersistentClient at '/workspaces/Sample-1/chroma_db'"}
{"ts": "2026-06-20T17:47:20.776103+05:30", "level": "INFO", "component": "codebase.vectordb.chromastore", "message": "[ChromaStore] Client ready"}
{"ts": "2026-06-20T17:47:20.909221+05:30", "level": "INFO", "component": "codebase.vectordb.chromastore", "message": "Chroma Query Started", "event": "chroma_query_started", "stage": "vectordb", "status": "ok", "collection": "child_chunks", "n_results": 5, "query_count": 1}
{"ts": "2026-06-20T17:47:21.715735+05:30", "level": "INFO", "component": "codebase.vectordb.chromastore", "message": "Chroma Query Completed", "event": "chroma_query_completed", "stage": "vectordb", "status": "ok", "collection": "child_chunks", "returned": 5}
{"ts": "2026-06-20T17:47:21.717898+05:30", "level": "INFO", "component": "codebase.vectordb.chromastore", "message": "[ChromaStore] Child search complete", "query_texts": ["what is the revenue for FY23?"], "requested": 5, "returned": 5, "where": {"company": "KALYANKJIL"}}
{"ts": "2026-06-20T17:47:21.726194+05:30", "level": "INFO", "component": "codebase.vectordb.chromastore", "message": "[ChromaStore] Parent expansion complete", "parent_ids": ["page_12_parent", "page_28_parent", "page_29_parent"], "parent_count": 3}
{"ts": "2026-06-20T17:47:21.726350+05:30", "level": "DEBUG", "component": "codebase.vectordb.chromastore", "message": "[ChromaStore] Retrieval bundle", "items": [{"parent_id": "page_12_parent", "child_id": "page_12_parent_child_4", "distance": 0.3703654408454895}, {"parent_id": "page_28_parent", "child_id": "page_28_parent_child_10", "distance": 0.382617712020874}, {"parent_id": "page_29_parent", "child_id": "page_29_parent_child_3", "distance": 0.39939016103744507}]}
{"ts": "2026-06-20T17:47:21.729166+05:30", "level": "INFO", "component": "codebase.vectordb.chromastore", "message": "[ChromaStore] === ChromaDB Status ===\n  child_chunks: 1100 chunks"}
{"ts": "2026-06-20T17:47:21.731711+05:30", "level": "INFO", "component": "codebase.vectordb.chromastore", "message": "[ChromaStore] === ChromaDB Status ===\n  parent_sections: 131 chunks"}
{"ts": "2026-06-20T17:48:05.549624+05:30", "level": "INFO", "component": "codebase.vectordb.chromastore", "message": "[ChromaStore] Initialised — path='/workspaces/Sample-1/chroma_db'"}
{"ts": "2026-06-20T17:48:05.549869+05:30", "level": "INFO", "component": "codebase.vectordb.chromastore", "message": "[ChromaStore] Initialised — path='/workspaces/Sample-1/chroma_db'"}
{"ts": "2026-06-20T17:48:05.550081+05:30", "level": "INFO", "component": "codebase.vectordb.chromastore", "message": "[ChromaStore] Creating PersistentClient at '/workspaces/Sample-1/chroma_db'"}
{"ts": "2026-06-20T17:48:05.777071+05:30", "level": "INFO", "component": "codebase.vectordb.chromastore", "message": "[ChromaStore] Client ready"}
{"ts": "2026-06-20T17:48:05.889565+05:30", "level": "INFO", "component": "codebase.vectordb.chromastore", "message": "Chroma Query Started", "event": "chroma_query_started", "stage": "vectordb", "status": "ok", "collection": "child_chunks", "n_results": 5, "query_count": 1}
{"ts": "2026-06-20T17:48:06.547679+05:30", "level": "INFO", "component": "codebase.vectordb.chromastore", "message": "Chroma Query Completed", "event": "chroma_query_completed", "stage": "vectordb", "status": "ok", "collection": "child_chunks", "returned": 5}
{"ts": "2026-06-20T17:48:06.548023+05:30", "level": "INFO", "component": "codebase.vectordb.chromastore", "message": "[ChromaStore] Child search complete", "query_texts": ["what is the revenue for FY23?"], "requested": 5, "returned": 5, "where": {"company": "KALYANKJIL"}}
{"ts": "2026-06-20T17:48:06.555120+05:30", "level": "INFO", "component": "codebase.vectordb.chromastore", "message": "[ChromaStore] Parent expansion complete", "parent_ids": ["page_12_parent", "page_28_parent", "page_29_parent"], "parent_count": 3}
{"ts": "2026-06-20T17:48:06.555295+05:30", "level": "DEBUG", "component": "codebase.vectordb.chromastore", "message": "[ChromaStore] Retrieval bundle", "items": [{"parent_id": "page_12_parent", "child_id": "page_12_parent_child_4", "distance": 0.3703654408454895}, {"parent_id": "page_28_parent", "child_id": "page_28_parent_child_10", "distance": 0.382617712020874}, {"parent_id": "page_29_parent", "child_id": "page_29_parent_child_3", "distance": 0.39939016103744507}]}
{"ts": "2026-06-20T17:48:06.558073+05:30", "level": "INFO", "component": "codebase.vectordb.chromastore", "message": "[ChromaStore] === ChromaDB Status ===\n  child_chunks: 1100 chunks"}
{"ts": "2026-06-20T17:48:06.560384+05:30", "level": "INFO", "component": "codebase.vectordb.chromastore", "message": "[ChromaStore] === ChromaDB Status ===\n  parent_sections: 131 chunks"}
