{"ts": "2026-06-19T20:05:17.110578+05:30", "level": "INFO", "component": "codebase.vectordb.chromastore", "message": "[ChromaStore] Initialised — path='/workspaces/Sample-1/chroma_db'"}
{"ts": "2026-06-19T20:05:17.110765+05:30", "level": "INFO", "component": "codebase.vectordb.chromastore", "message": "[ChromaStore] Initialised — path='/workspaces/Sample-1/chroma_db'"}
{"ts": "2026-06-19T20:05:17.243214+05:30", "level": "INFO", "component": "codebase.vectordb.chromastore", "message": "Chroma Store Started", "event": "chroma_store_started", "stage": "vectordb", "status": "ok", "collection": "kalyan_annual", "path": "/workspaces/Sample-1/chroma_db"}
{"ts": "2026-06-19T20:05:17.252126+05:30", "level": "INFO", "component": "codebase.vectordb.chromastore", "message": "Embedding Bundle Loaded", "event": "embedding_bundle_loaded", "stage": "vectordb", "status": "ok", "parents": 111, "children": 771}
{"ts": "2026-06-19T20:05:17.252552+05:30", "level": "INFO", "component": "codebase.vectordb.chromastore", "message": "[ChromaStore] Creating PersistentClient at '/workspaces/Sample-1/chroma_db'"}
{"ts": "2026-06-19T20:05:17.717524+05:30", "level": "INFO", "component": "codebase.vectordb.chromastore", "message": "[ChromaStore] Client ready"}
{"ts": "2026-06-19T20:05:34.031392+05:30", "level": "INFO", "component": "codebase.vectordb.chromastore", "message": "Chroma Upsert Batch Completed", "event": "chroma_upsert_batch_completed", "stage": "vectordb", "status": "ok", "collection": "parent_sections", "start": 0, "count": 100}
{"ts": "2026-06-19T20:05:35.033578+05:30", "level": "INFO", "component": "codebase.vectordb.chromastore", "message": "Chroma Upsert Batch Completed", "event": "chroma_upsert_batch_completed", "stage": "vectordb", "status": "ok", "collection": "parent_sections", "start": 100, "count": 11}
{"ts": "2026-06-19T20:05:35.033796+05:30", "level": "INFO", "component": "codebase.vectordb.chromastore", "message": "[ChromaStore] Upsert complete — 111 chunks into 'parent_sections'"}
{"ts": "2026-06-19T20:05:42.725019+05:30", "level": "INFO", "component": "codebase.vectordb.chromastore", "message": "Chroma Upsert Batch Completed", "event": "chroma_upsert_batch_completed", "stage": "vectordb", "status": "ok", "collection": "child_chunks", "start": 0, "count": 100}
{"ts": "2026-06-19T20:05:50.220991+05:30", "level": "INFO", "component": "codebase.vectordb.chromastore", "message": "Chroma Upsert Batch Completed", "event": "chroma_upsert_batch_completed", "stage": "vectordb", "status": "ok", "collection": "child_chunks", "start": 100, "count": 100}
{"ts": "2026-06-19T20:05:57.907447+05:30", "level": "INFO", "component": "codebase.vectordb.chromastore", "message": "Chroma Upsert Batch Completed", "event": "chroma_upsert_batch_completed", "stage": "vectordb", "status": "ok", "collection": "child_chunks", "start": 200, "count": 100}
{"ts": "2026-06-19T20:06:04.780663+05:30", "level": "INFO", "component": "codebase.vectordb.chromastore", "message": "Chroma Upsert Batch Completed", "event": "chroma_upsert_batch_completed", "stage": "vectordb", "status": "ok", "collection": "child_chunks", "start": 300, "count": 100}
{"ts": "2026-06-19T20:06:11.984932+05:30", "level": "INFO", "component": "codebase.vectordb.chromastore", "message": "Chroma Upsert Batch Completed", "event": "chroma_upsert_batch_completed", "stage": "vectordb", "status": "ok", "collection": "child_chunks", "start": 400, "count": 100}
{"ts": "2026-06-19T20:06:19.463323+05:30", "level": "INFO", "component": "codebase.vectordb.chromastore", "message": "Chroma Upsert Batch Completed", "event": "chroma_upsert_batch_completed", "stage": "vectordb", "status": "ok", "collection": "child_chunks", "start": 500, "count": 100}
{"ts": "2026-06-19T20:06:27.978357+05:30", "level": "INFO", "component": "codebase.vectordb.chromastore", "message": "Chroma Upsert Batch Completed", "event": "chroma_upsert_batch_completed", "stage": "vectordb", "status": "ok", "collection": "child_chunks", "start": 600, "count": 100}
{"ts": "2026-06-19T20:06:33.277360+05:30", "level": "INFO", "component": "codebase.vectordb.chromastore", "message": "Chroma Upsert Batch Completed", "event": "chroma_upsert_batch_completed", "stage": "vectordb", "status": "ok", "collection": "child_chunks", "start": 700, "count": 71}
{"ts": "2026-06-19T20:06:33.277706+05:30", "level": "INFO", "component": "codebase.vectordb.chromastore", "message": "[ChromaStore] Upsert complete — 771 chunks into 'child_chunks'"}
{"ts": "2026-06-19T20:06:33.279194+05:30", "level": "INFO", "component": "codebase.vectordb.chromastore", "message": "Chroma Store Completed", "event": "chroma_store_completed", "stage": "vectordb", "status": "ok", "parent_collection": "parent_sections", "child_collection": "child_chunks", "parents": 111, "children": 771}
{"ts": "2026-06-19T20:06:33.311939+05:30", "level": "INFO", "component": "codebase.vectordb.chromastore", "message": "Chroma Query Started", "event": "chroma_query_started", "stage": "vectordb", "status": "ok", "collection": "child_chunks", "n_results": 5, "query_count": 1}
{"ts": "2026-06-19T20:06:33.420439+05:30", "level": "INFO", "component": "codebase.vectordb.chromastore", "message": "Chroma Query Completed", "event": "chroma_query_completed", "stage": "vectordb", "status": "ok", "collection": "child_chunks", "returned": 5}
{"ts": "2026-06-19T20:06:33.420664+05:30", "level": "INFO", "component": "codebase.vectordb.chromastore", "message": "[ChromaStore] Child search complete", "query_texts": ["what is the revenue for FY23?"], "requested": 5, "returned": 5, "where": {"company": "KALYANKJIL"}}
{"ts": "2026-06-19T20:06:33.422789+05:30", "level": "INFO", "component": "codebase.vectordb.chromastore", "message": "[ChromaStore] Parent expansion complete", "parent_ids": ["page_12_parent", "page_28_parent", "page_29_parent"], "parent_count": 3}
{"ts": "2026-06-19T20:06:33.422942+05:30", "level": "DEBUG", "component": "codebase.vectordb.chromastore", "message": "[ChromaStore] Retrieval bundle", "items": [{"parent_id": "page_12_parent", "child_id": "page_12_parent_child_4", "distance": 0.3703654408454895}, {"parent_id": "page_28_parent", "child_id": "page_28_parent_child_10", "distance": 0.382617712020874}, {"parent_id": "page_29_parent", "child_id": "page_29_parent_child_3", "distance": 0.39939016103744507}]}
{"ts": "2026-06-19T20:06:33.424507+05:30", "level": "INFO", "component": "codebase.vectordb.chromastore", "message": "[ChromaStore] === ChromaDB Status ===\n  child_chunks: 1100 chunks"}
{"ts": "2026-06-19T20:06:33.425977+05:30", "level": "INFO", "component": "codebase.vectordb.chromastore", "message": "[ChromaStore] === ChromaDB Status ===\n  parent_sections: 131 chunks"}
