{"ts": "2026-06-13T14:25:06.203357+05:30", "level": "INFO", "component": "__main__", "message": "[PipelineRunner] Initialised \u2014 company=KALYANKJIL, year=2025, doc_type=ANNUAL_REPORT"}
{"ts": "2026-06-13T14:25:06.203490+05:30", "level": "INFO", "component": "__main__", "message": "============================================================"}
{"ts": "2026-06-13T14:25:06.203599+05:30", "level": "INFO", "component": "__main__", "message": "  PIPELINE STARTED"}
{"ts": "2026-06-13T14:25:06.203710+05:30", "level": "INFO", "component": "__main__", "message": "  File   : 1-50.json"}
{"ts": "2026-06-13T14:25:06.203799+05:30", "level": "INFO", "component": "__main__", "message": "  Ticker : KALYANKJIL | Year: 2025"}
{"ts": "2026-06-13T14:25:06.203882+05:30", "level": "INFO", "component": "__main__", "message": "============================================================"}
{"ts": "2026-06-13T14:25:06.203977+05:30", "level": "INFO", "component": "__main__", "message": "[PipelineRunner] Loading: /workspaces/intelligentstockanalyzer/uploads/KALYANKJIL/ANNUAL_2025/1-50.json"}
{"ts": "2026-06-13T14:25:06.303130+05:30", "level": "INFO", "component": "__main__", "message": "[PipelineRunner] 49 pages loaded"}
{"ts": "2026-06-13T14:25:06.303805+05:30", "level": "INFO", "component": "__main__", "message": "  Page    1 \u2014 SKIPPED (12 words below threshold)"}
{"ts": "2026-06-13T14:25:06.317530+05:30", "level": "INFO", "component": "__main__", "message": "  Page    2 \u2014 OK | words=  350 | table=False | type=None                      | intents=['table_of_contents', 'company_overview', 'performance_highlights', 'strategic_overview', 'esg_csr', 'general_narrative']"}
{"ts": "2026-06-13T14:25:06.318115+05:30", "level": "INFO", "component": "__main__", "message": "  Page    3 \u2014 SKIPPED (19 words below threshold)"}
{"ts": "2026-06-13T14:25:06.321748+05:30", "level": "INFO", "component": "__main__", "message": "  Page    4 \u2014 OK | words=  358 | table=False | type=None                      | intents=['vision_mission_values', 'company_overview', 'retail_footprint_expansion', 'human_resources_employees', 'general_narrative']"}
{"ts": "2026-06-13T14:25:06.326372+05:30", "level": "INFO", "component": "__main__", "message": "  Page    5 \u2014 OK | words=   10 | table=True  | type=TableType.QUALITATIVE     | intents=['company_timeline', 'competitive_strengths', 'retail_footprint_expansion', 'subsidiary_information', 'general_narrative']"}
{"ts": "2026-06-13T14:25:06.328771+05:30", "level": "INFO", "component": "__main__", "message": "  Page    6 \u2014 OK | words=  388 | table=False | type=None                      | intents=['competitive_strengths', 'product_portfolio', 'general_narrative']"}
{"ts": "2026-06-13T14:25:06.332436+05:30", "level": "INFO", "component": "__main__", "message": "  Page    7 \u2014 OK | words=  202 | table=False | type=None                      | intents=['retail_footprint_expansion', 'general_narrative']"}
{"ts": "2026-06-13T14:25:06.336140+05:30", "level": "INFO", "component": "__main__", "message": "  Page    8 \u2014 OK | words=  262 | table=False | type=None                      | intents=['vision_mission_values', 'retail_footprint_expansion', 'general_narrative']"}
{"ts": "2026-06-13T14:25:06.340414+05:30", "level": "INFO", "component": "__main__", "message": "  Page    9 \u2014 OK | words=  403 | table=False | type=None                      | intents=['product_portfolio', 'general_narrative']"}
{"ts": "2026-06-13T14:25:06.344040+05:30", "level": "INFO", "component": "__main__", "message": "  Page   10 \u2014 OK | words=  100 | table=True  | type=TableType.QUALITATIVE     | intents=['strategic_overview', 'supply_chain', 'general_narrative']"}
{"ts": "2026-06-13T14:25:06.346354+05:30", "level": "INFO", "component": "__main__", "message": "  Page   11 \u2014 OK | words=  170 | table=False | type=None                      | intents=['company_timeline', 'retail_footprint_expansion', 'general_narrative']"}
{"ts": "2026-06-13T14:25:06.352602+05:30", "level": "INFO", "component": "__main__", "message": "  Page   12 \u2014 OK | words=  498 | table=True  | type=TableType.QUALITATIVE     | intents=['retail_footprint_expansion', 'strategic_overview', 'marketing_promotions', 'technology_digitisation', 'general_narrative']"}
{"ts": "2026-06-13T14:25:06.353481+05:30", "level": "INFO", "component": "__main__", "message": "  Page   13 \u2014 SKIPPED (4 words below threshold)"}
{"ts": "2026-06-13T14:25:06.357801+05:30", "level": "INFO", "component": "__main__", "message": "  Page   14 \u2014 OK | words=  154 | table=True  | type=TableType.FINANCIAL       | intents=['performance_highlights', 'general_narrative']"}
{"ts": "2026-06-13T14:25:06.362366+05:30", "level": "INFO", "component": "__main__", "message": "  Page   15 \u2014 OK | words=   71 | table=True  | type=TableType.FINANCIAL       | intents=['retail_footprint_expansion', 'general_narrative']"}
{"ts": "2026-06-13T14:25:06.372107+05:30", "level": "INFO", "component": "__main__", "message": "  Page   16 \u2014 OK | words=  818 | table=False | type=None                      | intents=['mds_message', 'retail_footprint_expansion', 'marketing_promotions', 'technology_digitisation', 'general_narrative']"}
{"ts": "2026-06-13T14:25:06.376137+05:30", "level": "INFO", "component": "__main__", "message": "  Page   17 \u2014 SKIPPED (3 words below threshold)"}
{"ts": "2026-06-13T14:25:06.385657+05:30", "level": "INFO", "component": "__main__", "message": "  Page   18 \u2014 OK | words=  348 | table=False | type=None                      | intents=['retail_footprint_expansion', 'product_portfolio', 'strategic_overview', 'general_narrative']"}
{"ts": "2026-06-13T14:25:06.394101+05:30", "level": "INFO", "component": "__main__", "message": "  Page   19 \u2014 OK | words=  456 | table=False | type=None                      | intents=['retail_footprint_expansion', 'strategic_overview', 'technology_digitisation', 'supply_chain', 'shareholder_investor_info', 'general_narrative']"}
{"ts": "2026-06-13T14:25:06.397238+05:30", "level": "INFO", "component": "__main__", "message": "  Page   20 \u2014 OK | words=  290 | table=False | type=None                      | intents=['retail_footprint_expansion', 'technology_digitisation', 'general_narrative']"}
{"ts": "2026-06-13T14:25:06.400270+05:30", "level": "INFO", "component": "__main__", "message": "  Page   21 \u2014 OK | words=  284 | table=False | type=None                      | intents=['retail_footprint_expansion', 'marketing_promotions', 'general_narrative']"}
{"ts": "2026-06-13T14:25:06.402820+05:30", "level": "INFO", "component": "__main__", "message": "  Page   22 \u2014 OK | words=  174 | table=False | type=None                      | intents=['marketing_promotions', 'general_narrative']"}
{"ts": "2026-06-13T14:25:06.403361+05:30", "level": "INFO", "component": "__main__", "message": "  Page   23 \u2014 SKIPPED (10 words below threshold)"}
{"ts": "2026-06-13T14:25:06.407192+05:30", "level": "INFO", "component": "__main__", "message": "  Page   24 \u2014 OK | words=  389 | table=False | type=None                      | intents=['vision_mission_values', 'esg_csr', 'general_narrative']"}
{"ts": "2026-06-13T14:25:06.412470+05:30", "level": "INFO", "component": "__main__", "message": "  Page   25 \u2014 OK | words=  624 | table=False | type=None                      | intents=['general_narrative']"}
{"ts": "2026-06-13T14:25:06.415612+05:30", "level": "INFO", "component": "__main__", "message": "  Page   26 \u2014 OK | words=  215 | table=True  | type=TableType.QUALITATIVE     | intents=['esg_csr', 'corporate_governance', 'risk_management', 'general_narrative']"}
{"ts": "2026-06-13T14:25:06.417664+05:30", "level": "INFO", "component": "__main__", "message": "  Page   27 \u2014 OK | words=  217 | table=False | type=None                      | intents=['retail_footprint_expansion', 'esg_csr', 'general_narrative']"}
{"ts": "2026-06-13T14:25:06.420316+05:30", "level": "INFO", "component": "__main__", "message": "  Page   28 \u2014 OK | words=  304 | table=False | type=None                      | intents=['corporate_governance', 'risk_management', 'general_narrative']"}
{"ts": "2026-06-13T14:25:06.422238+05:30", "level": "INFO", "component": "__main__", "message": "  Page   29 \u2014 OK | words=  171 | table=False | type=None                      | intents=['management_team', 'general_narrative']"}
{"ts": "2026-06-13T14:25:06.430888+05:30", "level": "INFO", "component": "__main__", "message": "  Page   30 \u2014 OK | words= 1238 | table=True  | type=TableType.FINANCIAL       | intents=['mda', 'esg_csr', 'directors_report', 'corporate_governance', 'shareholder_investor_info', 'risk_management', 'human_resources_employees', 'general_narrative']"}
{"ts": "2026-06-13T14:25:06.441545+05:30", "level": "INFO", "component": "__main__", "message": "  Page   31 \u2014 OK | words= 1079 | table=True  | type=TableType.QUALITATIVE     | intents=['corporate_governance', 'related_party_transactions', 'subsidiary_information', 'general_narrative']"}
{"ts": "2026-06-13T14:25:06.453637+05:30", "level": "INFO", "component": "__main__", "message": "  Page   32 \u2014 OK | words= 1215 | table=True  | type=TableType.QUALITATIVE     | intents=['management_team', 'corporate_governance', 'auditors_report_standalone', 'human_resources_employees', 'general_narrative']"}
{"ts": "2026-06-13T14:25:06.460789+05:30", "level": "INFO", "component": "__main__", "message": "  Page   33 \u2014 OK | words= 1357 | table=False | type=None                      | intents=['back_cover', 'management_team', 'esg_csr', 'corporate_governance', 'accounting_policies', 'shareholder_investor_info', 'human_resources_employees', 'agm_notice', 'general_narrative']"}
{"ts": "2026-06-13T14:25:06.467897+05:30", "level": "INFO", "component": "__main__", "message": "  Page   34 \u2014 OK | words= 1276 | table=True  | type=TableType.FINANCIAL       | intents=['competitive_strengths', 'mda', 'segment_information', 'general_narrative']"}
{"ts": "2026-06-13T14:25:06.472353+05:30", "level": "INFO", "component": "__main__", "message": "  Page   35 \u2014 OK | words=  991 | table=False | type=None                      | intents=['retail_footprint_expansion', 'product_portfolio', 'human_resources_employees', 'general_narrative']"}
{"ts": "2026-06-13T14:25:06.478031+05:30", "level": "INFO", "component": "__main__", "message": "  Page   36 \u2014 OK | words= 1144 | table=False | type=None                      | intents=['company_overview', 'retail_footprint_expansion', 'esg_csr', 'general_narrative']"}
{"ts": "2026-06-13T14:25:06.482586+05:30", "level": "INFO", "component": "__main__", "message": "  Page   37 \u2014 OK | words=  446 | table=True  | type=TableType.FINANCIAL       | intents=['retail_footprint_expansion', 'standalone_profit_loss', 'general_narrative']"}
{"ts": "2026-06-13T14:25:06.487772+05:30", "level": "INFO", "component": "__main__", "message": "  Page   38 \u2014 OK | words= 1590 | table=False | type=None                      | intents=['esg_csr', 'corporate_governance', 'general_narrative']"}
{"ts": "2026-06-13T14:25:06.492648+05:30", "level": "INFO", "component": "__main__", "message": "  Page   39 \u2014 OK | words=  599 | table=True  | type=TableType.QUALITATIVE     | intents=['corporate_governance', 'risk_management', 'general_narrative']"}
{"ts": "2026-06-13T14:25:06.498802+05:30", "level": "INFO", "component": "__main__", "message": "  Page   40 \u2014 OK | words=  908 | table=True  | type=TableType.QUALITATIVE     | intents=['corporate_governance', 'subsidiary_information', 'agm_notice', 'general_narrative']"}
{"ts": "2026-06-13T14:25:06.503481+05:30", "level": "INFO", "component": "__main__", "message": "  Page   41 \u2014 OK | words=  417 | table=True  | type=TableType.QUALITATIVE     | intents=['management_team', 'esg_csr', 'corporate_governance', 'shareholder_investor_info', 'risk_management', 'general_narrative']"}
{"ts": "2026-06-13T14:25:06.508324+05:30", "level": "INFO", "component": "__main__", "message": "  Page   42 \u2014 OK | words=  990 | table=True  | type=TableType.FINANCIAL       | intents=['back_cover', 'corporate_governance', 'risk_management', 'general_narrative']"}
{"ts": "2026-06-13T14:25:06.511774+05:30", "level": "INFO", "component": "__main__", "message": "  Page   43 \u2014 OK | words=  743 | table=False | type=None                      | intents=['shareholder_investor_info', 'agm_notice', 'general_narrative']"}
{"ts": "2026-06-13T14:25:06.515793+05:30", "level": "INFO", "component": "__main__", "message": "  Page   44 \u2014 OK | words=  623 | table=True  | type=TableType.QUALITATIVE     | intents=['esg_csr', 'corporate_governance', 'general_narrative']"}
{"ts": "2026-06-13T14:25:06.519282+05:30", "level": "INFO", "component": "__main__", "message": "  Page   45 \u2014 OK | words=  379 | table=True  | type=TableType.FINANCIAL       | intents=['esg_csr', 'general_narrative']"}
{"ts": "2026-06-13T14:25:06.523034+05:30", "level": "INFO", "component": "__main__", "message": "  Page   46 \u2014 OK | words=  434 | table=True  | type=TableType.FINANCIAL       | intents=['back_cover', 'corporate_governance', 'general_narrative']"}
{"ts": "2026-06-13T14:25:06.529014+05:30", "level": "INFO", "component": "__main__", "message": "  Page   47 \u2014 OK | words= 1215 | table=True  | type=TableType.FINANCIAL       | intents=['back_cover', 'corporate_governance', 'shareholder_investor_info', 'human_resources_employees', 'general_narrative']"}
{"ts": "2026-06-13T14:25:06.532173+05:30", "level": "INFO", "component": "__main__", "message": "  Page   48 \u2014 OK | words=  836 | table=False | type=None                      | intents=['back_cover', 'general_narrative']"}
{"ts": "2026-06-13T14:25:06.536315+05:30", "level": "INFO", "component": "__main__", "message": "  Page   49 \u2014 OK | words=  239 | table=True  | type=TableType.QUALITATIVE     | intents=['back_cover', 'esg_csr', 'general_narrative']"}
{"ts": "2026-06-13T14:25:06.536450+05:30", "level": "INFO", "component": "__main__", "message": "\u2500\u2500 SUMMARY \u2500\u2500\u2500\u2500\u2500\u2500\u2500\u2500\u2500\u2500\u2500\u2500\u2500\u2500\u2500\u2500\u2500\u2500\u2500\u2500\u2500\u2500\u2500\u2500\u2500\u2500\u2500\u2500\u2500\u2500\u2500\u2500\u2500\u2500\u2500\u2500\u2500\u2500\u2500\u2500\u2500\u2500"}
{"ts": "2026-06-13T14:25:06.536573+05:30", "level": "INFO", "component": "__main__", "message": "  Pages loaded          : 49"}
{"ts": "2026-06-13T14:25:06.536669+05:30", "level": "INFO", "component": "__main__", "message": "  Pages kept            : 44"}
{"ts": "2026-06-13T14:25:06.536759+05:30", "level": "INFO", "component": "__main__", "message": "  Pages skipped (short) : 5"}
{"ts": "2026-06-13T14:25:06.536847+05:30", "level": "INFO", "component": "__main__", "message": "  Pages with tables     : 20"}
{"ts": "2026-06-13T14:25:06.536928+05:30", "level": "INFO", "component": "__main__", "message": "  Financial tables      : 9"}
{"ts": "2026-06-13T14:25:06.537000+05:30", "level": "INFO", "component": "__main__", "message": "  Qualitative tables    : 11"}
{"ts": "2026-06-13T14:25:06.537079+05:30", "level": "INFO", "component": "__main__", "message": "\u2500\u2500\u2500\u2500\u2500\u2500\u2500\u2500\u2500\u2500\u2500\u2500\u2500\u2500\u2500\u2500\u2500\u2500\u2500\u2500\u2500\u2500\u2500\u2500\u2500\u2500\u2500\u2500\u2500\u2500\u2500\u2500\u2500\u2500\u2500\u2500\u2500\u2500\u2500\u2500\u2500\u2500\u2500\u2500\u2500\u2500\u2500\u2500\u2500\u2500\u2500\u2500\u2500"}
{"ts": "2026-06-13T14:29:35.907239+05:30", "level": "INFO", "component": "__main__", "message": "[PipelineRunner] Initialised \u2014 company=KALYANKJIL, year=2025, doc_type=ANNUAL_REPORT"}
{"ts": "2026-06-13T14:29:35.907326+05:30", "level": "INFO", "component": "__main__", "message": "============================================================"}
{"ts": "2026-06-13T14:29:35.907417+05:30", "level": "INFO", "component": "__main__", "message": "  PIPELINE STARTED"}
{"ts": "2026-06-13T14:29:35.907504+05:30", "level": "INFO", "component": "__main__", "message": "  File   : 1-50.json"}
{"ts": "2026-06-13T14:29:35.907604+05:30", "level": "INFO", "component": "__main__", "message": "  Ticker : KALYANKJIL | Year: 2025"}
{"ts": "2026-06-13T14:29:35.907697+05:30", "level": "INFO", "component": "__main__", "message": "============================================================"}
{"ts": "2026-06-13T14:29:35.907801+05:30", "level": "INFO", "component": "__main__", "message": "[PipelineRunner] Loading: /workspaces/intelligentstockanalyzer/uploads/KALYANKJIL/ANNUAL_2025/1-50.json"}
{"ts": "2026-06-13T14:29:35.908803+05:30", "level": "INFO", "component": "__main__", "message": "[PipelineRunner] 49 pages loaded"}
{"ts": "2026-06-13T14:29:35.909224+05:30", "level": "INFO", "component": "__main__", "message": "  Page    1 \u2014 SKIPPED (12 words below threshold)"}
{"ts": "2026-06-13T14:29:35.919924+05:30", "level": "INFO", "component": "__main__", "message": "  Page    2 \u2014 OK | words=  350 | table=False | type=None                      | intents=['table_of_contents', 'company_overview', 'performance_highlights', 'strategic_overview', 'esg_csr', 'general_narrative']"}
{"ts": "2026-06-13T14:29:35.920553+05:30", "level": "INFO", "component": "__main__", "message": "  Page    3 \u2014 SKIPPED (19 words below threshold)"}
{"ts": "2026-06-13T14:29:35.923944+05:30", "level": "INFO", "component": "__main__", "message": "  Page    4 \u2014 OK | words=  358 | table=False | type=None                      | intents=['vision_mission_values', 'company_overview', 'retail_footprint_expansion', 'human_resources_employees', 'general_narrative']"}
{"ts": "2026-06-13T14:29:35.928632+05:30", "level": "INFO", "component": "__main__", "message": "  Page    5 \u2014 OK | words=   10 | table=True  | type=TableType.QUALITATIVE     | intents=['company_timeline', 'competitive_strengths', 'retail_footprint_expansion', 'subsidiary_information', 'general_narrative']"}
{"ts": "2026-06-13T14:29:35.931299+05:30", "level": "INFO", "component": "__main__", "message": "  Page    6 \u2014 OK | words=  388 | table=False | type=None                      | intents=['competitive_strengths', 'product_portfolio', 'general_narrative']"}
{"ts": "2026-06-13T14:29:35.933313+05:30", "level": "INFO", "component": "__main__", "message": "  Page    7 \u2014 OK | words=  202 | table=False | type=None                      | intents=['retail_footprint_expansion', 'general_narrative']"}
{"ts": "2026-06-13T14:29:35.935021+05:30", "level": "INFO", "component": "__main__", "message": "  Page    8 \u2014 OK | words=  262 | table=False | type=None                      | intents=['vision_mission_values', 'retail_footprint_expansion', 'general_narrative']"}
{"ts": "2026-06-13T14:29:35.937782+05:30", "level": "INFO", "component": "__main__", "message": "  Page    9 \u2014 OK | words=  403 | table=False | type=None                      | intents=['product_portfolio', 'general_narrative']"}
{"ts": "2026-06-13T14:29:35.940188+05:30", "level": "INFO", "component": "__main__", "message": "  Page   10 \u2014 OK | words=  100 | table=True  | type=TableType.QUALITATIVE     | intents=['strategic_overview', 'supply_chain', 'general_narrative']"}
{"ts": "2026-06-13T14:29:35.941781+05:30", "level": "INFO", "component": "__main__", "message": "  Page   11 \u2014 OK | words=  170 | table=False | type=None                      | intents=['company_timeline', 'retail_footprint_expansion', 'general_narrative']"}
{"ts": "2026-06-13T14:29:35.945770+05:30", "level": "INFO", "component": "__main__", "message": "  Page   12 \u2014 OK | words=  498 | table=True  | type=TableType.QUALITATIVE     | intents=['retail_footprint_expansion', 'strategic_overview', 'marketing_promotions', 'technology_digitisation', 'general_narrative']"}
{"ts": "2026-06-13T14:29:35.946670+05:30", "level": "INFO", "component": "__main__", "message": "  Page   13 \u2014 SKIPPED (4 words below threshold)"}
{"ts": "2026-06-13T14:29:35.949415+05:30", "level": "INFO", "component": "__main__", "message": "  Page   14 \u2014 OK | words=  154 | table=True  | type=TableType.FINANCIAL       | intents=['performance_highlights', 'general_narrative']"}
{"ts": "2026-06-13T14:29:35.952117+05:30", "level": "INFO", "component": "__main__", "message": "  Page   15 \u2014 OK | words=   71 | table=True  | type=TableType.FINANCIAL       | intents=['retail_footprint_expansion', 'general_narrative']"}
{"ts": "2026-06-13T14:29:35.955916+05:30", "level": "INFO", "component": "__main__", "message": "  Page   16 \u2014 OK | words=  818 | table=False | type=None                      | intents=['mds_message', 'retail_footprint_expansion', 'marketing_promotions', 'technology_digitisation', 'general_narrative']"}
{"ts": "2026-06-13T14:29:35.956655+05:30", "level": "INFO", "component": "__main__", "message": "  Page   17 \u2014 SKIPPED (3 words below threshold)"}
{"ts": "2026-06-13T14:29:35.958825+05:30", "level": "INFO", "component": "__main__", "message": "  Page   18 \u2014 OK | words=  348 | table=False | type=None                      | intents=['retail_footprint_expansion', 'product_portfolio', 'strategic_overview', 'general_narrative']"}
{"ts": "2026-06-13T14:29:35.961492+05:30", "level": "INFO", "component": "__main__", "message": "  Page   19 \u2014 OK | words=  456 | table=False | type=None                      | intents=['retail_footprint_expansion', 'strategic_overview', 'technology_digitisation', 'supply_chain', 'shareholder_investor_info', 'general_narrative']"}
{"ts": "2026-06-13T14:29:35.963402+05:30", "level": "INFO", "component": "__main__", "message": "  Page   20 \u2014 OK | words=  290 | table=False | type=None                      | intents=['retail_footprint_expansion', 'technology_digitisation', 'general_narrative']"}
{"ts": "2026-06-13T14:29:35.965276+05:30", "level": "INFO", "component": "__main__", "message": "  Page   21 \u2014 OK | words=  284 | table=False | type=None                      | intents=['retail_footprint_expansion', 'marketing_promotions', 'general_narrative']"}
{"ts": "2026-06-13T14:29:35.966914+05:30", "level": "INFO", "component": "__main__", "message": "  Page   22 \u2014 OK | words=  174 | table=False | type=None                      | intents=['marketing_promotions', 'general_narrative']"}
{"ts": "2026-06-13T14:29:35.967445+05:30", "level": "INFO", "component": "__main__", "message": "  Page   23 \u2014 SKIPPED (10 words below threshold)"}
{"ts": "2026-06-13T14:29:35.969804+05:30", "level": "INFO", "component": "__main__", "message": "  Page   24 \u2014 OK | words=  389 | table=False | type=None                      | intents=['vision_mission_values', 'esg_csr', 'general_narrative']"}
{"ts": "2026-06-13T14:29:35.972940+05:30", "level": "INFO", "component": "__main__", "message": "  Page   25 \u2014 OK | words=  624 | table=False | type=None                      | intents=['general_narrative']"}
{"ts": "2026-06-13T14:29:35.975420+05:30", "level": "INFO", "component": "__main__", "message": "  Page   26 \u2014 OK | words=  215 | table=True  | type=TableType.QUALITATIVE     | intents=['esg_csr', 'corporate_governance', 'risk_management', 'general_narrative']"}
{"ts": "2026-06-13T14:29:35.977038+05:30", "level": "INFO", "component": "__main__", "message": "  Page   27 \u2014 OK | words=  217 | table=False | type=None                      | intents=['retail_footprint_expansion', 'esg_csr', 'general_narrative']"}
{"ts": "2026-06-13T14:29:35.979141+05:30", "level": "INFO", "component": "__main__", "message": "  Page   28 \u2014 OK | words=  304 | table=False | type=None                      | intents=['corporate_governance', 'risk_management', 'general_narrative']"}
{"ts": "2026-06-13T14:29:35.980624+05:30", "level": "INFO", "component": "__main__", "message": "  Page   29 \u2014 OK | words=  171 | table=False | type=None                      | intents=['management_team', 'general_narrative']"}
{"ts": "2026-06-13T14:29:35.988516+05:30", "level": "INFO", "component": "__main__", "message": "  Page   30 \u2014 OK | words= 1238 | table=True  | type=TableType.FINANCIAL       | intents=['mda', 'esg_csr', 'directors_report', 'corporate_governance', 'shareholder_investor_info', 'risk_management', 'human_resources_employees', 'general_narrative']"}
{"ts": "2026-06-13T14:29:35.994986+05:30", "level": "INFO", "component": "__main__", "message": "  Page   31 \u2014 OK | words= 1079 | table=True  | type=TableType.QUALITATIVE     | intents=['corporate_governance', 'related_party_transactions', 'subsidiary_information', 'general_narrative']"}
{"ts": "2026-06-13T14:29:36.001155+05:30", "level": "INFO", "component": "__main__", "message": "  Page   32 \u2014 OK | words= 1215 | table=True  | type=TableType.QUALITATIVE     | intents=['management_team', 'corporate_governance', 'auditors_report_standalone', 'human_resources_employees', 'general_narrative']"}
{"ts": "2026-06-13T14:29:36.005948+05:30", "level": "INFO", "component": "__main__", "message": "  Page   33 \u2014 OK | words= 1357 | table=False | type=None                      | intents=['back_cover', 'management_team', 'esg_csr', 'corporate_governance', 'accounting_policies', 'shareholder_investor_info', 'human_resources_employees', 'agm_notice', 'general_narrative']"}
{"ts": "2026-06-13T14:29:36.012885+05:30", "level": "INFO", "component": "__main__", "message": "  Page   34 \u2014 OK | words= 1276 | table=True  | type=TableType.FINANCIAL       | intents=['competitive_strengths', 'mda', 'segment_information', 'general_narrative']"}
{"ts": "2026-06-13T14:29:36.017392+05:30", "level": "INFO", "component": "__main__", "message": "  Page   35 \u2014 OK | words=  991 | table=False | type=None                      | intents=['retail_footprint_expansion', 'product_portfolio', 'human_resources_employees', 'general_narrative']"}
{"ts": "2026-06-13T14:29:36.023221+05:30", "level": "INFO", "component": "__main__", "message": "  Page   36 \u2014 OK | words= 1144 | table=False | type=None                      | intents=['company_overview', 'retail_footprint_expansion', 'esg_csr', 'general_narrative']"}
{"ts": "2026-06-13T14:29:36.028044+05:30", "level": "INFO", "component": "__main__", "message": "  Page   37 \u2014 OK | words=  446 | table=True  | type=TableType.FINANCIAL       | intents=['retail_footprint_expansion', 'standalone_profit_loss', 'general_narrative']"}
{"ts": "2026-06-13T14:29:36.033404+05:30", "level": "INFO", "component": "__main__", "message": "  Page   38 \u2014 OK | words= 1590 | table=False | type=None                      | intents=['esg_csr', 'corporate_governance', 'general_narrative']"}
{"ts": "2026-06-13T14:29:36.038280+05:30", "level": "INFO", "component": "__main__", "message": "  Page   39 \u2014 OK | words=  599 | table=True  | type=TableType.QUALITATIVE     | intents=['corporate_governance', 'risk_management', 'general_narrative']"}
{"ts": "2026-06-13T14:29:36.044367+05:30", "level": "INFO", "component": "__main__", "message": "  Page   40 \u2014 OK | words=  908 | table=True  | type=TableType.QUALITATIVE     | intents=['corporate_governance', 'subsidiary_information', 'agm_notice', 'general_narrative']"}
{"ts": "2026-06-13T14:29:36.049179+05:30", "level": "INFO", "component": "__main__", "message": "  Page   41 \u2014 OK | words=  417 | table=True  | type=TableType.QUALITATIVE     | intents=['management_team', 'esg_csr', 'corporate_governance', 'shareholder_investor_info', 'risk_management', 'general_narrative']"}
{"ts": "2026-06-13T14:29:36.054151+05:30", "level": "INFO", "component": "__main__", "message": "  Page   42 \u2014 OK | words=  990 | table=True  | type=TableType.FINANCIAL       | intents=['back_cover', 'corporate_governance', 'risk_management', 'general_narrative']"}
{"ts": "2026-06-13T14:29:36.057426+05:30", "level": "INFO", "component": "__main__", "message": "  Page   43 \u2014 OK | words=  743 | table=False | type=None                      | intents=['shareholder_investor_info', 'agm_notice', 'general_narrative']"}
{"ts": "2026-06-13T14:29:36.061588+05:30", "level": "INFO", "component": "__main__", "message": "  Page   44 \u2014 OK | words=  623 | table=True  | type=TableType.QUALITATIVE     | intents=['esg_csr', 'corporate_governance', 'general_narrative']"}
{"ts": "2026-06-13T14:29:36.065220+05:30", "level": "INFO", "component": "__main__", "message": "  Page   45 \u2014 OK | words=  379 | table=True  | type=TableType.FINANCIAL       | intents=['esg_csr', 'general_narrative']"}
{"ts": "2026-06-13T14:29:36.069302+05:30", "level": "INFO", "component": "__main__", "message": "  Page   46 \u2014 OK | words=  434 | table=True  | type=TableType.FINANCIAL       | intents=['back_cover', 'corporate_governance', 'general_narrative']"}
{"ts": "2026-06-13T14:29:36.075297+05:30", "level": "INFO", "component": "__main__", "message": "  Page   47 \u2014 OK | words= 1215 | table=True  | type=TableType.FINANCIAL       | intents=['back_cover', 'corporate_governance', 'shareholder_investor_info', 'human_resources_employees', 'general_narrative']"}
{"ts": "2026-06-13T14:29:36.078570+05:30", "level": "INFO", "component": "__main__", "message": "  Page   48 \u2014 OK | words=  836 | table=False | type=None                      | intents=['back_cover', 'general_narrative']"}
{"ts": "2026-06-13T14:29:36.082795+05:30", "level": "INFO", "component": "__main__", "message": "  Page   49 \u2014 OK | words=  239 | table=True  | type=TableType.QUALITATIVE     | intents=['back_cover', 'esg_csr', 'general_narrative']"}
{"ts": "2026-06-13T14:29:36.082933+05:30", "level": "INFO", "component": "__main__", "message": "\u2500\u2500 SUMMARY \u2500\u2500\u2500\u2500\u2500\u2500\u2500\u2500\u2500\u2500\u2500\u2500\u2500\u2500\u2500\u2500\u2500\u2500\u2500\u2500\u2500\u2500\u2500\u2500\u2500\u2500\u2500\u2500\u2500\u2500\u2500\u2500\u2500\u2500\u2500\u2500\u2500\u2500\u2500\u2500\u2500\u2500"}
{"ts": "2026-06-13T14:29:36.083024+05:30", "level": "INFO", "component": "__main__", "message": "  Pages loaded          : 49"}
{"ts": "2026-06-13T14:29:36.083105+05:30", "level": "INFO", "component": "__main__", "message": "  Pages kept            : 44"}
{"ts": "2026-06-13T14:29:36.083188+05:30", "level": "INFO", "component": "__main__", "message": "  Pages skipped (short) : 5"}
{"ts": "2026-06-13T14:29:36.083295+05:30", "level": "INFO", "component": "__main__", "message": "  Pages with tables     : 20"}
{"ts": "2026-06-13T14:29:36.083371+05:30", "level": "INFO", "component": "__main__", "message": "  Financial tables      : 9"}
{"ts": "2026-06-13T14:29:36.083450+05:30", "level": "INFO", "component": "__main__", "message": "  Qualitative tables    : 11"}
{"ts": "2026-06-13T14:29:36.083526+05:30", "level": "INFO", "component": "__main__", "message": "\u2500\u2500\u2500\u2500\u2500\u2500\u2500\u2500\u2500\u2500\u2500\u2500\u2500\u2500\u2500\u2500\u2500\u2500\u2500\u2500\u2500\u2500\u2500\u2500\u2500\u2500\u2500\u2500\u2500\u2500\u2500\u2500\u2500\u2500\u2500\u2500\u2500\u2500\u2500\u2500\u2500\u2500\u2500\u2500\u2500\u2500\u2500\u2500\u2500\u2500\u2500\u2500\u2500"}
{"ts": "2026-06-13T14:29:36.089316+05:30", "level": "INFO", "component": "__main__", "message": "[PipelineRunner] Saved cleaned JSON \u2192 /workspaces/intelligentstockanalyzer/uploads/KALYANKJIL/ANNUAL_2025/1-50_CLEANED.json"}
{"ts": "2026-06-13T14:29:36.105320+05:30", "level": "INFO", "component": "__main__", "message": "[PipelineRunner] Saved embedding JSON \u2192 /workspaces/intelligentstockanalyzer/uploads/KALYANKJIL/ANNUAL_2025/1-50_EMBEDDINGREADY.json"}
{"ts": "2026-06-13T14:29:36.105411+05:30", "level": "INFO", "component": "__main__", "message": "[PipelineRunner] Cleaned JSON      \u2192 /workspaces/intelligentstockanalyzer/uploads/KALYANKJIL/ANNUAL_2025/1-50_CLEANED.json"}
{"ts": "2026-06-13T14:29:36.105493+05:30", "level": "INFO", "component": "__main__", "message": "[PipelineRunner] Embedding JSON    \u2192 /workspaces/intelligentstockanalyzer/uploads/KALYANKJIL/ANNUAL_2025/1-50_EMBEDDINGREADY.json"}
{"ts": "2026-06-13T14:29:36.105605+05:30", "level": "INFO", "component": "__main__", "message": "============================================================"}
{"ts": "2026-06-13T14:29:36.105698+05:30", "level": "INFO", "component": "__main__", "message": "  PIPELINE COMPLETE"}
{"ts": "2026-06-13T14:29:36.105787+05:30", "level": "INFO", "component": "__main__", "message": "  File   : 1-50.json"}
{"ts": "2026-06-13T14:29:36.105875+05:30", "level": "INFO", "component": "__main__", "message": "  Ticker : KALYANKJIL | Year: 2025"}
{"ts": "2026-06-13T14:29:36.105952+05:30", "level": "INFO", "component": "__main__", "message": "============================================================"}
{"ts": "2026-06-13T14:55:40.755836+05:30", "level": "INFO", "component": "__main__", "message": "[PipelineRunner] Initialised \u2014 company=KALYANKJIL, year=2025, doc_type=ANNUAL_REPORT"}
{"ts": "2026-06-13T14:55:40.756603+05:30", "level": "INFO", "component": "__main__", "message": "============================================================"}
{"ts": "2026-06-13T14:55:40.756763+05:30", "level": "INFO", "component": "__main__", "message": "  PIPELINE STARTED"}
{"ts": "2026-06-13T14:55:40.756868+05:30", "level": "INFO", "component": "__main__", "message": "  File   : 1-50.json"}
{"ts": "2026-06-13T14:55:40.756961+05:30", "level": "INFO", "component": "__main__", "message": "  Ticker : KALYANKJIL | Year: 2025"}
{"ts": "2026-06-13T14:55:40.757050+05:30", "level": "INFO", "component": "__main__", "message": "============================================================"}
{"ts": "2026-06-13T14:55:40.757140+05:30", "level": "INFO", "component": "__main__", "message": "[PipelineRunner] Loading: /workspaces/intelligentstockanalyzer/uploads/KALYANKJIL/ANNUAL_2025/1-50.json"}
{"ts": "2026-06-13T14:55:40.760191+05:30", "level": "INFO", "component": "__main__", "message": "[PipelineRunner] 49 pages loaded"}
{"ts": "2026-06-13T14:55:40.760825+05:30", "level": "INFO", "component": "__main__", "message": "  Page    1 \u2014 SKIPPED (12 words below threshold)"}
{"ts": "2026-06-13T14:55:40.772123+05:30", "level": "INFO", "component": "__main__", "message": "  Page    2 \u2014 OK | words=  350 | table=False | type=None                      | intents=['table_of_contents', 'company_overview', 'performance_highlights', 'strategic_overview', 'esg_csr', 'general_narrative']"}
{"ts": "2026-06-13T14:55:40.772681+05:30", "level": "INFO", "component": "__main__", "message": "  Page    3 \u2014 SKIPPED (19 words below threshold)"}
{"ts": "2026-06-13T14:55:40.777037+05:30", "level": "INFO", "component": "__main__", "message": "  Page    4 \u2014 OK | words=  358 | table=False | type=None                      | intents=['vision_mission_values', 'company_overview', 'retail_footprint_expansion', 'human_resources_employees', 'general_narrative']"}
{"ts": "2026-06-13T14:55:40.781846+05:30", "level": "INFO", "component": "__main__", "message": "  Page    5 \u2014 OK | words=   10 | table=True  | type=TableType.QUALITATIVE     | intents=['company_timeline', 'competitive_strengths', 'retail_footprint_expansion', 'subsidiary_information', 'general_narrative']"}
{"ts": "2026-06-13T14:55:40.784544+05:30", "level": "INFO", "component": "__main__", "message": "  Page    6 \u2014 OK | words=  388 | table=False | type=None                      | intents=['competitive_strengths', 'product_portfolio', 'general_narrative']"}
{"ts": "2026-06-13T14:55:40.786808+05:30", "level": "INFO", "component": "__main__", "message": "  Page    7 \u2014 OK | words=  202 | table=False | type=None                      | intents=['retail_footprint_expansion', 'general_narrative']"}
{"ts": "2026-06-13T14:55:40.788466+05:30", "level": "INFO", "component": "__main__", "message": "  Page    8 \u2014 OK | words=  262 | table=False | type=None                      | intents=['vision_mission_values', 'retail_footprint_expansion', 'general_narrative']"}
{"ts": "2026-06-13T14:55:40.791310+05:30", "level": "INFO", "component": "__main__", "message": "  Page    9 \u2014 OK | words=  403 | table=False | type=None                      | intents=['product_portfolio', 'general_narrative']"}
{"ts": "2026-06-13T14:55:40.793789+05:30", "level": "INFO", "component": "__main__", "message": "  Page   10 \u2014 OK | words=  100 | table=True  | type=TableType.QUALITATIVE     | intents=['strategic_overview', 'supply_chain', 'general_narrative']"}
{"ts": "2026-06-13T14:55:40.795471+05:30", "level": "INFO", "component": "__main__", "message": "  Page   11 \u2014 OK | words=  170 | table=False | type=None                      | intents=['company_timeline', 'retail_footprint_expansion', 'general_narrative']"}
{"ts": "2026-06-13T14:55:40.799610+05:30", "level": "INFO", "component": "__main__", "message": "  Page   12 \u2014 OK | words=  498 | table=True  | type=TableType.QUALITATIVE     | intents=['retail_footprint_expansion', 'strategic_overview', 'marketing_promotions', 'technology_digitisation', 'general_narrative']"}
{"ts": "2026-06-13T14:55:40.800335+05:30", "level": "INFO", "component": "__main__", "message": "  Page   13 \u2014 SKIPPED (4 words below threshold)"}
{"ts": "2026-06-13T14:55:40.803127+05:30", "level": "INFO", "component": "__main__", "message": "  Page   14 \u2014 OK | words=  154 | table=True  | type=TableType.FINANCIAL       | intents=['performance_highlights', 'general_narrative']"}
{"ts": "2026-06-13T14:55:40.805883+05:30", "level": "INFO", "component": "__main__", "message": "  Page   15 \u2014 OK | words=   71 | table=True  | type=TableType.FINANCIAL       | intents=['retail_footprint_expansion', 'general_narrative']"}
{"ts": "2026-06-13T14:55:40.809722+05:30", "level": "INFO", "component": "__main__", "message": "  Page   16 \u2014 OK | words=  818 | table=False | type=None                      | intents=['mds_message', 'retail_footprint_expansion', 'marketing_promotions', 'technology_digitisation', 'general_narrative']"}
{"ts": "2026-06-13T14:55:40.810424+05:30", "level": "INFO", "component": "__main__", "message": "  Page   17 \u2014 SKIPPED (3 words below threshold)"}
{"ts": "2026-06-13T14:55:40.812654+05:30", "level": "INFO", "component": "__main__", "message": "  Page   18 \u2014 OK | words=  348 | table=False | type=None                      | intents=['retail_footprint_expansion', 'product_portfolio', 'strategic_overview', 'general_narrative']"}
{"ts": "2026-06-13T14:55:40.815427+05:30", "level": "INFO", "component": "__main__", "message": "  Page   19 \u2014 OK | words=  456 | table=False | type=None                      | intents=['retail_footprint_expansion', 'strategic_overview', 'technology_digitisation', 'supply_chain', 'shareholder_investor_info', 'general_narrative']"}
{"ts": "2026-06-13T14:55:40.817428+05:30", "level": "INFO", "component": "__main__", "message": "  Page   20 \u2014 OK | words=  290 | table=False | type=None                      | intents=['retail_footprint_expansion', 'technology_digitisation', 'general_narrative']"}
{"ts": "2026-06-13T14:55:40.819371+05:30", "level": "INFO", "component": "__main__", "message": "  Page   21 \u2014 OK | words=  284 | table=False | type=None                      | intents=['retail_footprint_expansion', 'marketing_promotions', 'general_narrative']"}
{"ts": "2026-06-13T14:55:40.821050+05:30", "level": "INFO", "component": "__main__", "message": "  Page   22 \u2014 OK | words=  174 | table=False | type=None                      | intents=['marketing_promotions', 'general_narrative']"}
{"ts": "2026-06-13T14:55:40.821597+05:30", "level": "INFO", "component": "__main__", "message": "  Page   23 \u2014 SKIPPED (10 words below threshold)"}
{"ts": "2026-06-13T14:55:40.823971+05:30", "level": "INFO", "component": "__main__", "message": "  Page   24 \u2014 OK | words=  389 | table=False | type=None                      | intents=['vision_mission_values', 'esg_csr', 'general_narrative']"}
{"ts": "2026-06-13T14:55:40.827228+05:30", "level": "INFO", "component": "__main__", "message": "  Page   25 \u2014 OK | words=  624 | table=False | type=None                      | intents=['general_narrative']"}
{"ts": "2026-06-13T14:55:40.829519+05:30", "level": "INFO", "component": "__main__", "message": "  Page   26 \u2014 OK | words=  215 | table=True  | type=TableType.QUALITATIVE     | intents=['esg_csr', 'corporate_governance', 'risk_management', 'general_narrative']"}
{"ts": "2026-06-13T14:55:40.831138+05:30", "level": "INFO", "component": "__main__", "message": "  Page   27 \u2014 OK | words=  217 | table=False | type=None                      | intents=['retail_footprint_expansion', 'esg_csr', 'general_narrative']"}
{"ts": "2026-06-13T14:55:40.833121+05:30", "level": "INFO", "component": "__main__", "message": "  Page   28 \u2014 OK | words=  304 | table=False | type=None                      | intents=['corporate_governance', 'risk_management', 'general_narrative']"}
{"ts": "2026-06-13T14:55:40.834615+05:30", "level": "INFO", "component": "__main__", "message": "  Page   29 \u2014 OK | words=  171 | table=False | type=None                      | intents=['management_team', 'general_narrative']"}
{"ts": "2026-06-13T14:55:40.840452+05:30", "level": "INFO", "component": "__main__", "message": "  Page   30 \u2014 OK | words= 1238 | table=True  | type=TableType.FINANCIAL       | intents=['mda', 'esg_csr', 'directors_report', 'corporate_governance', 'shareholder_investor_info', 'risk_management', 'human_resources_employees', 'general_narrative']"}
{"ts": "2026-06-13T14:55:40.846581+05:30", "level": "INFO", "component": "__main__", "message": "  Page   31 \u2014 OK | words= 1079 | table=True  | type=TableType.QUALITATIVE     | intents=['corporate_governance', 'related_party_transactions', 'subsidiary_information', 'general_narrative']"}
{"ts": "2026-06-13T14:55:40.852501+05:30", "level": "INFO", "component": "__main__", "message": "  Page   32 \u2014 OK | words= 1215 | table=True  | type=TableType.QUALITATIVE     | intents=['management_team', 'corporate_governance', 'auditors_report_standalone', 'human_resources_employees', 'general_narrative']"}
{"ts": "2026-06-13T14:55:40.859328+05:30", "level": "INFO", "component": "__main__", "message": "  Page   33 \u2014 OK | words= 1357 | table=False | type=None                      | intents=['back_cover', 'management_team', 'esg_csr', 'corporate_governance', 'accounting_policies', 'shareholder_investor_info', 'human_resources_employees', 'agm_notice', 'general_narrative']"}
{"ts": "2026-06-13T14:55:40.868686+05:30", "level": "INFO", "component": "__main__", "message": "  Page   34 \u2014 OK | words= 1276 | table=True  | type=TableType.FINANCIAL       | intents=['competitive_strengths', 'mda', 'segment_information', 'general_narrative']"}
{"ts": "2026-06-13T14:55:40.873243+05:30", "level": "INFO", "component": "__main__", "message": "  Page   35 \u2014 OK | words=  991 | table=False | type=None                      | intents=['retail_footprint_expansion', 'product_portfolio', 'human_resources_employees', 'general_narrative']"}
{"ts": "2026-06-13T14:55:40.878802+05:30", "level": "INFO", "component": "__main__", "message": "  Page   36 \u2014 OK | words= 1144 | table=False | type=None                      | intents=['company_overview', 'retail_footprint_expansion', 'esg_csr', 'general_narrative']"}
{"ts": "2026-06-13T14:55:40.883995+05:30", "level": "INFO", "component": "__main__", "message": "  Page   37 \u2014 OK | words=  446 | table=True  | type=TableType.FINANCIAL       | intents=['retail_footprint_expansion', 'standalone_profit_loss', 'general_narrative']"}
{"ts": "2026-06-13T14:55:40.894043+05:30", "level": "INFO", "component": "__main__", "message": "  Page   38 \u2014 OK | words= 1590 | table=False | type=None                      | intents=['esg_csr', 'corporate_governance', 'general_narrative']"}
{"ts": "2026-06-13T14:55:40.902983+05:30", "level": "INFO", "component": "__main__", "message": "  Page   39 \u2014 OK | words=  599 | table=True  | type=TableType.QUALITATIVE     | intents=['corporate_governance', 'risk_management', 'general_narrative']"}
{"ts": "2026-06-13T14:55:40.910166+05:30", "level": "INFO", "component": "__main__", "message": "  Page   40 \u2014 OK | words=  908 | table=True  | type=TableType.QUALITATIVE     | intents=['corporate_governance', 'subsidiary_information', 'agm_notice', 'general_narrative']"}
{"ts": "2026-06-13T14:55:40.918592+05:30", "level": "INFO", "component": "__main__", "message": "  Page   41 \u2014 OK | words=  417 | table=True  | type=TableType.QUALITATIVE     | intents=['management_team', 'esg_csr', 'corporate_governance', 'shareholder_investor_info', 'risk_management', 'general_narrative']"}
{"ts": "2026-06-13T14:55:40.927406+05:30", "level": "INFO", "component": "__main__", "message": "  Page   42 \u2014 OK | words=  990 | table=True  | type=TableType.FINANCIAL       | intents=['back_cover', 'corporate_governance', 'risk_management', 'general_narrative']"}
{"ts": "2026-06-13T14:55:40.933528+05:30", "level": "INFO", "component": "__main__", "message": "  Page   43 \u2014 OK | words=  743 | table=False | type=None                      | intents=['shareholder_investor_info', 'agm_notice', 'general_narrative']"}
{"ts": "2026-06-13T14:55:40.941036+05:30", "level": "INFO", "component": "__main__", "message": "  Page   44 \u2014 OK | words=  623 | table=True  | type=TableType.QUALITATIVE     | intents=['esg_csr', 'corporate_governance', 'general_narrative']"}
{"ts": "2026-06-13T14:55:40.947616+05:30", "level": "INFO", "component": "__main__", "message": "  Page   45 \u2014 OK | words=  379 | table=True  | type=TableType.FINANCIAL       | intents=['esg_csr', 'general_narrative']"}
{"ts": "2026-06-13T14:55:40.951617+05:30", "level": "INFO", "component": "__main__", "message": "  Page   46 \u2014 OK | words=  434 | table=True  | type=TableType.FINANCIAL       | intents=['back_cover', 'corporate_governance', 'general_narrative']"}
{"ts": "2026-06-13T14:55:40.957729+05:30", "level": "INFO", "component": "__main__", "message": "  Page   47 \u2014 OK | words= 1215 | table=True  | type=TableType.FINANCIAL       | intents=['back_cover', 'corporate_governance', 'shareholder_investor_info', 'human_resources_employees', 'general_narrative']"}
{"ts": "2026-06-13T14:55:40.960888+05:30", "level": "INFO", "component": "__main__", "message": "  Page   48 \u2014 OK | words=  836 | table=False | type=None                      | intents=['back_cover', 'general_narrative']"}
{"ts": "2026-06-13T14:55:40.966655+05:30", "level": "INFO", "component": "__main__", "message": "  Page   49 \u2014 OK | words=  239 | table=True  | type=TableType.QUALITATIVE     | intents=['back_cover', 'esg_csr', 'general_narrative']"}
{"ts": "2026-06-13T14:55:40.966829+05:30", "level": "INFO", "component": "__main__", "message": "\u2500\u2500 SUMMARY \u2500\u2500\u2500\u2500\u2500\u2500\u2500\u2500\u2500\u2500\u2500\u2500\u2500\u2500\u2500\u2500\u2500\u2500\u2500\u2500\u2500\u2500\u2500\u2500\u2500\u2500\u2500\u2500\u2500\u2500\u2500\u2500\u2500\u2500\u2500\u2500\u2500\u2500\u2500\u2500\u2500\u2500"}
{"ts": "2026-06-13T14:55:40.966949+05:30", "level": "INFO", "component": "__main__", "message": "  Pages loaded          : 49"}
{"ts": "2026-06-13T14:55:40.967040+05:30", "level": "INFO", "component": "__main__", "message": "  Pages kept            : 44"}
{"ts": "2026-06-13T14:55:40.967130+05:30", "level": "INFO", "component": "__main__", "message": "  Pages skipped (short) : 5"}
{"ts": "2026-06-13T14:55:40.967218+05:30", "level": "INFO", "component": "__main__", "message": "  Pages with tables     : 20"}
{"ts": "2026-06-13T14:55:40.967293+05:30", "level": "INFO", "component": "__main__", "message": "  Financial tables      : 9"}
{"ts": "2026-06-13T14:55:40.967369+05:30", "level": "INFO", "component": "__main__", "message": "  Qualitative tables    : 11"}
{"ts": "2026-06-13T14:55:40.967440+05:30", "level": "INFO", "component": "__main__", "message": "\u2500\u2500\u2500\u2500\u2500\u2500\u2500\u2500\u2500\u2500\u2500\u2500\u2500\u2500\u2500\u2500\u2500\u2500\u2500\u2500\u2500\u2500\u2500\u2500\u2500\u2500\u2500\u2500\u2500\u2500\u2500\u2500\u2500\u2500\u2500\u2500\u2500\u2500\u2500\u2500\u2500\u2500\u2500\u2500\u2500\u2500\u2500\u2500\u2500\u2500\u2500\u2500\u2500"}
{"ts": "2026-06-13T14:55:40.973489+05:30", "level": "INFO", "component": "__main__", "message": "[PipelineRunner] Saved cleaned JSON \u2192 /workspaces/intelligentstockanalyzer/uploads/KALYANKJIL/ANNUAL_2025/1-50_CLEANED.json"}
{"ts": "2026-06-13T14:55:40.992491+05:30", "level": "INFO", "component": "__main__", "message": "[PipelineRunner] Saved embedding JSON \u2192 /workspaces/intelligentstockanalyzer/uploads/KALYANKJIL/ANNUAL_2025/1-50_EMBEDDINGREADY.json"}
{"ts": "2026-06-13T14:55:40.992618+05:30", "level": "INFO", "component": "__main__", "message": "[PipelineRunner] Cleaned JSON      \u2192 /workspaces/intelligentstockanalyzer/uploads/KALYANKJIL/ANNUAL_2025/1-50_CLEANED.json"}
{"ts": "2026-06-13T14:55:40.992709+05:30", "level": "INFO", "component": "__main__", "message": "[PipelineRunner] Embedding JSON    \u2192 /workspaces/intelligentstockanalyzer/uploads/KALYANKJIL/ANNUAL_2025/1-50_EMBEDDINGREADY.json"}
{"ts": "2026-06-13T14:55:40.992806+05:30", "level": "INFO", "component": "__main__", "message": "============================================================"}
{"ts": "2026-06-13T14:55:40.992891+05:30", "level": "INFO", "component": "__main__", "message": "  PIPELINE COMPLETE"}
{"ts": "2026-06-13T14:55:40.992983+05:30", "level": "INFO", "component": "__main__", "message": "  File   : 1-50.json"}
{"ts": "2026-06-13T14:55:40.993069+05:30", "level": "INFO", "component": "__main__", "message": "  Ticker : KALYANKJIL | Year: 2025"}
{"ts": "2026-06-13T14:55:40.993147+05:30", "level": "INFO", "component": "__main__", "message": "============================================================"}
