{"ts": "2026-06-14T21:03:06.450510+05:30", "level": "INFO", "component": "codebase.cleaning.embeddingprepared", "message": "[EmbeddingPrepared] Initialised \u2014 max_words=150, overlap=30"}
{"ts": "2026-06-14T21:03:24.172776+05:30", "level": "INFO", "component": "codebase.cleaning.embeddingprepared", "message": "[EmbeddingPrepared] Initialised \u2014 max_words=150, overlap=30"}
{"ts": "2026-06-14T21:03:24.861782+05:30", "level": "INFO", "component": "codebase.cleaning.embeddingprepared", "message": "[EmbeddingPrepared] prepare_for_embedding: /workspaces/intelligentstockanalyzer/uploads/KALYANKJIL/ANNUAL_2024/KALYANKJIL_ANNUAL_2024_CLEANED.json"}
{"ts": "2026-06-14T21:03:24.866938+05:30", "level": "INFO", "component": "codebase.cleaning.embeddingprepared", "message": "[EmbeddingPrepared] Loaded 126 pages"}
{"ts": "2026-06-14T21:03:24.867143+05:30", "level": "DEBUG", "component": "codebase.cleaning.embeddingprepared", "message": "[EmbeddingPrepared] split_text_into_chunks \u2192 2 chunks"}
{"ts": "2026-06-14T21:03:24.867282+05:30", "level": "DEBUG", "component": "codebase.cleaning.embeddingprepared", "message": "[EmbeddingPrepared] split_text_into_chunks \u2192 1 chunks"}
{"ts": "2026-06-14T21:03:24.867385+05:30", "level": "DEBUG", "component": "codebase.cleaning.embeddingprepared", "message": "[EmbeddingPrepared] split_text_into_chunks \u2192 1 chunks"}
{"ts": "2026-06-14T21:03:24.867491+05:30", "level": "DEBUG", "component": "codebase.cleaning.embeddingprepared", "message": "[EmbeddingPrepared] split_text_into_chunks \u2192 1 chunks"}
{"ts": "2026-06-14T21:03:24.867597+05:30", "level": "DEBUG", "component": "codebase.cleaning.embeddingprepared", "message": "[EmbeddingPrepared] split_text_into_chunks \u2192 2 chunks"}
{"ts": "2026-06-14T21:03:24.867715+05:30", "level": "DEBUG", "component": "codebase.cleaning.embeddingprepared", "message": "[EmbeddingPrepared] split_text_into_chunks \u2192 2 chunks"}
{"ts": "2026-06-14T21:03:24.867854+05:30", "level": "DEBUG", "component": "codebase.cleaning.embeddingprepared", "message": "[EmbeddingPrepared] split_text_into_chunks \u2192 3 chunks"}
{"ts": "2026-06-14T21:03:24.867968+05:30", "level": "DEBUG", "component": "codebase.cleaning.embeddingprepared", "message": "[EmbeddingPrepared] split_text_into_chunks \u2192 1 chunks"}
{"ts": "2026-06-14T21:03:24.868145+05:30", "level": "DEBUG", "component": "codebase.cleaning.embeddingprepared", "message": "[EmbeddingPrepared] split_text_into_chunks \u2192 2 chunks"}
{"ts": "2026-06-14T21:03:24.868275+05:30", "level": "DEBUG", "component": "codebase.cleaning.embeddingprepared", "message": "[EmbeddingPrepared] split_text_into_chunks \u2192 2 chunks"}
{"ts": "2026-06-14T21:03:24.868505+05:30", "level": "DEBUG", "component": "codebase.cleaning.embeddingprepared", "message": "[EmbeddingPrepared] split_text_into_chunks \u2192 10 chunks"}
{"ts": "2026-06-14T21:03:24.868690+05:30", "level": "DEBUG", "component": "codebase.cleaning.embeddingprepared", "message": "[EmbeddingPrepared] split_text_into_chunks \u2192 3 chunks"}
{"ts": "2026-06-14T21:03:24.868799+05:30", "level": "DEBUG", "component": "codebase.cleaning.embeddingprepared", "message": "[EmbeddingPrepared] split_text_into_chunks \u2192 1 chunks"}
{"ts": "2026-06-14T21:03:24.868941+05:30", "level": "DEBUG", "component": "codebase.cleaning.embeddingprepared", "message": "[EmbeddingPrepared] split_text_into_chunks \u2192 3 chunks"}
{"ts": "2026-06-14T21:03:24.869103+05:30", "level": "DEBUG", "component": "codebase.cleaning.embeddingprepared", "message": "[EmbeddingPrepared] split_text_into_chunks \u2192 2 chunks"}
{"ts": "2026-06-14T21:03:24.869295+05:30", "level": "DEBUG", "component": "codebase.cleaning.embeddingprepared", "message": "[EmbeddingPrepared] split_text_into_chunks \u2192 3 chunks"}
{"ts": "2026-06-14T21:03:24.869572+05:30", "level": "DEBUG", "component": "codebase.cleaning.embeddingprepared", "message": "[EmbeddingPrepared] split_text_into_chunks \u2192 10 chunks"}
{"ts": "2026-06-14T21:03:24.869783+05:30", "level": "DEBUG", "component": "codebase.cleaning.embeddingprepared", "message": "[EmbeddingPrepared] split_text_into_chunks \u2192 2 chunks"}
{"ts": "2026-06-14T21:03:24.869953+05:30", "level": "DEBUG", "component": "codebase.cleaning.embeddingprepared", "message": "[EmbeddingPrepared] split_text_into_chunks \u2192 2 chunks"}
{"ts": "2026-06-14T21:03:24.870167+05:30", "level": "DEBUG", "component": "codebase.cleaning.embeddingprepared", "message": "[EmbeddingPrepared] split_text_into_chunks \u2192 3 chunks"}
{"ts": "2026-06-14T21:03:24.870338+05:30", "level": "DEBUG", "component": "codebase.cleaning.embeddingprepared", "message": "[EmbeddingPrepared] split_text_into_chunks \u2192 2 chunks"}
{"ts": "2026-06-14T21:03:24.870637+05:30", "level": "DEBUG", "component": "codebase.cleaning.embeddingprepared", "message": "[EmbeddingPrepared] split_text_into_chunks \u2192 14 chunks"}
{"ts": "2026-06-14T21:03:24.870928+05:30", "level": "DEBUG", "component": "codebase.cleaning.embeddingprepared", "message": "[EmbeddingPrepared] split_text_into_chunks \u2192 7 chunks"}
{"ts": "2026-06-14T21:03:24.871292+05:30", "level": "DEBUG", "component": "codebase.cleaning.embeddingprepared", "message": "[EmbeddingPrepared] split_text_into_chunks \u2192 13 chunks"}
{"ts": "2026-06-14T21:03:24.871658+05:30", "level": "DEBUG", "component": "codebase.cleaning.embeddingprepared", "message": "[EmbeddingPrepared] split_text_into_chunks \u2192 10 chunks"}
{"ts": "2026-06-14T21:03:24.871923+05:30", "level": "DEBUG", "component": "codebase.cleaning.embeddingprepared", "message": "[EmbeddingPrepared] split_text_into_chunks \u2192 6 chunks"}
{"ts": "2026-06-14T21:03:24.872285+05:30", "level": "DEBUG", "component": "codebase.cleaning.embeddingprepared", "message": "[EmbeddingPrepared] split_text_into_chunks \u2192 12 chunks"}
{"ts": "2026-06-14T21:03:24.872619+05:30", "level": "DEBUG", "component": "codebase.cleaning.embeddingprepared", "message": "[EmbeddingPrepared] split_text_into_chunks \u2192 11 chunks"}
{"ts": "2026-06-14T21:03:24.873075+05:30", "level": "DEBUG", "component": "codebase.cleaning.embeddingprepared", "message": "[EmbeddingPrepared] split_text_into_chunks \u2192 15 chunks"}
{"ts": "2026-06-14T21:03:24.873444+05:30", "level": "DEBUG", "component": "codebase.cleaning.embeddingprepared", "message": "[EmbeddingPrepared] split_text_into_chunks \u2192 11 chunks"}
{"ts": "2026-06-14T21:03:24.873833+05:30", "level": "DEBUG", "component": "codebase.cleaning.embeddingprepared", "message": "[EmbeddingPrepared] split_text_into_chunks \u2192 17 chunks"}
{"ts": "2026-06-14T21:03:24.874162+05:30", "level": "DEBUG", "component": "codebase.cleaning.embeddingprepared", "message": "[EmbeddingPrepared] split_text_into_chunks \u2192 8 chunks"}
{"ts": "2026-06-14T21:03:24.874440+05:30", "level": "DEBUG", "component": "codebase.cleaning.embeddingprepared", "message": "[EmbeddingPrepared] split_text_into_chunks \u2192 10 chunks"}
{"ts": "2026-06-14T21:03:24.874687+05:30", "level": "DEBUG", "component": "codebase.cleaning.embeddingprepared", "message": "[EmbeddingPrepared] split_text_into_chunks \u2192 5 chunks"}
{"ts": "2026-06-14T21:03:24.874869+05:30", "level": "DEBUG", "component": "codebase.cleaning.embeddingprepared", "message": "[EmbeddingPrepared] split_text_into_chunks \u2192 4 chunks"}
{"ts": "2026-06-14T21:03:24.875213+05:30", "level": "DEBUG", "component": "codebase.cleaning.embeddingprepared", "message": "[EmbeddingPrepared] split_text_into_chunks \u2192 12 chunks"}
{"ts": "2026-06-14T21:03:24.875525+05:30", "level": "DEBUG", "component": "codebase.cleaning.embeddingprepared", "message": "[EmbeddingPrepared] split_text_into_chunks \u2192 6 chunks"}
{"ts": "2026-06-14T21:03:24.875727+05:30", "level": "DEBUG", "component": "codebase.cleaning.embeddingprepared", "message": "[EmbeddingPrepared] split_text_into_chunks \u2192 3 chunks"}
{"ts": "2026-06-14T21:03:24.875909+05:30", "level": "DEBUG", "component": "codebase.cleaning.embeddingprepared", "message": "[EmbeddingPrepared] split_text_into_chunks \u2192 4 chunks"}
{"ts": "2026-06-14T21:03:24.876211+05:30", "level": "DEBUG", "component": "codebase.cleaning.embeddingprepared", "message": "[EmbeddingPrepared] split_text_into_chunks \u2192 11 chunks"}
{"ts": "2026-06-14T21:03:24.876458+05:30", "level": "DEBUG", "component": "codebase.cleaning.embeddingprepared", "message": "[EmbeddingPrepared] split_text_into_chunks \u2192 4 chunks"}
{"ts": "2026-06-14T21:03:24.876616+05:30", "level": "DEBUG", "component": "codebase.cleaning.embeddingprepared", "message": "[EmbeddingPrepared] split_text_into_chunks \u2192 3 chunks"}
{"ts": "2026-06-14T21:03:24.876725+05:30", "level": "DEBUG", "component": "codebase.cleaning.embeddingprepared", "message": "[EmbeddingPrepared] split_text_into_chunks \u2192 1 chunks"}
{"ts": "2026-06-14T21:03:24.876902+05:30", "level": "DEBUG", "component": "codebase.cleaning.embeddingprepared", "message": "[EmbeddingPrepared] split_text_into_chunks \u2192 5 chunks"}
{"ts": "2026-06-14T21:03:24.877104+05:30", "level": "DEBUG", "component": "codebase.cleaning.embeddingprepared", "message": "[EmbeddingPrepared] split_text_into_chunks \u2192 5 chunks"}
{"ts": "2026-06-14T21:03:24.877274+05:30", "level": "DEBUG", "component": "codebase.cleaning.embeddingprepared", "message": "[EmbeddingPrepared] split_text_into_chunks \u2192 4 chunks"}
{"ts": "2026-06-14T21:03:24.877441+05:30", "level": "DEBUG", "component": "codebase.cleaning.embeddingprepared", "message": "[EmbeddingPrepared] split_text_into_chunks \u2192 4 chunks"}
{"ts": "2026-06-14T21:03:24.877639+05:30", "level": "DEBUG", "component": "codebase.cleaning.embeddingprepared", "message": "[EmbeddingPrepared] split_text_into_chunks \u2192 6 chunks"}
{"ts": "2026-06-14T21:03:24.877786+05:30", "level": "DEBUG", "component": "codebase.cleaning.embeddingprepared", "message": "[EmbeddingPrepared] split_text_into_chunks \u2192 2 chunks"}
{"ts": "2026-06-14T21:03:24.877932+05:30", "level": "DEBUG", "component": "codebase.cleaning.embeddingprepared", "message": "[EmbeddingPrepared] split_text_into_chunks \u2192 4 chunks"}
{"ts": "2026-06-14T21:03:24.878095+05:30", "level": "DEBUG", "component": "codebase.cleaning.embeddingprepared", "message": "[EmbeddingPrepared] split_text_into_chunks \u2192 2 chunks"}
{"ts": "2026-06-14T21:03:24.878280+05:30", "level": "DEBUG", "component": "codebase.cleaning.embeddingprepared", "message": "[EmbeddingPrepared] split_text_into_chunks \u2192 4 chunks"}
{"ts": "2026-06-14T21:03:24.878490+05:30", "level": "DEBUG", "component": "codebase.cleaning.embeddingprepared", "message": "[EmbeddingPrepared] split_text_into_chunks \u2192 4 chunks"}
{"ts": "2026-06-14T21:03:24.878689+05:30", "level": "DEBUG", "component": "codebase.cleaning.embeddingprepared", "message": "[EmbeddingPrepared] split_text_into_chunks \u2192 5 chunks"}
{"ts": "2026-06-14T21:03:24.878875+05:30", "level": "DEBUG", "component": "codebase.cleaning.embeddingprepared", "message": "[EmbeddingPrepared] split_text_into_chunks \u2192 4 chunks"}
{"ts": "2026-06-14T21:03:24.879179+05:30", "level": "DEBUG", "component": "codebase.cleaning.embeddingprepared", "message": "[EmbeddingPrepared] split_text_into_chunks \u2192 12 chunks"}
{"ts": "2026-06-14T21:03:24.879555+05:30", "level": "DEBUG", "component": "codebase.cleaning.embeddingprepared", "message": "[EmbeddingPrepared] split_text_into_chunks \u2192 15 chunks"}
{"ts": "2026-06-14T21:03:24.879890+05:30", "level": "DEBUG", "component": "codebase.cleaning.embeddingprepared", "message": "[EmbeddingPrepared] split_text_into_chunks \u2192 11 chunks"}
{"ts": "2026-06-14T21:03:24.880200+05:30", "level": "DEBUG", "component": "codebase.cleaning.embeddingprepared", "message": "[EmbeddingPrepared] split_text_into_chunks \u2192 11 chunks"}
{"ts": "2026-06-14T21:03:24.880481+05:30", "level": "DEBUG", "component": "codebase.cleaning.embeddingprepared", "message": "[EmbeddingPrepared] split_text_into_chunks \u2192 12 chunks"}
{"ts": "2026-06-14T21:03:24.880680+05:30", "level": "DEBUG", "component": "codebase.cleaning.embeddingprepared", "message": "[EmbeddingPrepared] split_text_into_chunks \u2192 2 chunks"}
{"ts": "2026-06-14T21:03:24.880825+05:30", "level": "DEBUG", "component": "codebase.cleaning.embeddingprepared", "message": "[EmbeddingPrepared] split_text_into_chunks \u2192 2 chunks"}
{"ts": "2026-06-14T21:03:24.881086+05:30", "level": "DEBUG", "component": "codebase.cleaning.embeddingprepared", "message": "[EmbeddingPrepared] split_text_into_chunks \u2192 7 chunks"}
{"ts": "2026-06-14T21:03:24.881510+05:30", "level": "DEBUG", "component": "codebase.cleaning.embeddingprepared", "message": "[EmbeddingPrepared] split_text_into_chunks \u2192 14 chunks"}
{"ts": "2026-06-14T21:03:24.881924+05:30", "level": "DEBUG", "component": "codebase.cleaning.embeddingprepared", "message": "[EmbeddingPrepared] split_text_into_chunks \u2192 16 chunks"}
{"ts": "2026-06-14T21:03:24.882328+05:30", "level": "DEBUG", "component": "codebase.cleaning.embeddingprepared", "message": "[EmbeddingPrepared] split_text_into_chunks \u2192 12 chunks"}
{"ts": "2026-06-14T21:03:24.882661+05:30", "level": "DEBUG", "component": "codebase.cleaning.embeddingprepared", "message": "[EmbeddingPrepared] split_text_into_chunks \u2192 10 chunks"}
{"ts": "2026-06-14T21:03:24.882872+05:30", "level": "DEBUG", "component": "codebase.cleaning.embeddingprepared", "message": "[EmbeddingPrepared] split_text_into_chunks \u2192 2 chunks"}
{"ts": "2026-06-14T21:03:24.883096+05:30", "level": "DEBUG", "component": "codebase.cleaning.embeddingprepared", "message": "[EmbeddingPrepared] split_text_into_chunks \u2192 3 chunks"}
{"ts": "2026-06-14T21:03:24.883302+05:30", "level": "DEBUG", "component": "codebase.cleaning.embeddingprepared", "message": "[EmbeddingPrepared] split_text_into_chunks \u2192 4 chunks"}
{"ts": "2026-06-14T21:03:24.883510+05:30", "level": "DEBUG", "component": "codebase.cleaning.embeddingprepared", "message": "[EmbeddingPrepared] split_text_into_chunks \u2192 5 chunks"}
{"ts": "2026-06-14T21:03:24.886211+05:30", "level": "DEBUG", "component": "codebase.cleaning.embeddingprepared", "message": "[EmbeddingPrepared] split_text_into_chunks \u2192 3 chunks"}
{"ts": "2026-06-14T21:03:24.886411+05:30", "level": "DEBUG", "component": "codebase.cleaning.embeddingprepared", "message": "[EmbeddingPrepared] split_text_into_chunks \u2192 6 chunks"}
{"ts": "2026-06-14T21:03:24.886581+05:30", "level": "DEBUG", "component": "codebase.cleaning.embeddingprepared", "message": "[EmbeddingPrepared] split_text_into_chunks \u2192 2 chunks"}
{"ts": "2026-06-14T21:03:24.886697+05:30", "level": "DEBUG", "component": "codebase.cleaning.embeddingprepared", "message": "[EmbeddingPrepared] split_text_into_chunks \u2192 1 chunks"}
{"ts": "2026-06-14T21:03:24.886827+05:30", "level": "DEBUG", "component": "codebase.cleaning.embeddingprepared", "message": "[EmbeddingPrepared] split_text_into_chunks \u2192 3 chunks"}
{"ts": "2026-06-14T21:03:24.886961+05:30", "level": "DEBUG", "component": "codebase.cleaning.embeddingprepared", "message": "[EmbeddingPrepared] split_text_into_chunks \u2192 3 chunks"}
{"ts": "2026-06-14T21:03:24.887156+05:30", "level": "DEBUG", "component": "codebase.cleaning.embeddingprepared", "message": "[EmbeddingPrepared] split_text_into_chunks \u2192 5 chunks"}
{"ts": "2026-06-14T21:03:24.887302+05:30", "level": "DEBUG", "component": "codebase.cleaning.embeddingprepared", "message": "[EmbeddingPrepared] split_text_into_chunks \u2192 2 chunks"}
{"ts": "2026-06-14T21:03:24.887398+05:30", "level": "DEBUG", "component": "codebase.cleaning.embeddingprepared", "message": "[EmbeddingPrepared] split_text_into_chunks \u2192 1 chunks"}
{"ts": "2026-06-14T21:03:24.887522+05:30", "level": "DEBUG", "component": "codebase.cleaning.embeddingprepared", "message": "[EmbeddingPrepared] split_text_into_chunks \u2192 3 chunks"}
{"ts": "2026-06-14T21:03:24.887705+05:30", "level": "DEBUG", "component": "codebase.cleaning.embeddingprepared", "message": "[EmbeddingPrepared] split_text_into_chunks \u2192 6 chunks"}
{"ts": "2026-06-14T21:03:24.887913+05:30", "level": "DEBUG", "component": "codebase.cleaning.embeddingprepared", "message": "[EmbeddingPrepared] split_text_into_chunks \u2192 7 chunks"}
{"ts": "2026-06-14T21:03:24.888518+05:30", "level": "DEBUG", "component": "codebase.cleaning.embeddingprepared", "message": "[EmbeddingPrepared] split_text_into_chunks \u2192 4 chunks"}
{"ts": "2026-06-14T21:03:24.888758+05:30", "level": "DEBUG", "component": "codebase.cleaning.embeddingprepared", "message": "[EmbeddingPrepared] split_text_into_chunks \u2192 4 chunks"}
{"ts": "2026-06-14T21:03:24.889140+05:30", "level": "DEBUG", "component": "codebase.cleaning.embeddingprepared", "message": "[EmbeddingPrepared] split_text_into_chunks \u2192 7 chunks"}
{"ts": "2026-06-14T21:03:24.889443+05:30", "level": "DEBUG", "component": "codebase.cleaning.embeddingprepared", "message": "[EmbeddingPrepared] split_text_into_chunks \u2192 11 chunks"}
{"ts": "2026-06-14T21:03:24.889857+05:30", "level": "DEBUG", "component": "codebase.cleaning.embeddingprepared", "message": "[EmbeddingPrepared] split_text_into_chunks \u2192 18 chunks"}
{"ts": "2026-06-14T21:03:24.890309+05:30", "level": "DEBUG", "component": "codebase.cleaning.embeddingprepared", "message": "[EmbeddingPrepared] split_text_into_chunks \u2192 13 chunks"}
{"ts": "2026-06-14T21:03:24.890663+05:30", "level": "DEBUG", "component": "codebase.cleaning.embeddingprepared", "message": "[EmbeddingPrepared] split_text_into_chunks \u2192 11 chunks"}
{"ts": "2026-06-14T21:03:24.890888+05:30", "level": "DEBUG", "component": "codebase.cleaning.embeddingprepared", "message": "[EmbeddingPrepared] split_text_into_chunks \u2192 2 chunks"}
{"ts": "2026-06-14T21:03:24.891066+05:30", "level": "DEBUG", "component": "codebase.cleaning.embeddingprepared", "message": "[EmbeddingPrepared] split_text_into_chunks \u2192 1 chunks"}
{"ts": "2026-06-14T21:03:24.891280+05:30", "level": "DEBUG", "component": "codebase.cleaning.embeddingprepared", "message": "[EmbeddingPrepared] split_text_into_chunks \u2192 6 chunks"}
{"ts": "2026-06-14T21:03:24.891548+05:30", "level": "DEBUG", "component": "codebase.cleaning.embeddingprepared", "message": "[EmbeddingPrepared] split_text_into_chunks \u2192 12 chunks"}
{"ts": "2026-06-14T21:03:24.891857+05:30", "level": "DEBUG", "component": "codebase.cleaning.embeddingprepared", "message": "[EmbeddingPrepared] split_text_into_chunks \u2192 14 chunks"}
{"ts": "2026-06-14T21:03:24.892178+05:30", "level": "DEBUG", "component": "codebase.cleaning.embeddingprepared", "message": "[EmbeddingPrepared] split_text_into_chunks \u2192 13 chunks"}
{"ts": "2026-06-14T21:03:24.892485+05:30", "level": "DEBUG", "component": "codebase.cleaning.embeddingprepared", "message": "[EmbeddingPrepared] split_text_into_chunks \u2192 14 chunks"}
{"ts": "2026-06-14T21:03:24.892725+05:30", "level": "DEBUG", "component": "codebase.cleaning.embeddingprepared", "message": "[EmbeddingPrepared] split_text_into_chunks \u2192 5 chunks"}
{"ts": "2026-06-14T21:03:24.892918+05:30", "level": "DEBUG", "component": "codebase.cleaning.embeddingprepared", "message": "[EmbeddingPrepared] split_text_into_chunks \u2192 4 chunks"}
{"ts": "2026-06-14T21:03:24.893122+05:30", "level": "DEBUG", "component": "codebase.cleaning.embeddingprepared", "message": "[EmbeddingPrepared] split_text_into_chunks \u2192 2 chunks"}
{"ts": "2026-06-14T21:03:24.893319+05:30", "level": "DEBUG", "component": "codebase.cleaning.embeddingprepared", "message": "[EmbeddingPrepared] split_text_into_chunks \u2192 4 chunks"}
{"ts": "2026-06-14T21:03:24.893515+05:30", "level": "DEBUG", "component": "codebase.cleaning.embeddingprepared", "message": "[EmbeddingPrepared] split_text_into_chunks \u2192 4 chunks"}
{"ts": "2026-06-14T21:03:24.893713+05:30", "level": "DEBUG", "component": "codebase.cleaning.embeddingprepared", "message": "[EmbeddingPrepared] split_text_into_chunks \u2192 4 chunks"}
{"ts": "2026-06-14T21:03:24.893888+05:30", "level": "DEBUG", "component": "codebase.cleaning.embeddingprepared", "message": "[EmbeddingPrepared] split_text_into_chunks \u2192 2 chunks"}
{"ts": "2026-06-14T21:03:24.894072+05:30", "level": "DEBUG", "component": "codebase.cleaning.embeddingprepared", "message": "[EmbeddingPrepared] split_text_into_chunks \u2192 2 chunks"}
{"ts": "2026-06-14T21:03:24.894232+05:30", "level": "DEBUG", "component": "codebase.cleaning.embeddingprepared", "message": "[EmbeddingPrepared] split_text_into_chunks \u2192 1 chunks"}
{"ts": "2026-06-14T21:03:24.894394+05:30", "level": "DEBUG", "component": "codebase.cleaning.embeddingprepared", "message": "[EmbeddingPrepared] split_text_into_chunks \u2192 2 chunks"}
{"ts": "2026-06-14T21:03:24.894595+05:30", "level": "DEBUG", "component": "codebase.cleaning.embeddingprepared", "message": "[EmbeddingPrepared] split_text_into_chunks \u2192 4 chunks"}
{"ts": "2026-06-14T21:03:24.894777+05:30", "level": "DEBUG", "component": "codebase.cleaning.embeddingprepared", "message": "[EmbeddingPrepared] split_text_into_chunks \u2192 3 chunks"}
{"ts": "2026-06-14T21:03:24.894934+05:30", "level": "DEBUG", "component": "codebase.cleaning.embeddingprepared", "message": "[EmbeddingPrepared] split_text_into_chunks \u2192 1 chunks"}
{"ts": "2026-06-14T21:03:24.895133+05:30", "level": "DEBUG", "component": "codebase.cleaning.embeddingprepared", "message": "[EmbeddingPrepared] split_text_into_chunks \u2192 4 chunks"}
{"ts": "2026-06-14T21:03:24.895365+05:30", "level": "DEBUG", "component": "codebase.cleaning.embeddingprepared", "message": "[EmbeddingPrepared] split_text_into_chunks \u2192 7 chunks"}
{"ts": "2026-06-14T21:03:24.895599+05:30", "level": "DEBUG", "component": "codebase.cleaning.embeddingprepared", "message": "[EmbeddingPrepared] split_text_into_chunks \u2192 8 chunks"}
{"ts": "2026-06-14T21:03:24.895797+05:30", "level": "DEBUG", "component": "codebase.cleaning.embeddingprepared", "message": "[EmbeddingPrepared] split_text_into_chunks \u2192 3 chunks"}
{"ts": "2026-06-14T21:03:24.895986+05:30", "level": "DEBUG", "component": "codebase.cleaning.embeddingprepared", "message": "[EmbeddingPrepared] split_text_into_chunks \u2192 4 chunks"}
{"ts": "2026-06-14T21:03:24.896252+05:30", "level": "DEBUG", "component": "codebase.cleaning.embeddingprepared", "message": "[EmbeddingPrepared] split_text_into_chunks \u2192 9 chunks"}
{"ts": "2026-06-14T21:03:24.896504+05:30", "level": "DEBUG", "component": "codebase.cleaning.embeddingprepared", "message": "[EmbeddingPrepared] split_text_into_chunks \u2192 9 chunks"}
{"ts": "2026-06-14T21:03:24.896786+05:30", "level": "DEBUG", "component": "codebase.cleaning.embeddingprepared", "message": "[EmbeddingPrepared] split_text_into_chunks \u2192 13 chunks"}
{"ts": "2026-06-14T21:03:24.897045+05:30", "level": "DEBUG", "component": "codebase.cleaning.embeddingprepared", "message": "[EmbeddingPrepared] split_text_into_chunks \u2192 8 chunks"}
{"ts": "2026-06-14T21:03:24.897291+05:30", "level": "DEBUG", "component": "codebase.cleaning.embeddingprepared", "message": "[EmbeddingPrepared] split_text_into_chunks \u2192 10 chunks"}
{"ts": "2026-06-14T21:03:24.897538+05:30", "level": "DEBUG", "component": "codebase.cleaning.embeddingprepared", "message": "[EmbeddingPrepared] split_text_into_chunks \u2192 12 chunks"}
{"ts": "2026-06-14T21:03:24.926803+05:30", "level": "DEBUG", "component": "codebase.cleaning.embeddingprepared", "message": "[EmbeddingPrepared] split_text_into_chunks \u2192 9 chunks"}
{"ts": "2026-06-14T21:03:24.927350+05:30", "level": "DEBUG", "component": "codebase.cleaning.embeddingprepared", "message": "[EmbeddingPrepared] split_text_into_chunks \u2192 11 chunks"}
{"ts": "2026-06-14T21:03:24.927540+05:30", "level": "DEBUG", "component": "codebase.cleaning.embeddingprepared", "message": "[EmbeddingPrepared] split_text_into_chunks \u2192 1 chunks"}
{"ts": "2026-06-14T21:03:24.927700+05:30", "level": "DEBUG", "component": "codebase.cleaning.embeddingprepared", "message": "[EmbeddingPrepared] split_text_into_chunks \u2192 2 chunks"}
{"ts": "2026-06-14T21:03:24.927812+05:30", "level": "DEBUG", "component": "codebase.cleaning.embeddingprepared", "message": "[EmbeddingPrepared] split_text_into_chunks \u2192 1 chunks"}
{"ts": "2026-06-14T21:03:24.927899+05:30", "level": "INFO", "component": "codebase.cleaning.embeddingprepared", "message": "[EmbeddingPrepared] 126 parents and 753 children generated from 126 pages"}
{"ts": "2026-06-14T21:03:24.973140+05:30", "level": "INFO", "component": "codebase.cleaning.embeddingprepared", "message": "[EmbeddingPrepared] Embedding-ready JSON written \u2192 /workspaces/intelligentstockanalyzer/uploads/KALYANKJIL/ANNUAL_2024/KALYANKJIL_ANNUAL_2024_EMBEDDINGREADY.json"}
{"ts": "2026-06-14T21:19:42.544258+05:30", "level": "INFO", "component": "codebase.cleaning.embeddingprepared", "message": "[EmbeddingPrepared] Initialised \u2014 max_words=150, overlap=30"}
{"ts": "2026-06-14T21:19:52.530822+05:30", "level": "INFO", "component": "codebase.cleaning.embeddingprepared", "message": "[EmbeddingPrepared] Initialised \u2014 max_words=150, overlap=30"}
{"ts": "2026-06-14T21:19:53.508220+05:30", "level": "INFO", "component": "codebase.cleaning.embeddingprepared", "message": "[EmbeddingPrepared] prepare_for_embedding: /workspaces/intelligentstockanalyzer/uploads/KALYANKJIL/ANNUAL_2023/KALYANKJIL_ANNUAL_2023_CLEANED.json"}
{"ts": "2026-06-14T21:19:53.512995+05:30", "level": "INFO", "component": "codebase.cleaning.embeddingprepared", "message": "[EmbeddingPrepared] Loaded 111 pages"}
{"ts": "2026-06-14T21:19:53.513138+05:30", "level": "DEBUG", "component": "codebase.cleaning.embeddingprepared", "message": "[EmbeddingPrepared] split_text_into_chunks \u2192 1 chunks"}
{"ts": "2026-06-14T21:19:53.513283+05:30", "level": "DEBUG", "component": "codebase.cleaning.embeddingprepared", "message": "[EmbeddingPrepared] split_text_into_chunks \u2192 2 chunks"}
{"ts": "2026-06-14T21:19:53.513429+05:30", "level": "DEBUG", "component": "codebase.cleaning.embeddingprepared", "message": "[EmbeddingPrepared] split_text_into_chunks \u2192 3 chunks"}
{"ts": "2026-06-14T21:19:53.513601+05:30", "level": "DEBUG", "component": "codebase.cleaning.embeddingprepared", "message": "[EmbeddingPrepared] split_text_into_chunks \u2192 5 chunks"}
{"ts": "2026-06-14T21:19:53.513744+05:30", "level": "DEBUG", "component": "codebase.cleaning.embeddingprepared", "message": "[EmbeddingPrepared] split_text_into_chunks \u2192 2 chunks"}
{"ts": "2026-06-14T21:19:53.513846+05:30", "level": "DEBUG", "component": "codebase.cleaning.embeddingprepared", "message": "[EmbeddingPrepared] split_text_into_chunks \u2192 1 chunks"}
{"ts": "2026-06-14T21:19:53.513941+05:30", "level": "DEBUG", "component": "codebase.cleaning.embeddingprepared", "message": "[EmbeddingPrepared] split_text_into_chunks \u2192 1 chunks"}
{"ts": "2026-06-14T21:19:53.514118+05:30", "level": "DEBUG", "component": "codebase.cleaning.embeddingprepared", "message": "[EmbeddingPrepared] split_text_into_chunks \u2192 4 chunks"}
{"ts": "2026-06-14T21:19:53.514319+05:30", "level": "DEBUG", "component": "codebase.cleaning.embeddingprepared", "message": "[EmbeddingPrepared] split_text_into_chunks \u2192 8 chunks"}
{"ts": "2026-06-14T21:19:53.514596+05:30", "level": "DEBUG", "component": "codebase.cleaning.embeddingprepared", "message": "[EmbeddingPrepared] split_text_into_chunks \u2192 11 chunks"}
{"ts": "2026-06-14T21:19:53.514817+05:30", "level": "DEBUG", "component": "codebase.cleaning.embeddingprepared", "message": "[EmbeddingPrepared] split_text_into_chunks \u2192 5 chunks"}
{"ts": "2026-06-14T21:19:53.514989+05:30", "level": "DEBUG", "component": "codebase.cleaning.embeddingprepared", "message": "[EmbeddingPrepared] split_text_into_chunks \u2192 3 chunks"}
{"ts": "2026-06-14T21:19:53.515224+05:30", "level": "DEBUG", "component": "codebase.cleaning.embeddingprepared", "message": "[EmbeddingPrepared] split_text_into_chunks \u2192 4 chunks"}
{"ts": "2026-06-14T21:19:53.515472+05:30", "level": "DEBUG", "component": "codebase.cleaning.embeddingprepared", "message": "[EmbeddingPrepared] split_text_into_chunks \u2192 6 chunks"}
{"ts": "2026-06-14T21:19:53.515724+05:30", "level": "DEBUG", "component": "codebase.cleaning.embeddingprepared", "message": "[EmbeddingPrepared] split_text_into_chunks \u2192 6 chunks"}
{"ts": "2026-06-14T21:19:53.515899+05:30", "level": "DEBUG", "component": "codebase.cleaning.embeddingprepared", "message": "[EmbeddingPrepared] split_text_into_chunks \u2192 2 chunks"}
{"ts": "2026-06-14T21:19:53.516116+05:30", "level": "DEBUG", "component": "codebase.cleaning.embeddingprepared", "message": "[EmbeddingPrepared] split_text_into_chunks \u2192 6 chunks"}
{"ts": "2026-06-14T21:19:53.516323+05:30", "level": "DEBUG", "component": "codebase.cleaning.embeddingprepared", "message": "[EmbeddingPrepared] split_text_into_chunks \u2192 3 chunks"}
{"ts": "2026-06-14T21:19:53.516546+05:30", "level": "DEBUG", "component": "codebase.cleaning.embeddingprepared", "message": "[EmbeddingPrepared] split_text_into_chunks \u2192 6 chunks"}
{"ts": "2026-06-14T21:19:53.516740+05:30", "level": "DEBUG", "component": "codebase.cleaning.embeddingprepared", "message": "[EmbeddingPrepared] split_text_into_chunks \u2192 3 chunks"}
{"ts": "2026-06-14T21:19:53.516908+05:30", "level": "DEBUG", "component": "codebase.cleaning.embeddingprepared", "message": "[EmbeddingPrepared] split_text_into_chunks \u2192 3 chunks"}
{"ts": "2026-06-14T21:19:53.517177+05:30", "level": "DEBUG", "component": "codebase.cleaning.embeddingprepared", "message": "[EmbeddingPrepared] split_text_into_chunks \u2192 10 chunks"}
{"ts": "2026-06-14T21:19:53.517547+05:30", "level": "DEBUG", "component": "codebase.cleaning.embeddingprepared", "message": "[EmbeddingPrepared] split_text_into_chunks \u2192 14 chunks"}
{"ts": "2026-06-14T21:19:53.517933+05:30", "level": "DEBUG", "component": "codebase.cleaning.embeddingprepared", "message": "[EmbeddingPrepared] split_text_into_chunks \u2192 12 chunks"}
{"ts": "2026-06-14T21:19:53.518269+05:30", "level": "DEBUG", "component": "codebase.cleaning.embeddingprepared", "message": "[EmbeddingPrepared] split_text_into_chunks \u2192 8 chunks"}
{"ts": "2026-06-14T21:19:53.518645+05:30", "level": "DEBUG", "component": "codebase.cleaning.embeddingprepared", "message": "[EmbeddingPrepared] split_text_into_chunks \u2192 15 chunks"}
{"ts": "2026-06-14T21:19:53.519048+05:30", "level": "DEBUG", "component": "codebase.cleaning.embeddingprepared", "message": "[EmbeddingPrepared] split_text_into_chunks \u2192 16 chunks"}
{"ts": "2026-06-14T21:19:53.519445+05:30", "level": "DEBUG", "component": "codebase.cleaning.embeddingprepared", "message": "[EmbeddingPrepared] split_text_into_chunks \u2192 15 chunks"}
{"ts": "2026-06-14T21:19:53.519851+05:30", "level": "DEBUG", "component": "codebase.cleaning.embeddingprepared", "message": "[EmbeddingPrepared] split_text_into_chunks \u2192 17 chunks"}
{"ts": "2026-06-14T21:19:53.520171+05:30", "level": "DEBUG", "component": "codebase.cleaning.embeddingprepared", "message": "[EmbeddingPrepared] split_text_into_chunks \u2192 8 chunks"}
{"ts": "2026-06-14T21:19:53.520472+05:30", "level": "DEBUG", "component": "codebase.cleaning.embeddingprepared", "message": "[EmbeddingPrepared] split_text_into_chunks \u2192 9 chunks"}
{"ts": "2026-06-14T21:19:53.520725+05:30", "level": "DEBUG", "component": "codebase.cleaning.embeddingprepared", "message": "[EmbeddingPrepared] split_text_into_chunks \u2192 6 chunks"}
{"ts": "2026-06-14T21:19:53.520956+05:30", "level": "DEBUG", "component": "codebase.cleaning.embeddingprepared", "message": "[EmbeddingPrepared] split_text_into_chunks \u2192 5 chunks"}
{"ts": "2026-06-14T21:19:53.521269+05:30", "level": "DEBUG", "component": "codebase.cleaning.embeddingprepared", "message": "[EmbeddingPrepared] split_text_into_chunks \u2192 10 chunks"}
{"ts": "2026-06-14T21:19:53.521544+05:30", "level": "DEBUG", "component": "codebase.cleaning.embeddingprepared", "message": "[EmbeddingPrepared] split_text_into_chunks \u2192 6 chunks"}
{"ts": "2026-06-14T21:19:53.521830+05:30", "level": "DEBUG", "component": "codebase.cleaning.embeddingprepared", "message": "[EmbeddingPrepared] split_text_into_chunks \u2192 4 chunks"}
{"ts": "2026-06-14T21:19:53.522053+05:30", "level": "DEBUG", "component": "codebase.cleaning.embeddingprepared", "message": "[EmbeddingPrepared] split_text_into_chunks \u2192 5 chunks"}
{"ts": "2026-06-14T21:19:53.522416+05:30", "level": "DEBUG", "component": "codebase.cleaning.embeddingprepared", "message": "[EmbeddingPrepared] split_text_into_chunks \u2192 10 chunks"}
{"ts": "2026-06-14T21:19:53.522686+05:30", "level": "DEBUG", "component": "codebase.cleaning.embeddingprepared", "message": "[EmbeddingPrepared] split_text_into_chunks \u2192 5 chunks"}
{"ts": "2026-06-14T21:19:53.522872+05:30", "level": "DEBUG", "component": "codebase.cleaning.embeddingprepared", "message": "[EmbeddingPrepared] split_text_into_chunks \u2192 2 chunks"}
{"ts": "2026-06-14T21:19:53.523077+05:30", "level": "DEBUG", "component": "codebase.cleaning.embeddingprepared", "message": "[EmbeddingPrepared] split_text_into_chunks \u2192 5 chunks"}
{"ts": "2026-06-14T21:19:53.523281+05:30", "level": "DEBUG", "component": "codebase.cleaning.embeddingprepared", "message": "[EmbeddingPrepared] split_text_into_chunks \u2192 5 chunks"}
{"ts": "2026-06-14T21:19:53.523510+05:30", "level": "DEBUG", "component": "codebase.cleaning.embeddingprepared", "message": "[EmbeddingPrepared] split_text_into_chunks \u2192 4 chunks"}
{"ts": "2026-06-14T21:19:53.523713+05:30", "level": "DEBUG", "component": "codebase.cleaning.embeddingprepared", "message": "[EmbeddingPrepared] split_text_into_chunks \u2192 6 chunks"}
{"ts": "2026-06-14T21:19:53.523908+05:30", "level": "DEBUG", "component": "codebase.cleaning.embeddingprepared", "message": "[EmbeddingPrepared] split_text_into_chunks \u2192 4 chunks"}
{"ts": "2026-06-14T21:19:53.524122+05:30", "level": "DEBUG", "component": "codebase.cleaning.embeddingprepared", "message": "[EmbeddingPrepared] split_text_into_chunks \u2192 5 chunks"}
{"ts": "2026-06-14T21:19:53.524338+05:30", "level": "DEBUG", "component": "codebase.cleaning.embeddingprepared", "message": "[EmbeddingPrepared] split_text_into_chunks \u2192 5 chunks"}
{"ts": "2026-06-14T21:19:53.524565+05:30", "level": "DEBUG", "component": "codebase.cleaning.embeddingprepared", "message": "[EmbeddingPrepared] split_text_into_chunks \u2192 7 chunks"}
{"ts": "2026-06-14T21:19:53.524903+05:30", "level": "DEBUG", "component": "codebase.cleaning.embeddingprepared", "message": "[EmbeddingPrepared] split_text_into_chunks \u2192 14 chunks"}
{"ts": "2026-06-14T21:19:53.525262+05:30", "level": "DEBUG", "component": "codebase.cleaning.embeddingprepared", "message": "[EmbeddingPrepared] split_text_into_chunks \u2192 16 chunks"}
{"ts": "2026-06-14T21:19:53.525614+05:30", "level": "DEBUG", "component": "codebase.cleaning.embeddingprepared", "message": "[EmbeddingPrepared] split_text_into_chunks \u2192 11 chunks"}
{"ts": "2026-06-14T21:19:53.525944+05:30", "level": "DEBUG", "component": "codebase.cleaning.embeddingprepared", "message": "[EmbeddingPrepared] split_text_into_chunks \u2192 11 chunks"}
{"ts": "2026-06-14T21:19:53.526255+05:30", "level": "DEBUG", "component": "codebase.cleaning.embeddingprepared", "message": "[EmbeddingPrepared] split_text_into_chunks \u2192 11 chunks"}
{"ts": "2026-06-14T21:19:53.526490+05:30", "level": "DEBUG", "component": "codebase.cleaning.embeddingprepared", "message": "[EmbeddingPrepared] split_text_into_chunks \u2192 2 chunks"}
{"ts": "2026-06-14T21:19:53.526651+05:30", "level": "DEBUG", "component": "codebase.cleaning.embeddingprepared", "message": "[EmbeddingPrepared] split_text_into_chunks \u2192 2 chunks"}
{"ts": "2026-06-14T21:19:53.526902+05:30", "level": "DEBUG", "component": "codebase.cleaning.embeddingprepared", "message": "[EmbeddingPrepared] split_text_into_chunks \u2192 9 chunks"}
{"ts": "2026-06-14T21:19:53.527309+05:30", "level": "DEBUG", "component": "codebase.cleaning.embeddingprepared", "message": "[EmbeddingPrepared] split_text_into_chunks \u2192 16 chunks"}
{"ts": "2026-06-14T21:19:53.527731+05:30", "level": "DEBUG", "component": "codebase.cleaning.embeddingprepared", "message": "[EmbeddingPrepared] split_text_into_chunks \u2192 16 chunks"}
{"ts": "2026-06-14T21:19:53.528144+05:30", "level": "DEBUG", "component": "codebase.cleaning.embeddingprepared", "message": "[EmbeddingPrepared] split_text_into_chunks \u2192 14 chunks"}
{"ts": "2026-06-14T21:19:53.528415+05:30", "level": "DEBUG", "component": "codebase.cleaning.embeddingprepared", "message": "[EmbeddingPrepared] split_text_into_chunks \u2192 5 chunks"}
{"ts": "2026-06-14T21:19:53.528616+05:30", "level": "DEBUG", "component": "codebase.cleaning.embeddingprepared", "message": "[EmbeddingPrepared] split_text_into_chunks \u2192 3 chunks"}
{"ts": "2026-06-14T21:19:53.528813+05:30", "level": "DEBUG", "component": "codebase.cleaning.embeddingprepared", "message": "[EmbeddingPrepared] split_text_into_chunks \u2192 4 chunks"}
{"ts": "2026-06-14T21:19:53.529055+05:30", "level": "DEBUG", "component": "codebase.cleaning.embeddingprepared", "message": "[EmbeddingPrepared] split_text_into_chunks \u2192 5 chunks"}
{"ts": "2026-06-14T21:19:53.529239+05:30", "level": "DEBUG", "component": "codebase.cleaning.embeddingprepared", "message": "[EmbeddingPrepared] split_text_into_chunks \u2192 4 chunks"}
{"ts": "2026-06-14T21:19:53.529430+05:30", "level": "DEBUG", "component": "codebase.cleaning.embeddingprepared", "message": "[EmbeddingPrepared] split_text_into_chunks \u2192 7 chunks"}
{"ts": "2026-06-14T21:19:53.529595+05:30", "level": "DEBUG", "component": "codebase.cleaning.embeddingprepared", "message": "[EmbeddingPrepared] split_text_into_chunks \u2192 2 chunks"}
{"ts": "2026-06-14T21:19:53.529762+05:30", "level": "DEBUG", "component": "codebase.cleaning.embeddingprepared", "message": "[EmbeddingPrepared] split_text_into_chunks \u2192 4 chunks"}
{"ts": "2026-06-14T21:19:53.529938+05:30", "level": "DEBUG", "component": "codebase.cleaning.embeddingprepared", "message": "[EmbeddingPrepared] split_text_into_chunks \u2192 6 chunks"}
{"ts": "2026-06-14T21:19:53.530158+05:30", "level": "DEBUG", "component": "codebase.cleaning.embeddingprepared", "message": "[EmbeddingPrepared] split_text_into_chunks \u2192 4 chunks"}
{"ts": "2026-06-14T21:19:53.530286+05:30", "level": "DEBUG", "component": "codebase.cleaning.embeddingprepared", "message": "[EmbeddingPrepared] split_text_into_chunks \u2192 1 chunks"}
{"ts": "2026-06-14T21:19:53.530387+05:30", "level": "DEBUG", "component": "codebase.cleaning.embeddingprepared", "message": "[EmbeddingPrepared] split_text_into_chunks \u2192 1 chunks"}
{"ts": "2026-06-14T21:19:53.530597+05:30", "level": "DEBUG", "component": "codebase.cleaning.embeddingprepared", "message": "[EmbeddingPrepared] split_text_into_chunks \u2192 7 chunks"}
{"ts": "2026-06-14T21:19:53.530815+05:30", "level": "DEBUG", "component": "codebase.cleaning.embeddingprepared", "message": "[EmbeddingPrepared] split_text_into_chunks \u2192 8 chunks"}
{"ts": "2026-06-14T21:19:53.531042+05:30", "level": "DEBUG", "component": "codebase.cleaning.embeddingprepared", "message": "[EmbeddingPrepared] split_text_into_chunks \u2192 5 chunks"}
{"ts": "2026-06-14T21:19:53.531277+05:30", "level": "DEBUG", "component": "codebase.cleaning.embeddingprepared", "message": "[EmbeddingPrepared] split_text_into_chunks \u2192 9 chunks"}
{"ts": "2026-06-14T21:19:53.531522+05:30", "level": "DEBUG", "component": "codebase.cleaning.embeddingprepared", "message": "[EmbeddingPrepared] split_text_into_chunks \u2192 13 chunks"}
{"ts": "2026-06-14T21:19:53.531836+05:30", "level": "DEBUG", "component": "codebase.cleaning.embeddingprepared", "message": "[EmbeddingPrepared] split_text_into_chunks \u2192 18 chunks"}
{"ts": "2026-06-14T21:19:53.532108+05:30", "level": "DEBUG", "component": "codebase.cleaning.embeddingprepared", "message": "[EmbeddingPrepared] split_text_into_chunks \u2192 10 chunks"}
{"ts": "2026-06-14T21:19:53.532415+05:30", "level": "DEBUG", "component": "codebase.cleaning.embeddingprepared", "message": "[EmbeddingPrepared] split_text_into_chunks \u2192 11 chunks"}
{"ts": "2026-06-14T21:19:53.532617+05:30", "level": "DEBUG", "component": "codebase.cleaning.embeddingprepared", "message": "[EmbeddingPrepared] split_text_into_chunks \u2192 2 chunks"}
{"ts": "2026-06-14T21:19:53.532765+05:30", "level": "DEBUG", "component": "codebase.cleaning.embeddingprepared", "message": "[EmbeddingPrepared] split_text_into_chunks \u2192 2 chunks"}
{"ts": "2026-06-14T21:19:53.532966+05:30", "level": "DEBUG", "component": "codebase.cleaning.embeddingprepared", "message": "[EmbeddingPrepared] split_text_into_chunks \u2192 6 chunks"}
{"ts": "2026-06-14T21:19:53.533276+05:30", "level": "DEBUG", "component": "codebase.cleaning.embeddingprepared", "message": "[EmbeddingPrepared] split_text_into_chunks \u2192 14 chunks"}
{"ts": "2026-06-14T21:19:53.533613+05:30", "level": "DEBUG", "component": "codebase.cleaning.embeddingprepared", "message": "[EmbeddingPrepared] split_text_into_chunks \u2192 17 chunks"}
{"ts": "2026-06-14T21:19:53.533933+05:30", "level": "DEBUG", "component": "codebase.cleaning.embeddingprepared", "message": "[EmbeddingPrepared] split_text_into_chunks \u2192 16 chunks"}
{"ts": "2026-06-14T21:19:53.534255+05:30", "level": "DEBUG", "component": "codebase.cleaning.embeddingprepared", "message": "[EmbeddingPrepared] split_text_into_chunks \u2192 14 chunks"}
{"ts": "2026-06-14T21:19:53.534452+05:30", "level": "DEBUG", "component": "codebase.cleaning.embeddingprepared", "message": "[EmbeddingPrepared] split_text_into_chunks \u2192 2 chunks"}
{"ts": "2026-06-14T21:19:53.534622+05:30", "level": "DEBUG", "component": "codebase.cleaning.embeddingprepared", "message": "[EmbeddingPrepared] split_text_into_chunks \u2192 4 chunks"}
{"ts": "2026-06-14T21:19:53.534811+05:30", "level": "DEBUG", "component": "codebase.cleaning.embeddingprepared", "message": "[EmbeddingPrepared] split_text_into_chunks \u2192 5 chunks"}
{"ts": "2026-06-14T21:19:53.534993+05:30", "level": "DEBUG", "component": "codebase.cleaning.embeddingprepared", "message": "[EmbeddingPrepared] split_text_into_chunks \u2192 4 chunks"}
{"ts": "2026-06-14T21:19:53.535224+05:30", "level": "DEBUG", "component": "codebase.cleaning.embeddingprepared", "message": "[EmbeddingPrepared] split_text_into_chunks \u2192 5 chunks"}
{"ts": "2026-06-14T21:19:53.535385+05:30", "level": "DEBUG", "component": "codebase.cleaning.embeddingprepared", "message": "[EmbeddingPrepared] split_text_into_chunks \u2192 2 chunks"}
{"ts": "2026-06-14T21:19:53.535541+05:30", "level": "DEBUG", "component": "codebase.cleaning.embeddingprepared", "message": "[EmbeddingPrepared] split_text_into_chunks \u2192 2 chunks"}
{"ts": "2026-06-14T21:19:53.535704+05:30", "level": "DEBUG", "component": "codebase.cleaning.embeddingprepared", "message": "[EmbeddingPrepared] split_text_into_chunks \u2192 3 chunks"}
{"ts": "2026-06-14T21:19:53.535884+05:30", "level": "DEBUG", "component": "codebase.cleaning.embeddingprepared", "message": "[EmbeddingPrepared] split_text_into_chunks \u2192 4 chunks"}
{"ts": "2026-06-14T21:19:53.536054+05:30", "level": "DEBUG", "component": "codebase.cleaning.embeddingprepared", "message": "[EmbeddingPrepared] split_text_into_chunks \u2192 2 chunks"}
{"ts": "2026-06-14T21:19:53.536214+05:30", "level": "DEBUG", "component": "codebase.cleaning.embeddingprepared", "message": "[EmbeddingPrepared] split_text_into_chunks \u2192 3 chunks"}
{"ts": "2026-06-14T21:19:53.536406+05:30", "level": "DEBUG", "component": "codebase.cleaning.embeddingprepared", "message": "[EmbeddingPrepared] split_text_into_chunks \u2192 6 chunks"}
{"ts": "2026-06-14T21:19:53.536624+05:30", "level": "DEBUG", "component": "codebase.cleaning.embeddingprepared", "message": "[EmbeddingPrepared] split_text_into_chunks \u2192 9 chunks"}
{"ts": "2026-06-14T21:19:53.536807+05:30", "level": "DEBUG", "component": "codebase.cleaning.embeddingprepared", "message": "[EmbeddingPrepared] split_text_into_chunks \u2192 3 chunks"}
{"ts": "2026-06-14T21:19:53.537072+05:30", "level": "DEBUG", "component": "codebase.cleaning.embeddingprepared", "message": "[EmbeddingPrepared] split_text_into_chunks \u2192 10 chunks"}
{"ts": "2026-06-14T21:19:53.537345+05:30", "level": "DEBUG", "component": "codebase.cleaning.embeddingprepared", "message": "[EmbeddingPrepared] split_text_into_chunks \u2192 11 chunks"}
{"ts": "2026-06-14T21:19:53.537619+05:30", "level": "DEBUG", "component": "codebase.cleaning.embeddingprepared", "message": "[EmbeddingPrepared] split_text_into_chunks \u2192 13 chunks"}
{"ts": "2026-06-14T21:19:53.537864+05:30", "level": "DEBUG", "component": "codebase.cleaning.embeddingprepared", "message": "[EmbeddingPrepared] split_text_into_chunks \u2192 11 chunks"}
{"ts": "2026-06-14T21:19:53.538105+05:30", "level": "DEBUG", "component": "codebase.cleaning.embeddingprepared", "message": "[EmbeddingPrepared] split_text_into_chunks \u2192 6 chunks"}
{"ts": "2026-06-14T21:19:53.538377+05:30", "level": "DEBUG", "component": "codebase.cleaning.embeddingprepared", "message": "[EmbeddingPrepared] split_text_into_chunks \u2192 15 chunks"}
{"ts": "2026-06-14T21:19:53.538670+05:30", "level": "DEBUG", "component": "codebase.cleaning.embeddingprepared", "message": "[EmbeddingPrepared] split_text_into_chunks \u2192 16 chunks"}
{"ts": "2026-06-14T21:19:53.538921+05:30", "level": "DEBUG", "component": "codebase.cleaning.embeddingprepared", "message": "[EmbeddingPrepared] split_text_into_chunks \u2192 8 chunks"}
{"ts": "2026-06-14T21:19:53.539091+05:30", "level": "DEBUG", "component": "codebase.cleaning.embeddingprepared", "message": "[EmbeddingPrepared] split_text_into_chunks \u2192 1 chunks"}
{"ts": "2026-06-14T21:19:53.539251+05:30", "level": "DEBUG", "component": "codebase.cleaning.embeddingprepared", "message": "[EmbeddingPrepared] split_text_into_chunks \u2192 2 chunks"}
{"ts": "2026-06-14T21:19:53.539368+05:30", "level": "DEBUG", "component": "codebase.cleaning.embeddingprepared", "message": "[EmbeddingPrepared] split_text_into_chunks \u2192 1 chunks"}
{"ts": "2026-06-14T21:19:53.539473+05:30", "level": "INFO", "component": "codebase.cleaning.embeddingprepared", "message": "[EmbeddingPrepared] 111 parents and 771 children generated from 111 pages"}
{"ts": "2026-06-14T21:19:53.578503+05:30", "level": "INFO", "component": "codebase.cleaning.embeddingprepared", "message": "[EmbeddingPrepared] Embedding-ready JSON written \u2192 /workspaces/intelligentstockanalyzer/uploads/KALYANKJIL/ANNUAL_2023/KALYANKJIL_ANNUAL_2023_EMBEDDINGREADY.json"}
